TN:
SF:src\app.controller.ts
FN:6,(anonymous_2)
FN:9,(anonymous_3)
FN:14,(anonymous_4)
FNF:3
FNH:0
FNDA:0,(anonymous_2)
FNDA:0,(anonymous_3)
FNDA:0,(anonymous_4)
DA:1,0
DA:2,0
DA:5,0
DA:6,0
DA:9,0
DA:10,0
DA:14,0
DA:15,0
DA:17,0
DA:18,0
DA:21,0
LF:11
LH:0
BRDA:17,0,0,0
BRF:1
BRH:0
end_of_record
TN:
SF:src\app.module.ts
FN:32,(anonymous_1)
FNF:1
FNH:0
FNDA:0,(anonymous_1)
DA:1,0
DA:2,0
DA:3,0
DA:4,0
DA:5,0
DA:6,0
DA:7,0
DA:8,0
DA:9,0
DA:10,0
DA:11,0
DA:12,0
DA:13,0
DA:14,0
DA:15,0
DA:16,0
DA:17,0
DA:18,0
DA:19,0
DA:20,0
DA:21,0
DA:22,0
DA:32,0
DA:69,0
LF:24
LH:0
BRF:0
BRH:0
end_of_record
TN:
SF:src\app.service.ts
FN:7,(anonymous_4)
FN:9,(anonymous_5)
FN:13,(anonymous_6)
FN:31,(anonymous_7)
FNF:4
FNH:0
FNDA:0,(anonymous_4)
FNDA:0,(anonymous_5)
FNDA:0,(anonymous_6)
FNDA:0,(anonymous_7)
DA:1,0
DA:2,0
DA:3,0
DA:6,0
DA:7,0
DA:10,0
DA:14,0
DA:16,0
DA:32,0
DA:33,0
DA:34,0
DA:36,0
LF:12
LH:0
BRDA:17,0,0,0
BRDA:17,0,1,0
BRDA:25,1,0,0
BRDA:25,1,1,0
BRF:4
BRH:0
end_of_record
TN:
SF:src\data-source.ts
FNF:0
FNH:0
DA:1,0
DA:2,0
DA:3,0
DA:4,0
DA:7,0
DA:13,0
LF:6
LH:0
BRDA:15,0,0,0
BRDA:15,0,1,0
BRDA:16,1,0,0
BRDA:16,1,1,0
BRDA:17,2,0,0
BRDA:17,2,1,0
BRDA:18,3,0,0
BRDA:18,3,1,0
BRDA:19,4,0,0
BRDA:19,4,1,0
BRF:10
BRH:0
end_of_record
TN:
SF:src\entities.ts
FNF:0
FNH:0
DA:5,0
DA:8,0
DA:9,0
DA:10,0
DA:13,0
DA:16,0
DA:17,0
DA:18,0
DA:21,0
DA:22,0
DA:23,0
DA:24,0
DA:27,0
DA:28,0
DA:31,0
DA:32,0
DA:35,0
DA:36,0
DA:39,0
DA:40,0
DA:43,0
DA:46,0
DA:47,0
DA:48,0
DA:51,0
DA:52,0
DA:55,0
DA:56,0
DA:57,0
DA:58,0
DA:59,0
DA:62,0
DA:65,0
LF:33
LH:0
BRF:0
BRH:0
end_of_record
TN:
SF:src\migrations.ts
FNF:0
FNH:0
DA:5,0
DA:6,0
DA:7,0
DA:8,0
DA:9,0
DA:10,0
DA:12,0
LF:7
LH:0
BRF:0
BRH:0
end_of_record
TN:
SF:src\common\enums\iva-condition.enum.ts
FN:5,(anonymous_0)
FNF:1
FNH:1
FNDA:3,(anonymous_0)
DA:5,3
DA:6,3
DA:7,3
DA:8,3
DA:9,3
LF:5
LH:5
BRDA:5,0,0,3
BRDA:5,0,1,3
BRF:2
BRH:2
end_of_record
TN:
SF:src\common\utils\color.utils.ts
FN:37,generateRandomColor
FN:48,generateColorFromName
FNF:2
FNH:0
FNDA:0,generateRandomColor
FNDA:0,generateColorFromName
DA:10,0
DA:37,0
DA:38,0
DA:39,0
DA:48,0
DA:50,0
DA:51,0
DA:52,0
DA:56,0
DA:57,0
LF:10
LH:0
BRDA:52,0,0,0
BRDA:52,0,1,0
BRF:2
BRH:0
end_of_record
TN:
SF:src\common\utils\date.utils.ts
FN:18,parseLocalDate
FN:41,formatDateLocal
FN:53,getTodayLocal
FN:64,isValidDateString
FN:82,getFirstDayOfMonth
FN:94,getLastDayOfMonth
FN:106,getMonthRange
FN:122,getTodayLocalDate
FNF:8
FNH:0
FNDA:0,parseLocalDate
FNDA:0,formatDateLocal
FNDA:0,getTodayLocal
FNDA:0,isValidDateString
FNDA:0,getFirstDayOfMonth
FNDA:0,getLastDayOfMonth
FNDA:0,getMonthRange
FNDA:0,getTodayLocalDate
DA:18,3
DA:20,0
DA:22,0
DA:24,0
DA:25,0
DA:30,0
DA:31,0
DA:32,0
DA:41,3
DA:42,0
DA:43,0
DA:44,0
DA:45,0
DA:53,3
DA:54,0
DA:55,0
DA:64,3
DA:65,0
DA:66,0
DA:68,0
DA:69,0
DA:70,0
DA:72,0
DA:82,3
DA:83,0
DA:84,0
DA:85,0
DA:94,3
DA:95,0
DA:96,0
DA:97,0
DA:106,3
DA:110,0
DA:122,3
DA:123,0
DA:124,0
LF:36
LH:8
BRDA:20,0,0,0
BRDA:24,1,0,0
BRDA:66,2,0,0
BRDA:70,3,0,0
BRDA:70,3,1,0
BRDA:82,4,0,0
BRDA:94,5,0,0
BRDA:106,6,0,0
BRF:8
BRH:0
end_of_record
TN:
SF:src\common\utils\payment.utils.ts
FN:11,resolveIsPaidStatus
FN:21,validatePaymentMethod
FN:41,resolvePaidDate
FN:72,createCashMovementData
FN:100,handleCashRegisterError
FNF:5
FNH:0
FNDA:0,resolveIsPaidStatus
FNDA:0,validatePaymentMethod
FNDA:0,resolvePaidDate
FNDA:0,createCashMovementData
FNDA:0,handleCashRegisterError
DA:11,0
DA:12,0
DA:21,0
DA:25,0
DA:26,0
DA:31,0
DA:41,0
DA:46,0
DA:47,0
DA:49,0
DA:72,0
DA:80,0
DA:87,0
DA:88,0
DA:90,0
DA:100,0
DA:101,0
DA:103,0
DA:104,0
DA:107,0
LF:20
LH:0
BRDA:12,0,0,0
BRDA:12,0,1,0
BRDA:25,1,0,0
BRDA:25,2,0,0
BRDA:25,2,1,0
BRDA:46,3,0,0
BRDA:49,4,0,0
BRDA:49,4,1,0
BRDA:87,5,0,0
BRDA:87,5,1,0
BRDA:103,6,0,0
BRF:11
BRH:0
end_of_record
TN:
SF:src\modules\audit\audit.controller.ts
FN:31,(anonymous_4)
FN:39,(anonymous_5)
FN:51,(anonymous_6)
FN:65,(anonymous_7)
FNF:4
FNH:0
FNDA:0,(anonymous_4)
FNDA:0,(anonymous_5)
FNDA:0,(anonymous_6)
FNDA:0,(anonymous_7)
DA:5,0
DA:13,0
DA:20,0
DA:21,0
DA:23,0
DA:24,0
DA:30,0
DA:31,0
DA:39,0
DA:40,0
DA:51,0
DA:55,0
DA:65,0
DA:69,0
LF:14
LH:0
BRF:0
BRH:0
end_of_record
TN:
SF:src\modules\audit\audit.module.ts
FNF:0
FNH:0
DA:5,0
DA:6,0
DA:7,0
DA:8,0
DA:9,0
DA:18,0
LF:6
LH:0
BRF:0
BRH:0
end_of_record
TN:
SF:src\modules\audit\audit.service.ts
FN:35,(anonymous_4)
FN:45,(anonymous_5)
FN:74,(anonymous_6)
FN:86,(anonymous_7)
FN:97,(anonymous_8)
FN:133,(anonymous_9)
FN:181,(anonymous_10)
FN:197,(anonymous_11)
FNF:8
FNH:0
FNDA:0,(anonymous_4)
FNDA:0,(anonymous_5)
FNDA:0,(anonymous_6)
FNDA:0,(anonymous_7)
FNDA:0,(anonymous_8)
FNDA:0,(anonymous_9)
FNDA:0,(anonymous_10)
FNDA:0,(anonymous_11)
DA:5,3
DA:6,3
DA:7,3
DA:8,3
DA:9,3
DA:32,3
DA:33,0
DA:37,0
DA:46,0
DA:47,0
DA:58,0
DA:59,0
DA:62,0
DA:65,0
DA:66,0
DA:75,0
DA:76,0
DA:79,0
DA:87,0
DA:98,0
DA:99,0
DA:100,0
DA:102,0
DA:107,0
DA:108,0
DA:111,0
DA:112,0
DA:115,0
DA:117,0
DA:119,0
DA:121,0
DA:134,0
DA:135,0
DA:136,0
DA:138,0
DA:143,0
DA:144,0
DA:147,0
DA:148,0
DA:151,0
DA:152,0
DA:155,0
DA:156,0
DA:159,0
DA:160,0
DA:163,0
DA:165,0
DA:167,0
DA:169,0
DA:182,0
DA:183,0
DA:187,0
DA:188,0
DA:189,0
DA:190,0
DA:202,0
DA:211,0
DA:221,0
DA:222,0
DA:223,0
DA:225,0
LF:61
LH:6
BRDA:52,0,0,0
BRDA:52,0,1,0
BRDA:53,1,0,0
BRDA:53,1,1,0
BRDA:54,2,0,0
BRDA:54,2,1,0
BRDA:55,3,0,0
BRDA:55,3,1,0
BRDA:98,4,0,0
BRDA:98,4,1,0
BRDA:99,5,0,0
BRDA:99,5,1,0
BRDA:107,6,0,0
BRDA:111,7,0,0
BRDA:134,8,0,0
BRDA:134,8,1,0
BRDA:135,9,0,0
BRDA:135,9,1,0
BRDA:143,10,0,0
BRDA:147,11,0,0
BRDA:151,12,0,0
BRDA:155,13,0,0
BRDA:159,14,0,0
BRDA:182,15,0,0
BRDA:182,15,1,0
BRDA:182,16,0,0
BRDA:182,16,1,0
BRDA:187,17,0,0
BRDA:187,17,1,0
BRDA:189,18,0,0
BRDA:221,19,0,0
BRDA:221,19,1,0
BRDA:222,20,0,0
BRDA:222,20,1,0
BRDA:223,21,0,0
BRDA:223,21,1,0
BRF:36
BRH:0
end_of_record
TN:
SF:src\modules\audit\index.ts
FNF:0
FNH:0
DA:1,0
DA:2,0
DA:3,0
DA:4,0
DA:5,0
DA:6,0
LF:6
LH:0
BRF:0
BRH:0
end_of_record
TN:
SF:src\modules\audit\dto\index.ts
FNF:0
FNH:0
DA:1,0
LF:1
LH:0
BRF:0
BRH:0
end_of_record
TN:
SF:src\modules\audit\entities\index.ts
FNF:0
FNH:0
DA:1,0
LF:1
LH:0
BRF:0
BRH:0
end_of_record
TN:
SF:src\modules\audit\enums\audit.enums.ts
FN:5,(anonymous_0)
FN:18,(anonymous_1)
FNF:2
FNH:2
FNDA:3,(anonymous_0)
FNDA:3,(anonymous_1)
DA:5,3
DA:6,3
DA:7,3
DA:8,3
DA:9,3
DA:10,3
DA:11,3
DA:18,3
DA:19,3
DA:20,3
DA:21,3
DA:22,3
DA:23,3
DA:24,3
DA:25,3
LF:15
LH:15
BRDA:5,0,0,3
BRDA:5,0,1,3
BRDA:18,1,0,3
BRDA:18,1,1,3
BRF:4
BRH:4
end_of_record
TN:
SF:src\modules\audit\enums\index.ts
FNF:0
FNH:0
DA:1,3
LF:1
LH:1
BRF:0
BRH:0
end_of_record
TN:
SF:src\modules\auth\auth.controller.ts
FN:35,(anonymous_4)
FN:48,(anonymous_5)
FN:61,(anonymous_6)
FN:78,(anonymous_7)
FN:87,(anonymous_8)
FN:99,(anonymous_9)
FN:110,(anonymous_10)
FNF:7
FNH:0
FNDA:0,(anonymous_4)
FNDA:0,(anonymous_5)
FNDA:0,(anonymous_6)
FNDA:0,(anonymous_7)
FNDA:0,(anonymous_8)
FNDA:0,(anonymous_9)
FNDA:0,(anonymous_10)
DA:1,0
DA:11,0
DA:18,0
DA:19,0
DA:20,0
DA:21,0
DA:23,0
DA:34,0
DA:35,0
DA:48,0
DA:52,0
DA:61,0
DA:62,0
DA:78,0
DA:79,0
DA:87,0
DA:91,0
DA:99,0
DA:100,0
DA:110,0
DA:114,0
LF:21
LH:0
BRF:0
BRH:0
end_of_record
TN:
SF:src\modules\auth\auth.module.ts
FN:24,(anonymous_1)
FNF:1
FNH:0
FNDA:0,(anonymous_1)
DA:1,0
DA:2,0
DA:3,0
DA:4,0
DA:5,0
DA:6,0
DA:7,0
DA:8,0
DA:9,0
DA:10,0
DA:11,0
DA:12,0
DA:13,0
DA:14,0
DA:15,0
DA:24,0
DA:42,0
LF:17
LH:0
BRF:0
BRH:0
end_of_record
TN:
SF:src\modules\auth\auth.service.ts
FN:19,(anonymous_4)
FN:28,(anonymous_5)
FN:44,(anonymous_6)
FN:85,(anonymous_7)
FN:110,(anonymous_8)
FN:132,(anonymous_9)
FN:142,(anonymous_10)
FN:162,(anonymous_11)
FN:177,(anonymous_12)
FNF:9
FNH:0
FNDA:0,(anonymous_4)
FNDA:0,(anonymous_5)
FNDA:0,(anonymous_6)
FNDA:0,(anonymous_7)
FNDA:0,(anonymous_8)
FNDA:0,(anonymous_9)
FNDA:0,(anonymous_10)
FNDA:0,(anonymous_11)
FNDA:0,(anonymous_12)
DA:1,0
DA:6,0
DA:7,0
DA:8,0
DA:9,0
DA:13,0
DA:14,0
DA:15,0
DA:18,0
DA:20,0
DA:21,0
DA:22,0
DA:23,0
DA:25,0
DA:29,0
DA:31,0
DA:32,0
DA:35,0
DA:37,0
DA:38,0
DA:41,0
DA:45,0
DA:47,0
DA:53,0
DA:56,0
DA:57,0
DA:61,0
DA:68,0
DA:71,0
DA:73,0
DA:86,0
DA:88,0
DA:89,0
DA:92,0
DA:93,0
DA:94,0
DA:95,0
DA:99,0
DA:101,0
DA:111,0
DA:113,0
DA:114,0
DA:117,0
DA:119,0
DA:120,0
DA:124,0
DA:127,0
DA:129,0
DA:133,0
DA:134,0
DA:136,0
DA:139,0
DA:143,0
DA:145,0
DA:149,0
DA:150,0
DA:153,0
DA:154,0
DA:157,0
DA:159,0
DA:163,0
DA:164,0
DA:178,0
DA:183,0
DA:188,0
DA:194,0
DA:196,0
LF:67
LH:0
BRDA:31,0,0,0
BRDA:37,1,0,0
BRDA:47,2,0,0
BRDA:56,3,0,0
BRDA:88,4,0,0
BRDA:92,5,0,0
BRDA:94,6,0,0
BRDA:113,7,0,0
BRDA:113,8,0,0
BRDA:113,8,1,0
BRDA:119,9,0,0
BRDA:133,10,0,0
BRDA:133,10,1,0
BRDA:149,11,0,0
BRF:14
BRH:0
end_of_record
TN:
SF:src\modules\auth\tokens.service.ts
FN:9,(anonymous_4)
FN:15,(anonymous_5)
FN:28,(anonymous_6)
FN:35,(anonymous_7)
FN:39,(anonymous_8)
FN:43,(anonymous_9)
FN:49,(anonymous_10)
FNF:7
FNH:0
FNDA:0,(anonymous_4)
FNDA:0,(anonymous_5)
FNDA:0,(anonymous_6)
FNDA:0,(anonymous_7)
FNDA:0,(anonymous_8)
FNDA:0,(anonymous_9)
FNDA:0,(anonymous_10)
DA:1,0
DA:2,0
DA:3,0
DA:4,0
DA:5,0
DA:8,0
DA:11,0
DA:12,0
DA:16,0
DA:17,0
DA:19,0
DA:25,0
DA:29,0
DA:36,0
DA:40,0
DA:44,0
DA:50,0
DA:51,0
DA:53,0
DA:55,0
DA:58,0
DA:59,0
DA:61,0
DA:63,0
DA:65,0
DA:67,0
DA:69,0
DA:71,0
LF:28
LH:0
BRDA:53,0,0,0
BRDA:61,1,0,0
BRDA:61,1,1,0
BRDA:61,1,2,0
BRDA:61,1,3,0
BRDA:61,1,4,0
BRF:6
BRH:0
end_of_record
TN:
SF:src\modules\auth\users.controller.ts
FN:35,(anonymous_4)
FN:42,(anonymous_5)
FN:51,(anonymous_6)
FN:60,(anonymous_7)
FN:71,(anonymous_8)
FN:84,(anonymous_9)
FNF:6
FNH:0
FNDA:0,(anonymous_4)
FNDA:0,(anonymous_5)
FNDA:0,(anonymous_6)
FNDA:0,(anonymous_7)
FNDA:0,(anonymous_8)
FNDA:0,(anonymous_9)
DA:1,0
DA:10,0
DA:12,0
DA:20,0
DA:21,0
DA:22,0
DA:23,0
DA:34,0
DA:35,0
DA:42,0
DA:45,0
DA:51,0
DA:52,0
DA:60,0
DA:61,0
DA:71,0
DA:75,0
DA:84,0
DA:88,0
LF:19
LH:0
BRF:0
BRH:0
end_of_record
TN:
SF:src\modules\auth\users.service.ts
FN:14,(anonymous_4)
FN:19,(anonymous_5)
FN:41,(anonymous_6)
FN:56,(anonymous_7)
FN:73,(anonymous_8)
FN:87,(anonymous_9)
FN:101,(anonymous_10)
FN:128,(anonymous_11)
FN:142,(anonymous_12)
FN:151,(anonymous_13)
FN:163,(anonymous_14)
FNF:11
FNH:0
FNDA:0,(anonymous_4)
FNDA:0,(anonymous_5)
FNDA:0,(anonymous_6)
FNDA:0,(anonymous_7)
FNDA:0,(anonymous_8)
FNDA:0,(anonymous_9)
FNDA:0,(anonymous_10)
FNDA:0,(anonymous_11)
FNDA:0,(anonymous_12)
FNDA:0,(anonymous_13)
FNDA:0,(anonymous_14)
DA:1,0
DA:7,0
DA:8,0
DA:9,0
DA:13,0
DA:16,0
DA:20,0
DA:22,0
DA:23,0
DA:26,0
DA:27,0
DA:28,0
DA:29,0
DA:33,0
DA:38,0
DA:42,0
DA:57,0
DA:60,0
DA:61,0
DA:64,0
DA:66,0
DA:67,0
DA:70,0
DA:77,0
DA:80,0
DA:81,0
DA:84,0
DA:91,0
DA:94,0
DA:95,0
DA:98,0
DA:102,0
DA:104,0
DA:105,0
DA:106,0
DA:107,0
DA:111,0
DA:112,0
DA:113,0
DA:114,0
DA:119,0
DA:120,0
DA:121,0
DA:124,0
DA:125,0
DA:129,0
DA:131,0
DA:132,0
DA:133,0
DA:134,0
DA:138,0
DA:139,0
DA:143,0
DA:144,0
DA:152,0
DA:155,0
DA:156,0
DA:159,0
DA:160,0
DA:164,0
LF:60
LH:0
BRDA:22,0,0,0
BRDA:26,1,0,0
BRDA:28,2,0,0
BRDA:56,3,0,0
BRDA:60,4,0,0
BRDA:66,5,0,0
BRDA:75,6,0,0
BRDA:80,7,0,0
BRDA:89,8,0,0
BRDA:94,9,0,0
BRDA:104,10,0,0
BRDA:104,11,0,0
BRDA:104,11,1,0
BRDA:106,12,0,0
BRDA:111,13,0,0
BRDA:111,14,0,0
BRDA:111,14,1,0
BRDA:113,15,0,0
BRDA:119,16,0,0
BRDA:131,17,0,0
BRDA:131,18,0,0
BRDA:131,18,1,0
BRDA:133,19,0,0
BRDA:155,20,0,0
BRDA:155,21,0,0
BRDA:155,21,1,0
BRF:26
BRH:0
end_of_record
TN:
SF:src\modules\auth\decorators\current-user.decorator.ts
FN:4,(anonymous_0)
FNF:1
FNH:0
FNDA:0,(anonymous_0)
DA:1,0
DA:3,0
DA:5,0
DA:6,0
LF:4
LH:0
BRF:0
BRH:0
end_of_record
TN:
SF:src\modules\auth\decorators\public.decorator.ts
FN:4,(anonymous_0)
FNF:1
FNH:0
FNDA:0,(anonymous_0)
DA:1,1
DA:3,1
DA:4,1
LF:3
LH:3
BRF:0
BRH:0
end_of_record
TN:
SF:src\modules\auth\dto\index.ts
FN:73,(anonymous_2)
FN:138,(anonymous_3)
FN:159,(anonymous_4)
FN:203,(anonymous_5)
FN:209,(anonymous_6)
FN:256,(anonymous_7)
FNF:6
FNH:0
FNDA:0,(anonymous_2)
FNDA:0,(anonymous_3)
FNDA:0,(anonymous_4)
FNDA:0,(anonymous_5)
FNDA:0,(anonymous_6)
FNDA:0,(anonymous_7)
DA:1,0
DA:2,0
DA:3,0
DA:15,0
DA:22,0
DA:26,0
DA:31,0
DA:34,0
DA:36,0
DA:39,0
DA:42,0
DA:52,0
DA:64,0
DA:69,0
DA:73,0
DA:75,0
DA:80,0
DA:86,0
DA:92,0
DA:96,0
DA:102,0
DA:106,0
DA:110,0
DA:119,0
DA:123,0
DA:128,0
DA:132,0
DA:138,0
DA:150,0
DA:155,0
DA:159,0
DA:161,0
DA:166,0
DA:172,0
DA:178,0
DA:183,0
DA:187,0
DA:193,0
DA:199,0
DA:203,0
DA:205,0
DA:209,0
DA:212,0
DA:218,0
DA:224,0
DA:229,0
DA:233,0
DA:241,0
DA:246,0
DA:252,0
DA:256,0
DA:258,0
LF:52
LH:0
BRDA:73,0,0,0
BRDA:73,0,1,0
BRDA:73,0,2,0
BRDA:159,1,0,0
BRDA:159,1,1,0
BRDA:159,1,2,0
BRDA:203,2,0,0
BRDA:203,2,1,0
BRDA:203,2,2,0
BRDA:209,3,0,0
BRDA:209,3,1,0
BRDA:209,3,2,0
BRDA:256,4,0,0
BRDA:256,4,1,0
BRDA:256,4,2,0
BRF:15
BRH:0
end_of_record
TN:
SF:src\modules\auth\guards\jwt-auth.guard.ts
FN:8,(anonymous_2)
FN:12,(anonymous_3)
FNF:2
FNH:1
FNDA:12,(anonymous_2)
FNDA:0,(anonymous_3)
DA:1,1
DA:2,1
DA:3,1
DA:4,1
DA:7,1
DA:8,12
DA:9,12
DA:13,0
DA:18,0
DA:19,0
DA:22,0
LF:11
LH:7
BRDA:18,0,0,0
BRF:1
BRH:0
end_of_record
TN:
SF:src\modules\auth\pipes\zod-validation.pipe.ts
FN:6,(anonymous_2)
FN:8,(anonymous_3)
FNF:2
FNH:0
FNDA:0,(anonymous_2)
FNDA:0,(anonymous_3)
DA:1,0
DA:2,0
DA:5,0
DA:6,0
DA:9,0
DA:10,0
DA:12,0
LF:7
LH:0
BRF:0
BRH:0
end_of_record
TN:
SF:src\modules\auth\strategies\jwt.strategy.ts
FN:16,(anonymous_2)
FN:23,(anonymous_3)
FN:30,(anonymous_4)
FNF:3
FNH:0
FNDA:0,(anonymous_2)
FNDA:0,(anonymous_3)
FNDA:0,(anonymous_4)
DA:1,0
DA:2,0
DA:3,0
DA:4,0
DA:5,0
DA:15,0
DA:17,0
DA:18,0
DA:20,0
DA:23,0
DA:31,0
DA:33,0
DA:34,0
DA:37,0
DA:38,0
DA:41,0
LF:16
LH:0
BRDA:33,0,0,0
BRDA:37,1,0,0
BRF:2
BRH:0
end_of_record
TN:
SF:src\modules\auth\types\index.ts
FNF:0
FNH:0
DA:1,0
LF:1
LH:0
BRF:0
BRH:0
end_of_record
TN:
SF:src\modules\backup\backup.controller.ts
FN:32,(anonymous_4)
FN:38,(anonymous_5)
FN:47,(anonymous_6)
FN:55,(anonymous_7)
FN:67,(anonymous_8)
FN:75,(anonymous_9)
FN:87,(anonymous_10)
FN:106,(anonymous_11)
FNF:8
FNH:0
FNDA:0,(anonymous_4)
FNDA:0,(anonymous_5)
FNDA:0,(anonymous_6)
FNDA:0,(anonymous_7)
FNDA:0,(anonymous_8)
FNDA:0,(anonymous_9)
FNDA:0,(anonymous_10)
FNDA:0,(anonymous_11)
DA:5,0
DA:18,0
DA:19,0
DA:20,0
DA:31,0
DA:32,0
DA:38,0
DA:39,0
DA:47,0
DA:48,0
DA:55,0
DA:56,0
DA:57,0
DA:67,0
DA:68,0
DA:75,0
DA:76,0
DA:77,0
DA:78,0
DA:80,0
DA:87,0
DA:91,0
DA:92,0
DA:93,0
DA:95,0
DA:106,0
DA:107,0
DA:108,0
DA:109,0
DA:111,0
LF:30
LH:0
BRDA:77,0,0,0
BRDA:96,1,0,0
BRDA:96,1,1,0
BRDA:112,2,0,0
BRDA:112,2,1,0
BRF:5
BRH:0
end_of_record
TN:
SF:src\modules\backup\backup.module.ts
FNF:0
FNH:0
DA:5,0
DA:6,0
DA:7,0
DA:8,0
DA:9,0
DA:17,0
LF:6
LH:0
BRF:0
BRH:0
end_of_record
TN:
SF:src\modules\backup\backup.service.ts
FN:31,(anonymous_13)
FN:44,(anonymous_14)
FN:54,(anonymous_15)
FN:63,(anonymous_16)
FN:71,(anonymous_17)
FN:126,(anonymous_18)
FN:193,(anonymous_19)
FN:218,(anonymous_20)
FN:247,(anonymous_21)
FN:271,(anonymous_22)
FN:293,(anonymous_23)
FN:309,(anonymous_24)
FN:354,(anonymous_25)
FN:362,(anonymous_26)
FN:378,(anonymous_27)
FN:389,(anonymous_28)
FN:418,(anonymous_29)
FNF:17
FNH:0
FNDA:0,(anonymous_13)
FNDA:0,(anonymous_14)
FNDA:0,(anonymous_15)
FNDA:0,(anonymous_16)
FNDA:0,(anonymous_17)
FNDA:0,(anonymous_18)
FNDA:0,(anonymous_19)
FNDA:0,(anonymous_20)
FNDA:0,(anonymous_21)
FNDA:0,(anonymous_22)
FNDA:0,(anonymous_23)
FNDA:0,(anonymous_24)
FNDA:0,(anonymous_25)
FNDA:0,(anonymous_26)
FNDA:0,(anonymous_27)
FNDA:0,(anonymous_28)
FNDA:0,(anonymous_29)
DA:5,0
DA:6,0
DA:7,0
DA:8,0
DA:9,0
DA:10,0
DA:11,0
DA:12,0
DA:13,0
DA:16,0
DA:27,0
DA:28,0
DA:33,0
DA:34,0
DA:37,0
DA:38,0
DA:45,0
DA:46,0
DA:47,0
DA:55,0
DA:64,0
DA:78,0
DA:83,0
DA:84,0
DA:93,0
DA:94,0
DA:97,0
DA:98,0
DA:99,0
DA:100,0
DA:102,0
DA:104,0
DA:107,0
DA:113,0
DA:115,0
DA:127,0
DA:132,0
DA:136,0
DA:139,0
DA:140,0
DA:141,0
DA:145,0
DA:147,0
DA:150,0
DA:157,0
DA:159,0
DA:161,0
DA:164,0
DA:167,0
DA:168,0
DA:169,0
DA:171,0
DA:172,0
DA:175,0
DA:176,0
DA:177,0
DA:179,0
DA:180,0
DA:187,0
DA:194,0
DA:195,0
DA:196,0
DA:198,0
DA:200,0
DA:202,0
DA:204,0
DA:205,0
DA:207,0
DA:209,0
DA:210,0
DA:225,0
DA:228,0
DA:230,0
DA:231,0
DA:234,0
DA:235,0
DA:238,0
DA:239,0
DA:241,0
DA:253,0
DA:254,0
DA:258,0
DA:259,0
DA:261,0
DA:265,0
DA:272,0
DA:279,0
DA:280,0
DA:281,0
DA:282,0
DA:286,0
DA:294,0
DA:296,0
DA:298,0
DA:300,0
DA:303,0
DA:304,0
DA:306,0
DA:307,0
DA:309,0
DA:310,0
DA:311,0
DA:312,0
DA:313,0
DA:314,0
DA:318,0
DA:328,0
DA:330,0
DA:331,0
DA:332,0
DA:333,0
DA:334,0
DA:348,0
DA:355,0
DA:363,0
DA:365,0
DA:366,0
DA:371,0
DA:372,0
DA:384,0
DA:385,0
DA:386,0
DA:389,0
DA:396,0
DA:397,0
DA:399,0
DA:400,0
DA:402,0
DA:403,0
DA:405,0
DA:409,0
DA:418,0
DA:420,0
DA:425,0
DA:426,0
DA:428,0
LF:136
LH:0
BRDA:45,0,0,0
BRDA:83,1,0,0
BRDA:102,2,0,0
BRDA:102,2,1,0
BRDA:127,3,0,0
BRDA:127,3,1,0
BRDA:136,4,0,0
BRDA:136,4,1,0
BRDA:139,5,0,0
BRDA:139,6,0,0
BRDA:139,6,1,0
BRDA:176,7,0,0
BRDA:176,7,1,0
BRDA:280,8,0,0
BRDA:304,9,0,0
BRDA:304,9,1,0
BRDA:307,10,0,0
BRDA:307,11,0,0
BRDA:307,11,1,0
BRDA:310,12,0,0
BRDA:310,12,1,0
BRDA:310,12,2,0
BRDA:310,12,3,0
BRDA:320,13,0,0
BRDA:320,13,1,0
BRDA:322,14,0,0
BRDA:322,14,1,0
BRDA:323,15,0,0
BRDA:323,15,1,0
BRDA:333,16,0,0
BRDA:365,17,0,0
BRDA:384,18,0,0
BRDA:390,19,0,0
BRDA:390,19,1,0
BRDA:403,20,0,0
BRDA:405,21,0,0
BRDA:405,22,0,0
BRDA:405,22,1,0
BRDA:405,22,2,0
BRDA:405,22,3,0
BRDA:426,23,0,0
BRDA:426,23,1,0
BRDA:430,24,0,0
BRDA:430,24,1,0
BRF:44
BRH:0
end_of_record
TN:
SF:src\modules\cash-register\cash-register.controller.ts
FN:36,(anonymous_4)
FN:43,(anonymous_5)
FN:51,(anonymous_6)
FN:59,(anonymous_7)
FN:68,(anonymous_8)
FN:76,(anonymous_9)
FN:87,(anonymous_10)
FN:95,(anonymous_11)
FN:104,(anonymous_12)
FN:111,(anonymous_13)
FN:130,(anonymous_14)
FN:141,(anonymous_15)
FNF:12
FNH:0
FNDA:0,(anonymous_4)
FNDA:0,(anonymous_5)
FNDA:0,(anonymous_6)
FNDA:0,(anonymous_7)
FNDA:0,(anonymous_8)
FNDA:0,(anonymous_9)
FNDA:0,(anonymous_10)
FNDA:0,(anonymous_11)
FNDA:0,(anonymous_12)
FNDA:0,(anonymous_13)
FNDA:0,(anonymous_14)
FNDA:0,(anonymous_15)
DA:1,0
DA:11,0
DA:18,0
DA:19,0
DA:20,0
DA:21,0
DA:23,0
DA:24,0
DA:25,0
DA:35,0
DA:36,0
DA:43,0
DA:44,0
DA:51,0
DA:52,0
DA:59,0
DA:60,0
DA:68,0
DA:69,0
DA:76,0
DA:77,0
DA:78,0
DA:79,0
DA:81,0
DA:87,0
DA:88,0
DA:95,0
DA:96,0
DA:104,0
DA:105,0
DA:111,0
DA:112,0
DA:114,0
DA:130,0
DA:134,0
DA:141,0
DA:142,0
LF:37
LH:0
BRDA:78,0,0,0
BRDA:118,1,0,0
BRDA:118,1,1,0
BRDA:119,2,0,0
BRDA:119,2,1,0
BRDA:120,3,0,0
BRDA:120,3,1,0
BRF:7
BRH:0
end_of_record
TN:
SF:src\modules\cash-register\cash-register.module.ts
FNF:0
FNH:0
DA:1,0
DA:2,0
DA:3,0
DA:4,0
DA:5,0
DA:6,0
DA:7,0
DA:9,0
DA:17,0
LF:9
LH:0
BRF:0
BRH:0
end_of_record
TN:
SF:src\modules\cash-register\cash-register.service.ts
FN:28,(anonymous_4)
FN:47,(anonymous_5)
FN:64,(anonymous_6)
FN:74,(anonymous_7)
FN:161,(anonymous_8)
FN:184,(anonymous_9)
FN:256,(anonymous_10)
FN:325,(anonymous_11)
FN:335,(anonymous_12)
FN:346,(anonymous_13)
FN:369,(anonymous_14)
FN:371,(anonymous_15)
FN:380,(anonymous_16)
FN:395,(anonymous_17)
FN:411,(anonymous_18)
FN:467,(anonymous_19)
FN:468,(anonymous_20)
FN:493,(anonymous_21)
FN:565,(anonymous_22)
FN:636,(anonymous_23)
FN:708,(anonymous_24)
FN:774,(anonymous_25)
FN:859,(anonymous_26)
FN:923,(anonymous_27)
FN:964,(anonymous_28)
FN:1063,(anonymous_29)
FN:1082,(anonymous_30)
FN:1083,(anonymous_31)
FN:1105,(anonymous_32)
FN:1107,(anonymous_33)
FN:1111,(anonymous_34)
FN:1115,(anonymous_35)
FN:1126,(anonymous_36)
FN:1139,(anonymous_37)
FN:1150,(anonymous_38)
FN:1151,(anonymous_39)
FN:1178,(anonymous_40)
FN:1179,(anonymous_41)
FN:1193,(anonymous_42)
FN:1228,(anonymous_43)
FN:1268,(anonymous_44)
FN:1269,(anonymous_45)
FN:1277,(anonymous_46)
FN:1288,(anonymous_47)
FN:1292,(anonymous_48)
FN:1296,(anonymous_49)
FN:1300,(anonymous_50)
FN:1307,(anonymous_51)
FN:1321,(anonymous_52)
FN:1378,(anonymous_53)
FN:1407,(anonymous_54)
FN:1440,(anonymous_55)
FN:1452,(anonymous_56)
FN:1461,(anonymous_57)
FNF:54
FNH:0
FNDA:0,(anonymous_4)
FNDA:0,(anonymous_5)
FNDA:0,(anonymous_6)
FNDA:0,(anonymous_7)
FNDA:0,(anonymous_8)
FNDA:0,(anonymous_9)
FNDA:0,(anonymous_10)
FNDA:0,(anonymous_11)
FNDA:0,(anonymous_12)
FNDA:0,(anonymous_13)
FNDA:0,(anonymous_14)
FNDA:0,(anonymous_15)
FNDA:0,(anonymous_16)
FNDA:0,(anonymous_17)
FNDA:0,(anonymous_18)
FNDA:0,(anonymous_19)
FNDA:0,(anonymous_20)
FNDA:0,(anonymous_21)
FNDA:0,(anonymous_22)
FNDA:0,(anonymous_23)
FNDA:0,(anonymous_24)
FNDA:0,(anonymous_25)
FNDA:0,(anonymous_26)
FNDA:0,(anonymous_27)
FNDA:0,(anonymous_28)
FNDA:0,(anonymous_29)
FNDA:0,(anonymous_30)
FNDA:0,(anonymous_31)
FNDA:0,(anonymous_32)
FNDA:0,(anonymous_33)
FNDA:0,(anonymous_34)
FNDA:0,(anonymous_35)
FNDA:0,(anonymous_36)
FNDA:0,(anonymous_37)
FNDA:0,(anonymous_38)
FNDA:0,(anonymous_39)
FNDA:0,(anonymous_40)
FNDA:0,(anonymous_41)
FNDA:0,(anonymous_42)
FNDA:0,(anonymous_43)
FNDA:0,(anonymous_44)
FNDA:0,(anonymous_45)
FNDA:0,(anonymous_46)
FNDA:0,(anonymous_47)
FNDA:0,(anonymous_48)
FNDA:0,(anonymous_49)
FNDA:0,(anonymous_50)
FNDA:0,(anonymous_51)
FNDA:0,(anonymous_52)
FNDA:0,(anonymous_53)
FNDA:0,(anonymous_54)
FNDA:0,(anonymous_55)
FNDA:0,(anonymous_56)
FNDA:0,(anonymous_57)
DA:1,3
DA:6,3
DA:7,3
DA:8,3
DA:9,3
DA:10,3
DA:11,3
DA:15,3
DA:16,3
DA:17,3
DA:27,3
DA:30,0
DA:32,0
DA:34,0
DA:36,0
DA:38,0
DA:39,0
DA:52,0
DA:54,0
DA:65,0
DA:76,0
DA:77,0
DA:78,0
DA:82,0
DA:83,0
DA:87,0
DA:88,0
DA:89,0
DA:93,0
DA:98,0
DA:99,0
DA:104,0
DA:105,0
DA:112,0
DA:123,0
DA:126,0
DA:129,0
DA:146,0
DA:151,0
DA:152,0
DA:155,0
DA:165,0
DA:167,0
DA:168,0
DA:169,0
DA:185,0
DA:190,0
DA:191,0
DA:195,0
DA:198,0
DA:204,0
DA:208,0
DA:209,0
DA:211,0
DA:212,0
DA:213,0
DA:214,0
DA:215,0
DA:216,0
DA:217,0
DA:219,0
DA:222,0
DA:241,0
DA:246,0
DA:247,0
DA:250,0
DA:257,0
DA:262,0
DA:263,0
DA:267,0
DA:268,0
DA:272,0
DA:273,0
DA:279,0
DA:280,0
DA:281,0
DA:285,0
DA:286,0
DA:287,0
DA:288,0
DA:289,0
DA:290,0
DA:291,0
DA:294,0
DA:295,0
DA:296,0
DA:297,0
DA:300,0
DA:302,0
DA:305,0
DA:315,0
DA:316,0
DA:319,0
DA:329,0
DA:335,0
DA:336,0
DA:337,0
DA:338,0
DA:339,0
DA:343,0
DA:344,0
DA:345,0
DA:346,0
DA:347,0
DA:348,0
DA:349,0
DA:350,0
DA:357,0
DA:358,0
DA:359,0
DA:360,0
DA:361,0
DA:370,0
DA:371,0
DA:381,0
DA:382,0
DA:385,0
DA:389,0
DA:396,0
DA:401,0
DA:402,0
DA:405,0
DA:412,0
DA:460,0
DA:468,0
DA:499,0
DA:501,0
DA:502,0
DA:506,0
DA:514,0
DA:515,0
DA:518,0
DA:519,0
DA:521,0
DA:524,0
DA:538,0
DA:541,0
DA:548,0
DA:550,0
DA:551,0
DA:559,0
DA:571,0
DA:573,0
DA:574,0
DA:578,0
DA:586,0
DA:587,0
DA:590,0
DA:591,0
DA:593,0
DA:596,0
DA:610,0
DA:613,0
DA:619,0
DA:621,0
DA:622,0
DA:630,0
DA:642,0
DA:644,0
DA:645,0
DA:649,0
DA:657,0
DA:658,0
DA:661,0
DA:662,0
DA:664,0
DA:667,0
DA:681,0
DA:684,0
DA:690,0
DA:692,0
DA:693,0
DA:701,0
DA:718,0
DA:720,0
DA:721,0
DA:724,0
DA:726,0
DA:729,0
DA:746,0
DA:749,0
DA:755,0
DA:757,0
DA:758,0
DA:766,0
DA:768,0
DA:782,0
DA:784,0
DA:785,0
DA:789,0
DA:792,0
DA:793,0
DA:796,0
DA:804,0
DA:805,0
DA:808,0
DA:809,0
DA:810,0
DA:813,0
DA:816,0
DA:830,0
DA:833,0
DA:839,0
DA:840,0
DA:842,0
DA:843,0
DA:852,0
DA:868,0
DA:870,0
DA:871,0
DA:874,0
DA:875,0
DA:878,0
DA:895,0
DA:898,0
DA:904,0
DA:906,0
DA:907,0
DA:915,0
DA:917,0
DA:929,0
DA:937,0
DA:938,0
DA:939,0
DA:949,0
DA:950,0
DA:952,0
DA:954,0
DA:958,0
DA:974,0
DA:976,0
DA:977,0
DA:981,0
DA:982,0
DA:983,0
DA:986,0
DA:987,0
DA:989,0
DA:992,0
DA:1011,0
DA:1014,0
DA:1015,0
DA:1020,0
DA:1027,0
DA:1035,0
DA:1050,0
DA:1064,0
DA:1067,0
DA:1078,0
DA:1081,0
DA:1082,0
DA:1083,0
DA:1088,0
DA:1089,0
DA:1090,0
DA:1093,0
DA:1106,0
DA:1107,0
DA:1110,0
DA:1111,0
DA:1114,0
DA:1115,0
DA:1119,0
DA:1126,0
DA:1148,0
DA:1150,0
DA:1151,0
DA:1152,0
DA:1153,0
DA:1154,0
DA:1162,0
DA:1163,0
DA:1164,0
DA:1166,0
DA:1172,0
DA:1179,0
DA:1194,0
DA:1195,0
DA:1196,0
DA:1200,0
DA:1201,0
DA:1202,0
DA:1203,0
DA:1205,0
DA:1212,0
DA:1214,0
DA:1235,0
DA:1236,0
DA:1237,0
DA:1239,0
DA:1248,0
DA:1249,0
DA:1250,0
DA:1252,0
DA:1259,0
DA:1262,0
DA:1264,0
DA:1267,0
DA:1268,0
DA:1269,0
DA:1271,0
DA:1278,0
DA:1285,0
DA:1287,0
DA:1288,0
DA:1291,0
DA:1292,0
DA:1295,0
DA:1296,0
DA:1299,0
DA:1300,0
DA:1304,0
DA:1307,0
DA:1322,0
DA:1327,0
DA:1328,0
DA:1332,0
DA:1378,0
DA:1400,0
DA:1412,0
DA:1414,0
DA:1415,0
DA:1418,0
DA:1419,0
DA:1423,0
DA:1424,0
DA:1426,0
DA:1429,0
DA:1441,0
DA:1442,0
DA:1453,0
DA:1454,0
DA:1462,0
LF:333
LH:11
BRDA:55,0,0,0
BRDA:55,0,1,0
BRDA:56,1,0,0
BRDA:56,1,1,0
BRDA:57,2,0,0
BRDA:57,2,1,0
BRDA:77,3,0,0
BRDA:87,4,0,0
BRDA:88,5,0,0
BRDA:88,5,1,0
BRDA:99,6,0,0
BRDA:99,6,1,0
BRDA:104,7,0,0
BRDA:104,8,0,0
BRDA:104,8,1,0
BRDA:108,9,0,0
BRDA:108,9,1,0
BRDA:151,10,0,0
BRDA:168,11,0,0
BRDA:168,11,1,0
BRDA:190,12,0,0
BRDA:246,13,0,0
BRDA:262,14,0,0
BRDA:267,15,0,0
BRDA:272,16,0,0
BRDA:280,17,0,0
BRDA:315,18,0,0
BRDA:336,19,0,0
BRDA:343,20,0,0
BRDA:345,21,0,0
BRDA:345,22,0,0
BRDA:345,22,1,0
BRDA:347,23,0,0
BRDA:358,24,0,0
BRDA:358,25,0,0
BRDA:358,25,1,0
BRDA:371,26,0,0
BRDA:371,26,1,0
BRDA:371,26,2,0
BRDA:385,27,0,0
BRDA:385,27,1,0
BRDA:401,28,0,0
BRDA:478,29,0,0
BRDA:478,29,1,0
BRDA:478,30,0,0
BRDA:478,30,1,0
BRDA:478,31,0,0
BRDA:478,31,1,0
BRDA:501,32,0,0
BRDA:514,33,0,0
BRDA:514,34,0,0
BRDA:514,34,1,0
BRDA:521,35,0,0
BRDA:521,35,1,0
BRDA:521,35,2,0
BRDA:534,36,0,0
BRDA:534,36,1,0
BRDA:550,37,0,0
BRDA:573,38,0,0
BRDA:586,39,0,0
BRDA:586,40,0,0
BRDA:586,40,1,0
BRDA:593,41,0,0
BRDA:593,41,1,0
BRDA:593,41,2,0
BRDA:606,42,0,0
BRDA:606,42,1,0
BRDA:621,43,0,0
BRDA:644,44,0,0
BRDA:657,45,0,0
BRDA:657,46,0,0
BRDA:657,46,1,0
BRDA:664,47,0,0
BRDA:664,47,1,0
BRDA:664,47,2,0
BRDA:677,48,0,0
BRDA:677,48,1,0
BRDA:692,49,0,0
BRDA:720,50,0,0
BRDA:726,51,0,0
BRDA:726,51,1,0
BRDA:726,51,2,0
BRDA:742,52,0,0
BRDA:742,52,1,0
BRDA:757,53,0,0
BRDA:784,54,0,0
BRDA:792,55,0,0
BRDA:792,55,1,0
BRDA:792,56,0,0
BRDA:792,56,1,0
BRDA:804,57,0,0
BRDA:804,58,0,0
BRDA:804,58,1,0
BRDA:813,59,0,0
BRDA:813,59,1,0
BRDA:813,59,2,0
BRDA:826,60,0,0
BRDA:826,60,1,0
BRDA:839,61,0,0
BRDA:842,62,0,0
BRDA:870,63,0,0
BRDA:875,64,0,0
BRDA:875,64,1,0
BRDA:875,64,2,0
BRDA:887,65,0,0
BRDA:887,65,1,0
BRDA:891,66,0,0
BRDA:891,66,1,0
BRDA:906,67,0,0
BRDA:937,68,0,0
BRDA:949,69,0,0
BRDA:949,69,1,0
BRDA:976,70,0,0
BRDA:982,71,0,0
BRDA:989,72,0,0
BRDA:989,72,1,0
BRDA:989,72,2,0
BRDA:1000,73,0,0
BRDA:1000,73,1,0
BRDA:1003,74,0,0
BRDA:1003,74,1,0
BRDA:1007,75,0,0
BRDA:1007,75,1,0
BRDA:1014,76,0,0
BRDA:1014,76,1,0
BRDA:1031,77,0,0
BRDA:1031,77,1,0
BRDA:1081,78,0,0
BRDA:1083,79,0,0
BRDA:1083,79,1,0
BRDA:1089,80,0,0
BRDA:1126,81,0,0
BRDA:1126,81,1,0
BRDA:1130,82,0,0
BRDA:1130,82,1,0
BRDA:1153,83,0,0
BRDA:1167,84,0,0
BRDA:1167,84,1,0
BRDA:1185,85,0,0
BRDA:1185,85,1,0
BRDA:1186,86,0,0
BRDA:1186,86,1,0
BRDA:1235,87,0,0
BRDA:1235,87,1,0
BRDA:1236,88,0,0
BRDA:1236,88,1,0
BRDA:1248,89,0,0
BRDA:1248,89,1,0
BRDA:1250,90,0,0
BRDA:1250,91,0,0
BRDA:1250,91,1,0
BRDA:1300,92,0,0
BRDA:1300,92,1,0
BRDA:1314,93,0,0
BRDA:1314,93,1,0
BRDA:1327,94,0,0
BRDA:1388,95,0,0
BRDA:1388,95,1,0
BRDA:1388,96,0,0
BRDA:1388,96,1,0
BRDA:1388,97,0,0
BRDA:1388,97,1,0
BRDA:1414,98,0,0
BRDA:1423,99,0,0
BRDA:1423,99,1,0
BRDA:1441,100,0,0
BRDA:1444,101,0,0
BRDA:1444,101,1,0
BRDA:1444,102,0,0
BRDA:1444,102,1,0
BRDA:1444,103,0,0
BRDA:1444,103,1,0
BRDA:1453,104,0,0
BRDA:1464,105,0,0
BRDA:1464,105,1,0
BRDA:1465,106,0,0
BRDA:1465,106,1,0
BRF:177
BRH:0
end_of_record
TN:
SF:src\modules\configuration\certificate-encryption.service.ts
FN:15,(anonymous_11)
FN:38,(anonymous_12)
FN:47,(anonymous_13)
FN:69,(anonymous_14)
FN:98,(anonymous_15)
FNF:5
FNH:0
FNDA:0,(anonymous_11)
FNDA:0,(anonymous_12)
FNDA:0,(anonymous_13)
FNDA:0,(anonymous_14)
FNDA:0,(anonymous_15)
DA:5,0
DA:6,0
DA:7,0
DA:10,0
DA:11,0
DA:12,0
DA:15,0
DA:16,0
DA:18,0
DA:19,0
DA:20,0
DA:21,0
DA:22,0
DA:23,0
DA:26,0
DA:27,0
DA:30,0
DA:31,0
DA:39,0
DA:48,0
DA:49,0
DA:52,0
DA:53,0
DA:55,0
DA:56,0
DA:58,0
DA:61,0
DA:70,0
DA:71,0
DA:74,0
DA:75,0
DA:76,0
DA:79,0
DA:81,0
DA:82,0
DA:84,0
DA:85,0
DA:87,0
DA:88,0
DA:90,0
DA:99,0
LF:41
LH:0
BRDA:18,0,0,0
BRDA:18,0,1,0
BRDA:21,1,0,0
BRDA:48,2,0,0
BRDA:70,3,0,0
BRDA:75,4,0,0
BRF:6
BRH:0
end_of_record
TN:
SF:src\modules\configuration\certificate-generation.service.ts
FN:18,(anonymous_11)
FN:30,(anonymous_12)
FN:118,(anonymous_13)
FN:125,(anonymous_14)
FN:141,(anonymous_15)
FNF:5
FNH:0
FNDA:0,(anonymous_11)
FNDA:0,(anonymous_12)
FNDA:0,(anonymous_13)
FNDA:0,(anonymous_14)
FNDA:0,(anonymous_15)
DA:4,0
DA:5,0
DA:6,0
DA:7,0
DA:8,0
DA:9,0
DA:11,0
DA:14,0
DA:15,0
DA:16,0
DA:19,0
DA:22,0
DA:23,0
DA:31,0
DA:34,0
DA:36,0
DA:37,0
DA:43,0
DA:44,0
DA:46,0
DA:47,0
DA:53,0
DA:54,0
DA:55,0
DA:57,0
DA:59,0
DA:60,0
DA:64,0
DA:66,0
DA:67,0
DA:73,0
DA:74,0
DA:77,0
DA:78,0
DA:81,0
DA:90,0
DA:92,0
DA:94,0
DA:96,0
DA:106,0
DA:108,0
DA:109,0
DA:119,0
DA:126,0
DA:127,0
DA:128,0
DA:129,0
DA:130,0
DA:133,0
DA:142,0
DA:143,0
DA:157,0
LF:52
LH:0
BRDA:22,0,0,0
BRDA:36,1,0,0
BRDA:36,2,0,0
BRDA:36,2,1,0
BRDA:81,3,0,0
BRDA:81,3,1,0
BRDA:110,4,0,0
BRDA:110,4,1,0
BRDA:128,5,0,0
BRDA:142,6,0,0
BRDA:142,6,1,0
BRF:11
BRH:0
end_of_record
TN:
SF:src\modules\configuration\configuration.controller.ts
FN:15,(anonymous_4)
FN:19,(anonymous_5)
FN:25,(anonymous_6)
FN:32,(anonymous_7)
FNF:4
FNH:0
FNDA:0,(anonymous_4)
FNDA:0,(anonymous_5)
FNDA:0,(anonymous_6)
FNDA:0,(anonymous_7)
DA:1,0
DA:2,0
DA:3,0
DA:4,0
DA:5,0
DA:14,0
DA:15,0
DA:19,0
DA:20,0
DA:25,0
DA:26,0
DA:32,0
DA:33,0
LF:13
LH:0
BRF:0
BRH:0
end_of_record
TN:
SF:src\modules\configuration\configuration.module.ts
FNF:0
FNH:0
DA:5,0
DA:6,0
DA:7,0
DA:8,0
DA:9,0
DA:10,0
DA:11,0
DA:12,0
DA:13,0
DA:14,0
DA:15,0
DA:16,0
DA:17,0
DA:19,0
DA:20,0
DA:21,0
DA:46,0
LF:17
LH:0
BRF:0
BRH:0
end_of_record
TN:
SF:src\modules\configuration\configuration.service.ts
FN:14,(anonymous_4)
FN:20,(anonymous_5)
FN:31,(anonymous_6)
FN:36,(anonymous_7)
FN:46,(anonymous_8)
FN:51,(anonymous_9)
FN:62,(anonymous_10)
FN:80,(anonymous_11)
FNF:8
FNH:0
FNDA:0,(anonymous_4)
FNDA:0,(anonymous_5)
FNDA:0,(anonymous_6)
FNDA:0,(anonymous_7)
FNDA:0,(anonymous_8)
FNDA:0,(anonymous_9)
FNDA:0,(anonymous_10)
FNDA:0,(anonymous_11)
DA:1,3
DA:2,3
DA:3,3
DA:4,3
DA:6,3
DA:7,3
DA:13,3
DA:16,0
DA:17,0
DA:22,0
DA:23,0
DA:24,0
DA:32,0
DA:33,0
DA:37,0
DA:41,0
DA:43,0
DA:47,0
DA:48,0
DA:52,0
DA:53,0
DA:63,0
DA:64,0
DA:67,0
DA:68,0
DA:70,0
DA:71,0
DA:74,0
DA:80,0
DA:86,0
DA:88,0
DA:89,0
DA:99,0
DA:105,0
DA:110,0
DA:111,0
DA:112,0
DA:123,0
DA:124,0
DA:125,0
DA:126,0
DA:129,0
DA:131,0
LF:43
LH:7
BRDA:23,0,0,0
BRDA:63,1,0,0
BRDA:88,2,0,0
BRDA:88,2,1,0
BRDA:111,3,0,0
BRF:5
BRH:0
end_of_record
TN:
SF:src\modules\configuration\fiscal-configuration.controller.ts
FN:40,(anonymous_4)
FN:51,(anonymous_5)
FN:61,(anonymous_6)
FN:73,(anonymous_7)
FN:85,(anonymous_8)
FN:97,(anonymous_9)
FN:110,(anonymous_10)
FN:121,(anonymous_11)
FN:134,(anonymous_12)
FNF:9
FNH:0
FNDA:0,(anonymous_4)
FNDA:0,(anonymous_5)
FNDA:0,(anonymous_6)
FNDA:0,(anonymous_7)
FNDA:0,(anonymous_8)
FNDA:0,(anonymous_9)
FNDA:0,(anonymous_10)
FNDA:0,(anonymous_11)
FNDA:0,(anonymous_12)
DA:5,0
DA:15,0
DA:22,0
DA:23,0
DA:24,0
DA:25,0
DA:32,0
DA:33,0
DA:39,0
DA:41,0
DA:42,0
DA:51,0
DA:52,0
DA:61,0
DA:64,0
DA:73,0
DA:76,0
DA:85,0
DA:88,0
DA:97,0
DA:100,0
DA:110,0
DA:113,0
DA:121,0
DA:125,0
DA:134,0
DA:135,0
LF:27
LH:0
BRF:0
BRH:0
end_of_record
TN:
SF:src\modules\configuration\fiscal-configuration.service.ts
FN:22,(anonymous_4)
FN:31,(anonymous_5)
FN:49,(anonymous_6)
FN:60,(anonymous_7)
FN:90,(anonymous_8)
FN:129,(anonymous_9)
FN:167,(anonymous_10)
FN:180,(anonymous_11)
FN:231,(anonymous_12)
FN:262,(anonymous_13)
FN:316,(anonymous_14)
FN:323,(anonymous_15)
FN:349,(anonymous_16)
FN:378,(anonymous_17)
FN:386,(anonymous_18)
FN:439,(anonymous_19)
FN:478,(anonymous_20)
FN:501,(anonymous_21)
FNF:18
FNH:0
FNDA:0,(anonymous_4)
FNDA:0,(anonymous_5)
FNDA:0,(anonymous_6)
FNDA:0,(anonymous_7)
FNDA:0,(anonymous_8)
FNDA:0,(anonymous_9)
FNDA:0,(anonymous_10)
FNDA:0,(anonymous_11)
FNDA:0,(anonymous_12)
FNDA:0,(anonymous_13)
FNDA:0,(anonymous_14)
FNDA:0,(anonymous_15)
FNDA:0,(anonymous_16)
FNDA:0,(anonymous_17)
FNDA:0,(anonymous_18)
FNDA:0,(anonymous_19)
FNDA:0,(anonymous_20)
FNDA:0,(anonymous_21)
DA:5,0
DA:6,0
DA:7,0
DA:8,0
DA:9,0
DA:16,0
DA:19,0
DA:20,0
DA:24,0
DA:25,0
DA:32,0
DA:33,0
DA:34,0
DA:35,0
DA:50,0
DA:51,0
DA:52,0
DA:54,0
DA:61,0
DA:63,0
DA:91,0
DA:94,0
DA:95,0
DA:96,0
DA:97,0
DA:102,0
DA:103,0
DA:104,0
DA:105,0
DA:109,0
DA:110,0
DA:112,0
DA:113,0
DA:114,0
DA:117,0
DA:119,0
DA:120,0
DA:122,0
DA:131,0
DA:134,0
DA:135,0
DA:139,0
DA:140,0
DA:142,0
DA:143,0
DA:146,0
DA:147,0
DA:148,0
DA:150,0
DA:151,0
DA:155,0
DA:156,0
DA:157,0
DA:158,0
DA:161,0
DA:168,0
DA:169,0
DA:170,0
DA:172,0
DA:173,0
DA:181,0
DA:187,0
DA:188,0
DA:189,0
DA:191,0
DA:195,0
DA:196,0
DA:198,0
DA:199,0
DA:203,0
DA:206,0
DA:207,0
DA:208,0
DA:209,0
DA:210,0
DA:211,0
DA:212,0
DA:214,0
DA:215,0
DA:216,0
DA:217,0
DA:218,0
DA:219,0
DA:222,0
DA:223,0
DA:225,0
DA:232,0
DA:234,0
DA:235,0
DA:236,0
DA:237,0
DA:238,0
DA:239,0
DA:240,0
DA:242,0
DA:243,0
DA:244,0
DA:245,0
DA:246,0
DA:247,0
DA:250,0
DA:251,0
DA:253,0
DA:266,0
DA:267,0
DA:268,0
DA:270,0
DA:273,0
DA:276,0
DA:280,0
DA:281,0
DA:285,0
DA:286,0
DA:287,0
DA:289,0
DA:290,0
DA:291,0
DA:297,0
DA:298,0
DA:299,0
DA:300,0
DA:301,0
DA:302,0
DA:306,0
DA:320,0
DA:321,0
DA:323,0
DA:324,0
DA:325,0
DA:328,0
DA:330,0
DA:331,0
DA:332,0
DA:333,0
DA:334,0
DA:335,0
DA:337,0
DA:340,0
DA:353,0
DA:354,0
DA:356,0
DA:357,0
DA:358,0
DA:360,0
DA:361,0
DA:365,0
DA:366,0
DA:369,0
DA:379,0
DA:387,0
DA:388,0
DA:390,0
DA:391,0
DA:395,0
DA:400,0
DA:401,0
DA:405,0
DA:406,0
DA:410,0
DA:413,0
DA:417,0
DA:420,0
DA:444,0
DA:445,0
DA:448,0
DA:449,0
DA:450,0
DA:454,0
DA:455,0
DA:458,0
DA:461,0
DA:462,0
DA:463,0
DA:466,0
DA:479,0
DA:480,0
DA:482,0
DA:483,0
DA:484,0
DA:485,0
DA:487,0
DA:488,0
DA:489,0
DA:492,0
DA:493,0
DA:502,0
DA:503,0
DA:505,0
DA:506,0
DA:507,0
DA:508,0
DA:510,0
DA:511,0
DA:512,0
DA:515,0
DA:516,0
LF:196
LH:0
BRDA:33,0,0,0
BRDA:51,1,0,0
BRDA:94,2,0,0
BRDA:94,3,0,0
BRDA:94,3,1,0
BRDA:96,4,0,0
BRDA:102,5,0,0
BRDA:103,6,0,0
BRDA:104,7,0,0
BRDA:105,8,0,0
BRDA:112,9,0,0
BRDA:113,10,0,0
BRDA:114,11,0,0
BRDA:134,12,0,0
BRDA:147,13,0,0
BRDA:147,13,1,0
BRDA:147,14,0,0
BRDA:147,14,1,0
BRDA:150,15,0,0
BRDA:157,16,0,0
BRDA:195,17,0,0
BRDA:198,18,0,0
BRDA:198,19,0,0
BRDA:198,19,1,0
BRDA:206,20,0,0
BRDA:206,20,1,0
BRDA:210,21,0,0
BRDA:210,21,1,0
BRDA:217,22,0,0
BRDA:217,22,1,0
BRDA:234,23,0,0
BRDA:234,23,1,0
BRDA:268,24,0,0
BRDA:268,24,1,0
BRDA:270,25,0,0
BRDA:270,25,1,0
BRDA:273,26,0,0
BRDA:273,26,1,0
BRDA:276,27,0,0
BRDA:276,27,1,0
BRDA:280,28,0,0
BRDA:280,29,0,0
BRDA:280,29,1,0
BRDA:285,30,0,0
BRDA:289,31,0,0
BRDA:297,32,0,0
BRDA:297,32,1,0
BRDA:299,33,0,0
BRDA:299,33,1,0
BRDA:301,34,0,0
BRDA:324,35,0,0
BRDA:330,36,0,0
BRDA:330,36,1,0
BRDA:332,37,0,0
BRDA:332,37,1,0
BRDA:334,38,0,0
BRDA:356,39,0,0
BRDA:357,40,0,0
BRDA:358,41,0,0
BRDA:361,42,0,0
BRDA:361,42,1,0
BRDA:365,43,0,0
BRDA:379,44,0,0
BRDA:379,44,1,0
BRDA:379,44,2,0
BRDA:391,45,0,0
BRDA:391,45,1,0
BRDA:400,46,0,0
BRDA:400,46,1,0
BRDA:405,47,0,0
BRDA:405,47,1,0
BRDA:410,48,0,0
BRDA:448,49,0,0
BRDA:448,49,1,0
BRDA:449,50,0,0
BRDA:449,50,1,0
BRDA:450,51,0,0
BRDA:450,51,1,0
BRDA:454,52,0,0
BRDA:454,53,0,0
BRDA:454,53,1,0
BRDA:454,53,2,0
BRDA:461,54,0,0
BRDA:482,55,0,0
BRDA:482,55,1,0
BRDA:505,56,0,0
BRDA:505,56,1,0
BRF:87
BRH:0
end_of_record
TN:
SF:src\modules\configuration\controllers\payment-methods.controller.ts
FN:8,(anonymous_2)
FN:12,(anonymous_3)
FN:18,(anonymous_4)
FNF:3
FNH:0
FNDA:0,(anonymous_2)
FNDA:0,(anonymous_3)
FNDA:0,(anonymous_4)
DA:1,0
DA:2,0
DA:3,0
DA:7,0
DA:8,0
DA:12,0
DA:13,0
DA:18,0
DA:19,0
LF:9
LH:0
BRF:0
BRH:0
end_of_record
TN:
SF:src\modules\configuration\controllers\tax-types.controller.ts
FN:8,(anonymous_4)
FN:11,(anonymous_5)
FN:16,(anonymous_6)
FNF:3
FNH:0
FNDA:0,(anonymous_4)
FNDA:0,(anonymous_5)
FNDA:0,(anonymous_6)
DA:1,0
DA:2,0
DA:4,0
DA:7,0
DA:8,0
DA:11,0
DA:12,0
DA:16,0
DA:17,0
LF:9
LH:0
BRF:0
BRH:0
end_of_record
TN:
SF:src\modules\configuration\services\payment-methods.service.ts
FN:8,(anonymous_4)
FN:13,(anonymous_5)
FN:18,(anonymous_6)
FN:25,(anonymous_7)
FN:35,(anonymous_8)
FNF:5
FNH:0
FNDA:0,(anonymous_4)
FNDA:0,(anonymous_5)
FNDA:0,(anonymous_6)
FNDA:0,(anonymous_7)
FNDA:0,(anonymous_8)
DA:1,0
DA:2,0
DA:3,0
DA:4,0
DA:7,0
DA:10,0
DA:14,0
DA:15,0
DA:19,0
DA:27,0
DA:28,0
DA:29,0
DA:30,0
DA:31,0
DA:36,0
DA:46,0
DA:47,0
DA:48,0
DA:49,0
DA:50,0
DA:51,0
DA:52,0
DA:54,0
DA:56,0
DA:57,0
DA:58,0
DA:60,0
DA:61,0
DA:63,0
DA:64,0
DA:67,0
LF:31
LH:0
BRDA:28,0,0,0
BRDA:49,1,0,0
BRDA:49,1,1,0
BRDA:52,2,0,0
BRDA:52,2,1,0
BRDA:56,3,0,0
BRDA:61,4,0,0
BRF:7
BRH:0
end_of_record
TN:
SF:src\modules\configuration\services\tax-types.service.ts
FN:9,(anonymous_4)
FN:14,(anonymous_5)
FN:21,(anonymous_6)
FNF:3
FNH:0
FNDA:0,(anonymous_4)
FNDA:0,(anonymous_5)
FNDA:0,(anonymous_6)
DA:1,0
DA:2,0
DA:3,0
DA:4,0
DA:8,0
DA:11,0
DA:15,0
DA:22,0
DA:26,0
LF:9
LH:0
BRF:0
BRH:0
end_of_record
TN:
SF:src\modules\customer-accounts\customer-accounts.controller.ts
FN:35,(anonymous_4)
FN:45,(anonymous_5)
FN:55,(anonymous_6)
FN:65,(anonymous_7)
FN:75,(anonymous_8)
FN:86,(anonymous_9)
FN:100,(anonymous_10)
FN:118,(anonymous_11)
FN:135,(anonymous_12)
FN:152,(anonymous_13)
FN:168,(anonymous_14)
FN:182,(anonymous_15)
FN:193,(anonymous_16)
FN:204,(anonymous_17)
FNF:14
FNH:0
FNDA:0,(anonymous_4)
FNDA:0,(anonymous_5)
FNDA:0,(anonymous_6)
FNDA:0,(anonymous_7)
FNDA:0,(anonymous_8)
FNDA:0,(anonymous_9)
FNDA:0,(anonymous_10)
FNDA:0,(anonymous_11)
FNDA:0,(anonymous_12)
FNDA:0,(anonymous_13)
FNDA:0,(anonymous_14)
FNDA:0,(anonymous_15)
FNDA:0,(anonymous_16)
FNDA:0,(anonymous_17)
DA:5,0
DA:16,0
DA:24,0
DA:26,0
DA:27,0
DA:28,0
DA:34,0
DA:36,0
DA:45,0
DA:46,0
DA:55,0
DA:56,0
DA:65,0
DA:66,0
DA:75,0
DA:76,0
DA:86,0
DA:87,0
DA:100,0
DA:105,0
DA:106,0
DA:107,0
DA:118,0
DA:123,0
DA:124,0
DA:135,0
DA:140,0
DA:141,0
DA:152,0
DA:157,0
DA:158,0
DA:168,0
DA:172,0
DA:182,0
DA:183,0
DA:193,0
DA:194,0
DA:204,0
DA:208,0
DA:209,0
LF:40
LH:0
BRDA:105,0,0,0
BRDA:105,0,1,0
BRDA:105,1,0,0
BRDA:105,1,1,0
BRDA:106,2,0,0
BRDA:106,2,1,0
BRDA:106,3,0,0
BRDA:106,3,1,0
BRF:8
BRH:0
end_of_record
TN:
SF:src\modules\customer-accounts\customer-accounts.module.ts
FN:30,(anonymous_1)
FNF:1
FNH:0
FNDA:0,(anonymous_1)
DA:5,0
DA:6,0
DA:7,0
DA:10,0
DA:11,0
DA:12,0
DA:13,0
DA:16,0
DA:19,0
DA:22,0
DA:23,0
DA:30,0
DA:36,0
LF:13
LH:0
BRF:0
BRH:0
end_of_record
TN:
SF:src\modules\customer-accounts\customer-accounts.service.ts
FN:90,(anonymous_4)
FN:108,(anonymous_5)
FN:142,(anonymous_6)
FN:144,(anonymous_7)
FN:207,(anonymous_8)
FN:209,(anonymous_9)
FN:330,(anonymous_10)
FN:336,(anonymous_11)
FN:398,(anonymous_12)
FN:409,(anonymous_13)
FN:454,(anonymous_14)
FN:476,(anonymous_15)
FN:477,(anonymous_16)
FN:503,(anonymous_17)
FN:547,(anonymous_18)
FN:558,(anonymous_19)
FN:575,(anonymous_20)
FN:584,(anonymous_21)
FN:594,(anonymous_22)
FN:628,(anonymous_23)
FN:638,(anonymous_24)
FN:656,(anonymous_25)
FN:691,(anonymous_26)
FN:704,(anonymous_27)
FN:711,(anonymous_28)
FN:722,(anonymous_29)
FN:731,(anonymous_30)
FN:761,(anonymous_31)
FN:788,(anonymous_32)
FN:791,(anonymous_33)
FN:798,(anonymous_34)
FN:838,(anonymous_35)
FN:100,(anonymous_36)
FNF:33
FNH:0
FNDA:0,(anonymous_4)
FNDA:0,(anonymous_5)
FNDA:0,(anonymous_6)
FNDA:0,(anonymous_7)
FNDA:0,(anonymous_8)
FNDA:0,(anonymous_9)
FNDA:0,(anonymous_10)
FNDA:0,(anonymous_11)
FNDA:0,(anonymous_12)
FNDA:0,(anonymous_13)
FNDA:0,(anonymous_14)
FNDA:0,(anonymous_15)
FNDA:0,(anonymous_16)
FNDA:0,(anonymous_17)
FNDA:0,(anonymous_18)
FNDA:0,(anonymous_19)
FNDA:0,(anonymous_20)
FNDA:0,(anonymous_21)
FNDA:0,(anonymous_22)
FNDA:0,(anonymous_23)
FNDA:0,(anonymous_24)
FNDA:0,(anonymous_25)
FNDA:0,(anonymous_26)
FNDA:0,(anonymous_27)
FNDA:0,(anonymous_28)
FNDA:0,(anonymous_29)
FNDA:0,(anonymous_30)
FNDA:0,(anonymous_31)
FNDA:0,(anonymous_32)
FNDA:0,(anonymous_33)
FNDA:0,(anonymous_34)
FNDA:0,(anonymous_35)
FNDA:0,(anonymous_36)
DA:5,0
DA:11,0
DA:12,0
DA:13,0
DA:14,0
DA:15,0
DA:17,0
DA:18,0
DA:19,0
DA:20,0
DA:21,0
DA:89,0
DA:92,0
DA:94,0
DA:96,0
DA:98,0
DA:99,0
DA:100,0
DA:101,0
DA:102,0
DA:109,0
DA:114,0
DA:116,0
DA:118,0
DA:126,0
DA:129,0
DA:135,0
DA:144,0
DA:146,0
DA:153,0
DA:154,0
DA:155,0
DA:159,0
DA:160,0
DA:161,0
DA:162,0
DA:169,0
DA:170,0
DA:173,0
DA:174,0
DA:175,0
DA:177,0
DA:190,0
DA:193,0
DA:194,0
DA:195,0
DA:197,0
DA:209,0
DA:211,0
DA:218,0
DA:219,0
DA:220,0
DA:221,0
DA:225,0
DA:226,0
DA:229,0
DA:232,0
DA:233,0
DA:237,0
DA:238,0
DA:243,0
DA:244,0
DA:245,0
DA:246,0
DA:248,0
DA:261,0
DA:264,0
DA:265,0
DA:268,0
DA:269,0
DA:270,0
DA:271,0
DA:275,0
DA:288,0
DA:297,0
DA:300,0
DA:304,0
DA:305,0
DA:318,0
DA:321,0
DA:336,0
DA:338,0
DA:344,0
DA:345,0
DA:348,0
DA:351,0
DA:352,0
DA:359,0
DA:360,0
DA:361,0
DA:363,0
DA:364,0
DA:367,0
DA:368,0
DA:370,0
DA:384,0
DA:387,0
DA:388,0
DA:390,0
DA:409,0
DA:411,0
DA:417,0
DA:418,0
DA:421,0
DA:422,0
DA:423,0
DA:425,0
DA:438,0
DA:441,0
DA:442,0
DA:444,0
DA:446,0
DA:455,0
DA:456,0
DA:459,0
DA:468,0
DA:476,0
DA:477,0
DA:478,0
DA:480,0
DA:487,0
DA:504,0
DA:505,0
DA:507,0
DA:511,0
DA:512,0
DA:515,0
DA:516,0
DA:519,0
DA:520,0
DA:523,0
DA:524,0
DA:530,0
DA:535,0
DA:548,0
DA:559,0
DA:561,0
DA:562,0
DA:565,0
DA:566,0
DA:569,0
DA:576,0
DA:577,0
DA:578,0
DA:585,0
DA:586,0
DA:587,0
DA:595,0
DA:608,0
DA:609,0
DA:610,0
DA:612,0
DA:629,0
DA:638,0
DA:656,0
DA:657,0
DA:662,0
DA:691,0
DA:692,0
DA:693,0
DA:696,0
DA:704,0
DA:705,0
DA:707,0
DA:709,0
DA:710,0
DA:711,0
DA:712,0
DA:715,0
DA:723,0
DA:724,0
DA:725,0
DA:733,0
DA:744,0
DA:754,0
DA:766,0
DA:769,0
DA:779,0
DA:788,0
DA:791,0
DA:793,0
DA:794,0
DA:798,0
DA:799,0
DA:800,0
DA:802,0
DA:803,0
DA:804,0
DA:805,0
DA:808,0
DA:821,0
DA:823,0
DA:824,0
DA:832,0
DA:833,0
DA:835,0
DA:838,0
DA:840,0
DA:842,0
LF:199
LH:0
BRDA:114,0,0,0
BRDA:153,1,0,0
BRDA:159,2,0,0
BRDA:161,3,0,0
BRDA:169,4,0,0
BRDA:184,5,0,0
BRDA:184,5,1,0
BRDA:185,6,0,0
BRDA:185,6,1,0
BRDA:186,7,0,0
BRDA:186,7,1,0
BRDA:187,8,0,0
BRDA:187,8,1,0
BRDA:218,9,0,0
BRDA:220,10,0,0
BRDA:225,11,0,0
BRDA:232,12,0,0
BRDA:237,13,0,0
BRDA:254,14,0,0
BRDA:254,14,1,0
BRDA:257,15,0,0
BRDA:257,15,1,0
BRDA:258,16,0,0
BRDA:258,16,1,0
BRDA:268,17,0,0
BRDA:270,18,0,0
BRDA:311,19,0,0
BRDA:311,19,1,0
BRDA:311,20,0,0
BRDA:311,20,1,0
BRDA:313,21,0,0
BRDA:313,21,1,0
BRDA:344,22,0,0
BRDA:351,23,0,0
BRDA:359,24,0,0
BRDA:359,24,1,0
BRDA:361,25,0,0
BRDA:361,25,1,0
BRDA:364,26,0,0
BRDA:364,26,1,0
BRDA:378,27,0,0
BRDA:378,27,1,0
BRDA:381,28,0,0
BRDA:381,28,1,0
BRDA:417,29,0,0
BRDA:432,30,0,0
BRDA:432,30,1,0
BRDA:433,31,0,0
BRDA:433,31,1,0
BRDA:434,32,0,0
BRDA:434,32,1,0
BRDA:435,33,0,0
BRDA:435,33,1,0
BRDA:454,34,0,0
BRDA:454,35,0,0
BRDA:476,36,0,0
BRDA:476,36,1,0
BRDA:477,37,0,0
BRDA:477,37,1,0
BRDA:503,38,0,0
BRDA:504,39,0,0
BRDA:504,40,0,0
BRDA:511,41,0,0
BRDA:515,42,0,0
BRDA:519,43,0,0
BRDA:523,44,0,0
BRDA:561,45,0,0
BRDA:565,46,0,0
BRDA:608,47,0,0
BRDA:608,47,1,0
BRDA:609,48,0,0
BRDA:609,48,1,0
BRDA:610,49,0,0
BRDA:610,49,1,0
BRDA:613,50,0,0
BRDA:613,50,1,0
BRDA:614,51,0,0
BRDA:614,51,1,0
BRDA:615,52,0,0
BRDA:615,52,1,0
BRDA:618,53,0,0
BRDA:618,53,1,0
BRDA:619,54,0,0
BRDA:619,54,1,0
BRDA:620,55,0,0
BRDA:620,55,1,0
BRDA:640,56,0,0
BRDA:640,56,1,0
BRDA:692,57,0,0
BRDA:709,58,0,0
BRDA:709,58,1,0
BRDA:723,59,0,0
BRDA:724,60,0,0
BRDA:793,61,0,0
BRDA:818,62,0,0
BRDA:818,62,1,0
BRF:96
BRH:0
end_of_record
TN:
SF:src\modules\customer-accounts\dto\index.ts
FN:84,(anonymous_2)
FN:91,(anonymous_3)
FN:103,(anonymous_4)
FN:109,(anonymous_5)
FNF:4
FNH:0
FNDA:0,(anonymous_2)
FNDA:0,(anonymous_3)
FNDA:0,(anonymous_4)
FNDA:0,(anonymous_5)
DA:4,0
DA:5,0
DA:6,0
DA:7,0
DA:12,0
DA:16,0
DA:22,0
DA:27,0
DA:33,0
DA:39,0
DA:43,0
DA:47,0
DA:53,0
DA:59,0
DA:65,0
DA:70,0
DA:75,0
DA:81,0
DA:84,0
DA:87,0
DA:91,0
DA:94,0
DA:99,0
DA:103,0
DA:105,0
DA:109,0
DA:111,0
DA:116,0
LF:28
LH:0
BRF:0
BRH:0
end_of_record
TN:
SF:src\modules\customer-accounts\enums\account-status.enum.ts
FN:4,(anonymous_0)
FNF:1
FNH:0
FNDA:0,(anonymous_0)
DA:4,0
DA:5,0
DA:6,0
DA:7,0
LF:4
LH:0
BRDA:4,0,0,0
BRDA:4,0,1,0
BRF:2
BRH:0
end_of_record
TN:
SF:src\modules\customer-accounts\enums\movement-type.enum.ts
FN:4,(anonymous_0)
FNF:1
FNH:0
FNDA:0,(anonymous_0)
DA:4,0
DA:5,0
DA:6,0
DA:7,0
DA:8,0
DA:9,0
LF:6
LH:0
BRDA:4,0,0,0
BRDA:4,0,1,0
BRF:2
BRH:0
end_of_record
TN:
SF:src\modules\customers\customer-categories.controller.ts
FN:34,(anonymous_4)
FN:40,(anonymous_5)
FN:50,(anonymous_6)
FN:57,(anonymous_7)
FN:65,(anonymous_8)
FN:74,(anonymous_9)
FN:86,(anonymous_10)
FNF:7
FNH:0
FNDA:0,(anonymous_4)
FNDA:0,(anonymous_5)
FNDA:0,(anonymous_6)
FNDA:0,(anonymous_7)
FNDA:0,(anonymous_8)
FNDA:0,(anonymous_9)
FNDA:0,(anonymous_10)
DA:5,0
DA:16,0
DA:22,0
DA:23,0
DA:27,0
DA:33,0
DA:34,0
DA:40,0
DA:41,0
DA:50,0
DA:51,0
DA:57,0
DA:58,0
DA:65,0
DA:66,0
DA:74,0
DA:78,0
DA:86,0
DA:87,0
LF:19
LH:0
BRDA:43,0,0,0
BRDA:43,0,1,0
BRF:2
BRH:0
end_of_record
TN:
SF:src\modules\customers\customer-categories.repository.ts
FN:10,(anonymous_2)
FN:17,(anonymous_3)
FN:27,(anonymous_4)
FN:34,(anonymous_5)
FN:43,(anonymous_6)
FNF:5
FNH:0
FNDA:0,(anonymous_2)
FNDA:0,(anonymous_3)
FNDA:0,(anonymous_4)
FNDA:0,(anonymous_5)
FNDA:0,(anonymous_6)
DA:4,0
DA:5,0
DA:6,0
DA:9,0
DA:10,0
DA:11,0
DA:18,0
DA:28,0
DA:35,0
DA:44,0
DA:50,0
LF:11
LH:0
BRDA:50,0,0,0
BRDA:50,0,1,0
BRF:2
BRH:0
end_of_record
TN:
SF:src\modules\customers\customer-categories.service.ts
FN:16,(anonymous_2)
FN:23,(anonymous_3)
FN:43,(anonymous_4)
FN:52,(anonymous_5)
FN:59,(anonymous_6)
FN:74,(anonymous_7)
FN:93,(anonymous_8)
FNF:7
FNH:0
FNDA:0,(anonymous_2)
FNDA:0,(anonymous_3)
FNDA:0,(anonymous_4)
FNDA:0,(anonymous_5)
FNDA:0,(anonymous_6)
FNDA:0,(anonymous_7)
FNDA:0,(anonymous_8)
DA:5,0
DA:10,0
DA:12,0
DA:15,0
DA:17,0
DA:25,0
DA:26,0
DA:27,0
DA:31,0
DA:36,0
DA:37,0
DA:44,0
DA:53,0
DA:60,0
DA:64,0
DA:65,0
DA:68,0
DA:75,0
DA:78,0
DA:79,0
DA:80,0
DA:81,0
DA:85,0
DA:86,0
DA:94,0
DA:97,0
DA:98,0
DA:99,0
DA:104,0
DA:105,0
LF:30
LH:0
BRDA:26,0,0,0
BRDA:33,1,0,0
BRDA:33,1,1,0
BRDA:64,2,0,0
BRDA:78,3,0,0
BRDA:78,4,0,0
BRDA:78,4,1,0
BRDA:80,5,0,0
BRDA:98,6,0,0
BRF:9
BRH:0
end_of_record
TN:
SF:src\modules\customers\customers.controller.ts
FN:37,(anonymous_4)
FN:44,(anonymous_5)
FN:64,(anonymous_6)
FN:79,(anonymous_7)
FN:86,(anonymous_8)
FN:94,(anonymous_9)
FN:103,(anonymous_10)
FN:114,(anonymous_11)
FNF:8
FNH:0
FNDA:0,(anonymous_4)
FNDA:0,(anonymous_5)
FNDA:0,(anonymous_6)
FNDA:0,(anonymous_7)
FNDA:0,(anonymous_8)
FNDA:0,(anonymous_9)
FNDA:0,(anonymous_10)
FNDA:0,(anonymous_11)
DA:5,0
DA:17,0
DA:24,0
DA:25,0
DA:30,0
DA:36,0
DA:37,0
DA:44,0
DA:45,0
DA:64,0
DA:66,0
DA:73,0
DA:79,0
DA:80,0
DA:86,0
DA:87,0
DA:94,0
DA:95,0
DA:103,0
DA:107,0
DA:114,0
DA:115,0
LF:22
LH:0
BRDA:68,0,0,0
BRDA:68,0,1,0
BRDA:69,1,0,0
BRDA:69,1,1,0
BRDA:70,2,0,0
BRDA:70,2,1,0
BRDA:71,3,0,0
BRDA:71,3,1,0
BRF:8
BRH:0
end_of_record
TN:
SF:src\modules\customers\customers.module.ts
FNF:0
FNH:0
DA:5,0
DA:6,0
DA:9,0
DA:10,0
DA:13,0
DA:14,0
DA:17,0
DA:18,0
DA:21,0
DA:22,0
DA:25,0
DA:41,0
LF:12
LH:0
BRF:0
BRH:0
end_of_record
TN:
SF:src\modules\customers\customers.repository.ts
FN:12,(anonymous_2)
FN:19,(anonymous_3)
FN:77,(anonymous_4)
FN:84,(anonymous_5)
FN:91,(anonymous_6)
FN:102,(anonymous_7)
FN:123,(anonymous_8)
FNF:7
FNH:0
FNDA:0,(anonymous_2)
FNDA:0,(anonymous_3)
FNDA:0,(anonymous_4)
FNDA:0,(anonymous_5)
FNDA:0,(anonymous_6)
FNDA:0,(anonymous_7)
FNDA:0,(anonymous_8)
DA:5,0
DA:6,0
DA:7,0
DA:11,0
DA:12,0
DA:13,0
DA:32,0
DA:34,0
DA:38,0
DA:39,0
DA:46,0
DA:47,0
DA:51,0
DA:52,0
DA:56,0
DA:57,0
DA:61,0
DA:62,0
DA:66,0
DA:69,0
DA:71,0
DA:78,0
DA:85,0
DA:92,0
DA:108,0
DA:109,0
DA:110,0
DA:112,0
DA:119,0
DA:123,0
LF:30
LH:0
BRDA:38,0,0,0
BRDA:46,1,0,0
BRDA:51,2,0,0
BRDA:56,3,0,0
BRDA:61,4,0,0
BRDA:124,5,0,0
BRDA:124,5,1,0
BRF:7
BRH:0
end_of_record
TN:
SF:src\modules\customers\customers.service.ts
FN:24,(anonymous_2)
FN:34,(anonymous_3)
FN:94,(anonymous_4)
FN:109,(anonymous_5)
FN:125,(anonymous_6)
FN:134,(anonymous_7)
FN:174,(anonymous_8)
FN:213,(anonymous_9)
FN:238,(anonymous_10)
FN:251,(anonymous_11)
FN:258,(anonymous_12)
FNF:11
FNH:0
FNDA:0,(anonymous_2)
FNDA:0,(anonymous_3)
FNDA:0,(anonymous_4)
FNDA:0,(anonymous_5)
FNDA:0,(anonymous_6)
FNDA:0,(anonymous_7)
FNDA:0,(anonymous_8)
FNDA:0,(anonymous_9)
FNDA:0,(anonymous_10)
FNDA:0,(anonymous_11)
FNDA:0,(anonymous_12)
DA:5,0
DA:11,0
DA:12,0
DA:13,0
DA:19,0
DA:20,0
DA:23,0
DA:25,0
DA:26,0
DA:27,0
DA:36,0
DA:37,0
DA:40,0
DA:41,0
DA:46,0
DA:47,0
DA:48,0
DA:49,0
DA:54,0
DA:55,0
DA:58,0
DA:59,0
DA:64,0
DA:71,0
DA:87,0
DA:88,0
DA:95,0
DA:97,0
DA:110,0
DA:115,0
DA:116,0
DA:119,0
DA:126,0
DA:128,0
DA:130,0
DA:131,0
DA:135,0
DA:136,0
DA:137,0
DA:138,0
DA:142,0
DA:143,0
DA:144,0
DA:145,0
DA:149,0
DA:150,0
DA:153,0
DA:154,0
DA:159,0
DA:160,0
DA:161,0
DA:163,0
DA:180,0
DA:181,0
DA:185,0
DA:186,0
DA:189,0
DA:190,0
DA:194,0
DA:195,0
DA:197,0
DA:198,0
DA:205,0
DA:206,0
DA:209,0
DA:214,0
DA:216,0
DA:217,0
DA:218,0
DA:219,0
DA:220,0
DA:221,0
DA:222,0
DA:223,0
DA:224,0
DA:225,0
DA:226,0
DA:227,0
DA:228,0
DA:229,0
DA:230,0
DA:232,0
DA:239,0
DA:242,0
DA:243,0
DA:245,0
DA:252,0
DA:259,0
LF:88
LH:0
BRDA:36,0,0,0
BRDA:40,1,0,0
BRDA:46,2,0,0
BRDA:46,3,0,0
BRDA:46,3,1,0
BRDA:48,4,0,0
BRDA:54,5,0,0
BRDA:54,6,0,0
BRDA:54,6,1,0
BRDA:58,7,0,0
BRDA:73,8,0,0
BRDA:73,8,1,0
BRDA:74,9,0,0
BRDA:74,9,1,0
BRDA:75,10,0,0
BRDA:75,10,1,0
BRDA:76,11,0,0
BRDA:76,11,1,0
BRDA:77,12,0,0
BRDA:77,12,1,0
BRDA:78,13,0,0
BRDA:78,13,1,0
BRDA:79,14,0,0
BRDA:79,14,1,0
BRDA:80,15,0,0
BRDA:80,15,1,0
BRDA:81,16,0,0
BRDA:81,16,1,0
BRDA:82,17,0,0
BRDA:82,17,1,0
BRDA:83,18,0,0
BRDA:83,18,1,0
BRDA:84,19,0,0
BRDA:84,19,1,0
BRDA:115,20,0,0
BRDA:135,21,0,0
BRDA:135,22,0,0
BRDA:135,22,1,0
BRDA:137,23,0,0
BRDA:142,24,0,0
BRDA:142,25,0,0
BRDA:142,25,1,0
BRDA:142,25,2,0
BRDA:144,26,0,0
BRDA:149,27,0,0
BRDA:149,28,0,0
BRDA:149,28,1,0
BRDA:153,29,0,0
BRDA:159,30,0,0
BRDA:159,30,1,0
BRDA:160,31,0,0
BRDA:160,31,1,0
BRDA:161,32,0,0
BRDA:161,32,1,0
BRDA:180,33,0,0
BRDA:189,34,0,0
BRDA:194,35,0,0
BRDA:194,35,1,0
BRDA:195,36,0,0
BRDA:195,36,1,0
BRDA:197,37,0,0
BRDA:205,38,0,0
BRDA:216,39,0,0
BRDA:217,40,0,0
BRDA:218,41,0,0
BRDA:218,42,0,0
BRDA:218,42,1,0
BRDA:219,43,0,0
BRDA:219,44,0,0
BRDA:219,44,1,0
BRDA:220,45,0,0
BRDA:220,46,0,0
BRDA:220,46,1,0
BRDA:221,47,0,0
BRDA:221,48,0,0
BRDA:221,48,1,0
BRDA:222,49,0,0
BRDA:222,50,0,0
BRDA:222,50,1,0
BRDA:223,51,0,0
BRDA:223,52,0,0
BRDA:223,52,1,0
BRDA:224,53,0,0
BRDA:224,54,0,0
BRDA:224,54,1,0
BRDA:225,55,0,0
BRDA:225,56,0,0
BRDA:225,56,1,0
BRDA:226,57,0,0
BRDA:226,58,0,0
BRDA:226,58,1,0
BRDA:227,59,0,0
BRDA:227,60,0,0
BRDA:227,60,1,0
BRDA:228,61,0,0
BRDA:228,62,0,0
BRDA:228,62,1,0
BRDA:229,63,0,0
BRDA:229,64,0,0
BRDA:229,64,1,0
BRDA:230,65,0,0
BRF:101
BRH:0
end_of_record
TN:
SF:src\modules\customers\dto\index.ts
FNF:0
FNH:0
DA:4,0
DA:5,0
DA:6,0
DA:7,0
DA:8,0
LF:5
LH:0
BRF:0
BRH:0
end_of_record
TN:
SF:src\modules\expenses\expense-categories.controller.ts
FN:34,(anonymous_4)
FN:42,(anonymous_5)
FN:49,(anonymous_6)
FN:57,(anonymous_7)
FN:66,(anonymous_8)
FN:77,(anonymous_9)
FN:84,(anonymous_10)
FNF:7
FNH:0
FNDA:0,(anonymous_4)
FNDA:0,(anonymous_5)
FNDA:0,(anonymous_6)
FNDA:0,(anonymous_7)
FNDA:0,(anonymous_8)
FNDA:0,(anonymous_9)
FNDA:0,(anonymous_10)
DA:5,0
DA:16,0
DA:22,0
DA:23,0
DA:27,0
DA:33,0
DA:35,0
DA:42,0
DA:43,0
DA:49,0
DA:50,0
DA:57,0
DA:58,0
DA:66,0
DA:70,0
DA:77,0
DA:78,0
DA:84,0
DA:85,0
LF:19
LH:0
BRF:0
BRH:0
end_of_record
TN:
SF:src\modules\expenses\expense-categories.service.ts
FN:20,(anonymous_4)
FN:28,(anonymous_5)
FN:50,(anonymous_6)
FN:60,(anonymous_7)
FN:73,(anonymous_8)
FN:101,(anonymous_9)
FN:111,(anonymous_10)
FNF:7
FNH:0
FNDA:0,(anonymous_4)
FNDA:0,(anonymous_5)
FNDA:0,(anonymous_6)
FNDA:0,(anonymous_7)
FNDA:0,(anonymous_8)
FNDA:0,(anonymous_9)
FNDA:0,(anonymous_10)
DA:5,0
DA:10,0
DA:11,0
DA:12,0
DA:19,0
DA:22,0
DA:30,0
DA:34,0
DA:35,0
DA:38,0
DA:44,0
DA:51,0
DA:61,0
DA:63,0
DA:64,0
DA:67,0
DA:77,0
DA:80,0
DA:81,0
DA:85,0
DA:86,0
DA:91,0
DA:92,0
DA:93,0
DA:95,0
DA:102,0
DA:103,0
DA:104,0
DA:105,0
DA:112,0
DA:125,0
DA:127,0
DA:128,0
DA:132,0
DA:133,0
DA:134,0
DA:138,0
LF:37
LH:0
BRDA:34,0,0,0
BRDA:40,1,0,0
BRDA:40,1,1,0
BRDA:41,2,0,0
BRDA:41,2,1,0
BRDA:63,3,0,0
BRDA:80,4,0,0
BRDA:80,5,0,0
BRDA:80,5,1,0
BRDA:85,6,0,0
BRDA:91,7,0,0
BRDA:92,8,0,0
BRDA:92,9,0,0
BRDA:92,9,1,0
BRDA:93,10,0,0
BRDA:132,11,0,0
BRF:16
BRH:0
end_of_record
TN:
SF:src\modules\expenses\expenses.controller.ts
FN:39,(anonymous_4)
FN:45,(anonymous_5)
FN:52,(anonymous_6)
FN:61,(anonymous_7)
FN:72,(anonymous_8)
FN:80,(anonymous_9)
FN:91,(anonymous_10)
FN:100,(anonymous_11)
FNF:8
FNH:0
FNDA:0,(anonymous_4)
FNDA:0,(anonymous_5)
FNDA:0,(anonymous_6)
FNDA:0,(anonymous_7)
FNDA:0,(anonymous_8)
FNDA:0,(anonymous_9)
FNDA:0,(anonymous_10)
FNDA:0,(anonymous_11)
DA:5,0
DA:18,0
DA:25,0
DA:26,0
DA:31,0
DA:38,0
DA:39,0
DA:45,0
DA:46,0
DA:52,0
DA:53,0
DA:61,0
DA:65,0
DA:72,0
DA:73,0
DA:80,0
DA:84,0
DA:91,0
DA:92,0
DA:100,0
DA:105,0
LF:21
LH:0
BRF:0
BRH:0
end_of_record
TN:
SF:src\modules\expenses\expenses.module.ts
FNF:0
FNH:0
DA:5,0
DA:6,0
DA:7,0
DA:8,0
DA:9,0
DA:10,0
DA:11,0
DA:12,0
DA:23,0
LF:9
LH:0
BRF:0
BRH:0
end_of_record
TN:
SF:src\modules\expenses\expenses.service.ts
FN:47,(anonymous_4)
FN:59,(anonymous_5)
FN:153,(anonymous_6)
FN:222,(anonymous_7)
FN:238,(anonymous_8)
FN:257,(anonymous_9)
FN:283,(anonymous_10)
FN:299,(anonymous_11)
FN:328,(anonymous_12)
FN:388,(anonymous_13)
FN:406,(anonymous_14)
FN:407,(anonymous_15)
FN:410,(anonymous_16)
FN:411,(anonymous_17)
FN:416,(anonymous_18)
FN:430,(anonymous_19)
FN:436,(anonymous_20)
FNF:17
FNH:0
FNDA:0,(anonymous_4)
FNDA:0,(anonymous_5)
FNDA:0,(anonymous_6)
FNDA:0,(anonymous_7)
FNDA:0,(anonymous_8)
FNDA:0,(anonymous_9)
FNDA:0,(anonymous_10)
FNDA:0,(anonymous_11)
FNDA:0,(anonymous_12)
FNDA:0,(anonymous_13)
FNDA:0,(anonymous_14)
FNDA:0,(anonymous_15)
FNDA:0,(anonymous_16)
FNDA:0,(anonymous_17)
FNDA:0,(anonymous_18)
FNDA:0,(anonymous_19)
FNDA:0,(anonymous_20)
DA:5,0
DA:10,0
DA:11,0
DA:12,0
DA:13,0
DA:19,0
DA:20,0
DA:21,0
DA:22,0
DA:23,0
DA:46,0
DA:49,0
DA:51,0
DA:52,0
DA:53,0
DA:61,0
DA:62,0
DA:63,0
DA:64,0
DA:65,0
DA:72,0
DA:73,0
DA:74,0
DA:78,0
DA:79,0
DA:84,0
DA:85,0
DA:91,0
DA:105,0
DA:108,0
DA:109,0
DA:110,0
DA:111,0
DA:117,0
DA:121,0
DA:124,0
DA:128,0
DA:129,0
DA:147,0
DA:154,0
DA:155,0
DA:156,0
DA:158,0
DA:166,0
DA:167,0
DA:172,0
DA:173,0
DA:178,0
DA:179,0
DA:183,0
DA:184,0
DA:187,0
DA:188,0
DA:193,0
DA:194,0
DA:200,0
DA:201,0
DA:202,0
DA:205,0
DA:210,0
DA:223,0
DA:228,0
DA:229,0
DA:232,0
DA:239,0
DA:241,0
DA:244,0
DA:245,0
DA:246,0
DA:247,0
DA:248,0
DA:249,0
DA:252,0
DA:254,0
DA:261,0
DA:263,0
DA:264,0
DA:265,0
DA:266,0
DA:269,0
DA:271,0
DA:275,0
DA:276,0
DA:279,0
DA:280,0
DA:284,0
DA:286,0
DA:288,0
DA:289,0
DA:290,0
DA:293,0
DA:300,0
DA:301,0
DA:304,0
DA:305,0
DA:322,0
DA:329,0
DA:331,0
DA:332,0
DA:336,0
DA:339,0
DA:340,0
DA:341,0
DA:347,0
DA:348,0
DA:350,0
DA:353,0
DA:354,0
DA:360,0
DA:361,0
DA:362,0
DA:363,0
DA:369,0
DA:382,0
DA:389,0
DA:394,0
DA:395,0
DA:401,0
DA:403,0
DA:405,0
DA:406,0
DA:407,0
DA:409,0
DA:410,0
DA:411,0
DA:414,0
DA:416,0
DA:417,0
DA:418,0
DA:420,0
DA:421,0
DA:424,0
DA:425,0
DA:426,0
DA:429,0
DA:430,0
DA:436,0
DA:438,0
LF:138
LH:0
BRDA:62,0,0,0
BRDA:64,1,0,0
BRDA:73,2,0,0
BRDA:78,3,0,0
BRDA:87,4,0,0
BRDA:87,4,1,0
BRDA:96,5,0,0
BRDA:96,5,1,0
BRDA:97,6,0,0
BRDA:97,6,1,0
BRDA:98,7,0,0
BRDA:98,7,1,0
BRDA:101,8,0,0
BRDA:101,8,1,0
BRDA:102,9,0,0
BRDA:102,9,1,0
BRDA:108,10,0,0
BRDA:108,10,1,0
BRDA:108,11,0,0
BRDA:108,11,1,0
BRDA:115,12,0,0
BRDA:115,12,1,0
BRDA:128,13,0,0
BRDA:154,14,0,0
BRDA:154,14,1,0
BRDA:155,15,0,0
BRDA:155,15,1,0
BRDA:166,16,0,0
BRDA:172,17,0,0
BRDA:178,18,0,0
BRDA:178,18,1,0
BRDA:178,19,0,0
BRDA:178,19,1,0
BRDA:183,20,0,0
BRDA:183,20,1,0
BRDA:187,21,0,0
BRDA:193,22,0,0
BRDA:200,23,0,0
BRDA:200,23,1,0
BRDA:201,24,0,0
BRDA:201,24,1,0
BRDA:228,25,0,0
BRDA:244,26,0,0
BRDA:245,27,0,0
BRDA:246,28,0,0
BRDA:247,29,0,0
BRDA:247,30,0,0
BRDA:247,30,1,0
BRDA:248,31,0,0
BRDA:248,32,0,0
BRDA:248,32,1,0
BRDA:249,33,0,0
BRDA:249,34,0,0
BRDA:249,34,1,0
BRDA:261,35,0,0
BRDA:263,36,0,0
BRDA:263,37,0,0
BRDA:263,37,1,0
BRDA:269,38,0,0
BRDA:275,39,0,0
BRDA:284,40,0,0
BRDA:288,41,0,0
BRDA:293,42,0,0
BRDA:293,42,1,0
BRDA:304,43,0,0
BRDA:331,44,0,0
BRDA:340,45,0,0
BRDA:364,46,0,0
BRDA:364,46,1,0
BRDA:394,47,0,0
BRDA:394,48,0,0
BRDA:394,48,1,0
BRDA:417,49,0,0
BRDA:417,49,1,0
BRDA:418,50,0,0
BRDA:418,50,1,0
BRDA:420,51,0,0
BRF:77
BRH:0
end_of_record
TN:
SF:src\modules\expenses\dto\index.ts
FNF:0
FNH:0
DA:4,0
DA:5,0
DA:6,0
DA:7,0
DA:8,0
LF:5
LH:0
BRF:0
BRH:0
end_of_record
TN:
SF:src\modules\expenses\entities\index.ts
FNF:0
FNH:0
DA:4,0
DA:5,0
LF:2
LH:0
BRF:0
BRH:0
end_of_record
TN:
SF:src\modules\incomes\income-categories.controller.ts
FN:26,(anonymous_4)
FN:30,(anonymous_5)
FN:36,(anonymous_6)
FN:42,(anonymous_7)
FN:48,(anonymous_8)
FN:54,(anonymous_9)
FN:63,(anonymous_10)
FN:69,(anonymous_11)
FNF:8
FNH:0
FNDA:0,(anonymous_4)
FNDA:0,(anonymous_5)
FNDA:0,(anonymous_6)
FNDA:0,(anonymous_7)
FNDA:0,(anonymous_8)
FNDA:0,(anonymous_9)
FNDA:0,(anonymous_10)
FNDA:0,(anonymous_11)
DA:5,0
DA:16,0
DA:17,0
DA:18,0
DA:19,0
DA:25,0
DA:26,0
DA:30,0
DA:31,0
DA:36,0
DA:37,0
DA:42,0
DA:43,0
DA:48,0
DA:49,0
DA:54,0
DA:58,0
DA:63,0
DA:64,0
DA:69,0
DA:70,0
LF:21
LH:0
BRF:0
BRH:0
end_of_record
TN:
SF:src\modules\incomes\income-categories.service.ts
FN:17,(anonymous_4)
FN:25,(anonymous_5)
FN:52,(anonymous_6)
FN:61,(anonymous_7)
FN:71,(anonymous_8)
FN:82,(anonymous_9)
FN:102,(anonymous_10)
FN:111,(anonymous_11)
FNF:8
FNH:0
FNDA:0,(anonymous_4)
FNDA:0,(anonymous_5)
FNDA:0,(anonymous_6)
FNDA:0,(anonymous_7)
FNDA:0,(anonymous_8)
FNDA:0,(anonymous_9)
FNDA:0,(anonymous_10)
FNDA:0,(anonymous_11)
DA:5,0
DA:10,0
DA:11,0
DA:12,0
DA:16,0
DA:19,0
DA:27,0
DA:32,0
DA:33,0
DA:35,0
DA:36,0
DA:42,0
DA:45,0
DA:46,0
DA:53,0
DA:62,0
DA:72,0
DA:73,0
DA:74,0
DA:76,0
DA:83,0
DA:86,0
DA:87,0
DA:90,0
DA:91,0
DA:95,0
DA:96,0
DA:103,0
DA:104,0
DA:105,0
DA:112,0
DA:121,0
DA:122,0
DA:123,0
DA:127,0
DA:128,0
DA:129,0
DA:133,0
LF:38
LH:0
BRDA:32,0,0,0
BRDA:33,1,0,0
BRDA:73,2,0,0
BRDA:86,3,0,0
BRDA:86,4,0,0
BRDA:86,4,1,0
BRDA:90,5,0,0
BRDA:127,6,0,0
BRF:8
BRH:0
end_of_record
TN:
SF:src\modules\incomes\incomes.controller.ts
FN:33,(anonymous_4)
FN:37,(anonymous_5)
FN:44,(anonymous_6)
FN:50,(anonymous_7)
FN:59,(anonymous_8)
FN:65,(anonymous_9)
FN:74,(anonymous_10)
FN:85,(anonymous_11)
FNF:8
FNH:0
FNDA:0,(anonymous_4)
FNDA:0,(anonymous_5)
FNDA:0,(anonymous_6)
FNDA:0,(anonymous_7)
FNDA:0,(anonymous_8)
FNDA:0,(anonymous_9)
FNDA:0,(anonymous_10)
FNDA:0,(anonymous_11)
DA:5,0
DA:18,0
DA:19,0
DA:20,0
DA:21,0
DA:32,0
DA:33,0
DA:37,0
DA:38,0
DA:39,0
DA:44,0
DA:45,0
DA:50,0
DA:54,0
DA:59,0
DA:60,0
DA:65,0
DA:69,0
DA:74,0
DA:79,0
DA:80,0
DA:85,0
DA:86,0
LF:23
LH:0
BRDA:79,0,0,0
BRDA:79,0,1,0
BRF:2
BRH:0
end_of_record
TN:
SF:src\modules\incomes\incomes.module.ts
FNF:0
FNH:0
DA:5,0
DA:6,0
DA:7,0
DA:8,0
DA:9,0
DA:10,0
DA:11,0
DA:12,0
DA:13,0
DA:25,0
LF:10
LH:0
BRF:0
BRH:0
end_of_record
TN:
SF:src\modules\incomes\incomes.service.ts
FN:47,(anonymous_4)
FN:60,(anonymous_5)
FN:120,(anonymous_6)
FN:150,(anonymous_7)
FN:168,(anonymous_8)
FN:189,(anonymous_9)
FN:268,(anonymous_10)
FN:284,(anonymous_11)
FN:328,(anonymous_12)
FN:357,(anonymous_13)
FN:419,(anonymous_14)
FN:474,(anonymous_15)
FNF:12
FNH:0
FNDA:0,(anonymous_4)
FNDA:0,(anonymous_5)
FNDA:0,(anonymous_6)
FNDA:0,(anonymous_7)
FNDA:0,(anonymous_8)
FNDA:0,(anonymous_9)
FNDA:0,(anonymous_10)
FNDA:0,(anonymous_11)
FNDA:0,(anonymous_12)
FNDA:0,(anonymous_13)
FNDA:0,(anonymous_14)
FNDA:0,(anonymous_15)
DA:5,0
DA:10,0
DA:11,0
DA:12,0
DA:18,0
DA:19,0
DA:20,0
DA:21,0
DA:22,0
DA:23,0
DA:46,0
DA:49,0
DA:51,0
DA:52,0
DA:53,0
DA:54,0
DA:62,0
DA:63,0
DA:65,0
DA:68,0
DA:69,0
DA:72,0
DA:88,0
DA:91,0
DA:94,0
DA:97,0
DA:98,0
DA:117,0
DA:121,0
DA:122,0
DA:125,0
DA:126,0
DA:131,0
DA:132,0
DA:133,0
DA:134,0
DA:140,0
DA:141,0
DA:144,0
DA:145,0
DA:155,0
DA:157,0
DA:173,0
DA:175,0
DA:176,0
DA:182,0
DA:202,0
DA:204,0
DA:212,0
DA:213,0
DA:216,0
DA:217,0
DA:220,0
DA:221,0
DA:226,0
DA:227,0
DA:232,0
DA:233,0
DA:238,0
DA:239,0
DA:242,0
DA:243,0
DA:247,0
DA:250,0
DA:251,0
DA:256,0
DA:269,0
DA:274,0
DA:275,0
DA:278,0
DA:285,0
DA:288,0
DA:289,0
DA:295,0
DA:296,0
DA:299,0
DA:300,0
DA:307,0
DA:308,0
DA:309,0
DA:310,0
DA:312,0
DA:313,0
DA:314,0
DA:315,0
DA:316,0
DA:318,0
DA:319,0
DA:321,0
DA:322,0
DA:329,0
DA:330,0
DA:333,0
DA:334,0
DA:351,0
DA:362,0
DA:364,0
DA:365,0
DA:368,0
DA:369,0
DA:375,0
DA:376,0
DA:377,0
DA:383,0
DA:384,0
DA:385,0
DA:387,0
DA:390,0
DA:391,0
DA:396,0
DA:400,0
DA:413,0
DA:420,0
DA:422,0
DA:423,0
DA:428,0
DA:429,0
DA:435,0
DA:444,0
DA:456,0
DA:457,0
DA:462,0
DA:463,0
DA:468,0
DA:470,0
DA:474,0
LF:126
LH:0
BRDA:62,0,0,0
BRDA:62,0,1,0
BRDA:63,1,0,0
BRDA:63,1,1,0
BRDA:69,2,0,0
BRDA:69,2,1,0
BRDA:76,3,0,0
BRDA:76,3,1,0
BRDA:77,4,0,0
BRDA:77,4,1,0
BRDA:78,5,0,0
BRDA:78,5,1,0
BRDA:80,6,0,0
BRDA:80,6,1,0
BRDA:81,7,0,0
BRDA:81,7,1,0
BRDA:84,8,0,0
BRDA:84,8,1,0
BRDA:85,9,0,0
BRDA:85,9,1,0
BRDA:97,10,0,0
BRDA:121,11,0,0
BRDA:121,12,0,0
BRDA:121,12,1,0
BRDA:125,13,0,0
BRDA:125,14,0,0
BRDA:125,14,1,0
BRDA:131,15,0,0
BRDA:131,16,0,0
BRDA:131,16,1,0
BRDA:133,17,0,0
BRDA:140,18,0,0
BRDA:144,19,0,0
BRDA:155,20,0,0
BRDA:155,21,0,0
BRDA:155,21,1,0
BRDA:173,22,0,0
BRDA:173,23,0,0
BRDA:173,23,1,0
BRDA:173,23,2,0
BRDA:178,24,0,0
BRDA:178,24,1,0
BRDA:198,25,0,0
BRDA:199,26,0,0
BRDA:200,27,0,0
BRDA:201,28,0,0
BRDA:212,29,0,0
BRDA:216,30,0,0
BRDA:220,31,0,0
BRDA:226,32,0,0
BRDA:232,33,0,0
BRDA:238,34,0,0
BRDA:242,35,0,0
BRDA:274,36,0,0
BRDA:288,37,0,0
BRDA:288,38,0,0
BRDA:288,38,1,0
BRDA:295,39,0,0
BRDA:295,40,0,0
BRDA:295,40,1,0
BRDA:299,41,0,0
BRDA:307,42,0,0
BRDA:308,43,0,0
BRDA:309,44,0,0
BRDA:312,45,0,0
BRDA:312,46,0,0
BRDA:312,46,1,0
BRDA:313,47,0,0
BRDA:313,48,0,0
BRDA:313,48,1,0
BRDA:314,49,0,0
BRDA:314,50,0,0
BRDA:314,50,1,0
BRDA:315,51,0,0
BRDA:316,52,0,0
BRDA:316,52,1,0
BRDA:318,53,0,0
BRDA:318,54,0,0
BRDA:318,54,1,0
BRDA:319,55,0,0
BRDA:319,56,0,0
BRDA:319,56,1,0
BRDA:333,57,0,0
BRDA:364,58,0,0
BRDA:368,59,0,0
BRDA:376,60,0,0
BRDA:422,61,0,0
BRDA:428,62,0,0
BRDA:456,63,0,0
BRDA:462,64,0,0
BRDA:471,65,0,0
BRDA:471,65,1,0
BRDA:472,66,0,0
BRDA:472,66,1,0
BRDA:473,67,0,0
BRDA:473,67,1,0
BRDA:475,68,0,0
BRDA:475,68,1,0
BRDA:477,69,0,0
BRDA:477,69,1,0
BRDA:478,70,0,0
BRDA:478,70,1,0
BRF:102
BRH:0
end_of_record
TN:
SF:src\modules\incomes\dto\index.ts
FN:4,(anonymous_0)
FN:5,(anonymous_1)
FN:6,(anonymous_2)
FN:7,(anonymous_3)
FN:8,(anonymous_4)
FNF:5
FNH:0
FNDA:0,(anonymous_0)
FNDA:0,(anonymous_1)
FNDA:0,(anonymous_2)
FNDA:0,(anonymous_3)
FNDA:0,(anonymous_4)
DA:4,0
DA:5,0
DA:6,0
DA:7,0
DA:8,0
LF:5
LH:0
BRF:0
BRH:0
end_of_record
TN:
SF:src\modules\incomes\entities\index.ts
FN:4,(anonymous_0)
FN:5,(anonymous_1)
FNF:2
FNH:0
FNDA:0,(anonymous_0)
FNDA:0,(anonymous_1)
DA:4,0
DA:5,0
LF:2
LH:0
BRF:0
BRH:0
end_of_record
TN:
SF:src\modules\inventory\inventory.controller.ts
FN:15,(anonymous_4)
FN:20,(anonymous_5)
FN:27,(anonymous_6)
FN:34,(anonymous_7)
FN:41,(anonymous_8)
FN:49,(anonymous_9)
FN:57,(anonymous_10)
FN:64,(anonymous_11)
FNF:8
FNH:0
FNDA:0,(anonymous_4)
FNDA:0,(anonymous_5)
FNDA:0,(anonymous_6)
FNDA:0,(anonymous_7)
FNDA:0,(anonymous_8)
FNDA:0,(anonymous_9)
FNDA:0,(anonymous_10)
FNDA:0,(anonymous_11)
DA:1,0
DA:2,0
DA:3,0
DA:4,0
DA:5,0
DA:14,0
DA:15,0
DA:20,0
DA:21,0
DA:27,0
DA:28,0
DA:34,0
DA:35,0
DA:41,0
DA:42,0
DA:49,0
DA:50,0
DA:57,0
DA:58,0
DA:64,0
DA:65,0
LF:21
LH:0
BRF:0
BRH:0
end_of_record
TN:
SF:src\modules\inventory\inventory.module.ts
FNF:0
FNH:0
DA:1,0
DA:2,0
DA:3,0
DA:4,0
DA:5,0
DA:6,0
DA:7,0
DA:18,0
LF:8
LH:0
BRF:0
BRH:0
end_of_record
TN:
SF:src\modules\inventory\inventory.service.ts
FN:14,(anonymous_4)
FN:26,(anonymous_5)
FN:91,(anonymous_6)
FN:115,(anonymous_7)
FN:132,(anonymous_8)
FN:143,(anonymous_9)
FN:151,(anonymous_10)
FN:152,(anonymous_11)
FN:153,(anonymous_12)
FN:157,(anonymous_13)
FN:163,(anonymous_14)
FN:180,(anonymous_15)
FN:192,(anonymous_16)
FNF:13
FNH:0
FNDA:0,(anonymous_4)
FNDA:0,(anonymous_5)
FNDA:0,(anonymous_6)
FNDA:0,(anonymous_7)
FNDA:0,(anonymous_8)
FNDA:0,(anonymous_9)
FNDA:0,(anonymous_10)
FNDA:0,(anonymous_11)
FNDA:0,(anonymous_12)
FNDA:0,(anonymous_13)
FNDA:0,(anonymous_14)
FNDA:0,(anonymous_15)
FNDA:0,(anonymous_16)
DA:1,0
DA:2,0
DA:3,0
DA:4,0
DA:6,0
DA:7,0
DA:13,0
DA:16,0
DA:18,0
DA:19,0
DA:20,0
DA:27,0
DA:28,0
DA:29,0
DA:31,0
DA:32,0
DA:33,0
DA:34,0
DA:38,0
DA:39,0
DA:45,0
DA:50,0
DA:53,0
DA:54,0
DA:56,0
DA:57,0
DA:59,0
DA:60,0
DA:61,0
DA:65,0
DA:68,0
DA:69,0
DA:72,0
DA:81,0
DA:82,0
DA:84,0
DA:92,0
DA:93,0
DA:94,0
DA:97,0
DA:102,0
DA:116,0
DA:118,0
DA:126,0
DA:133,0
DA:144,0
DA:146,0
DA:150,0
DA:151,0
DA:152,0
DA:153,0
DA:156,0
DA:157,0
DA:162,0
DA:163,0
DA:167,0
DA:181,0
DA:193,0
DA:195,0
DA:196,0
DA:197,0
DA:198,0
DA:204,0
DA:207,0
DA:208,0
DA:217,0
LF:66
LH:0
BRDA:33,0,0,0
BRDA:38,1,0,0
BRDA:38,2,0,0
BRDA:38,2,1,0
BRDA:47,3,0,0
BRDA:47,3,1,0
BRDA:53,4,0,0
BRDA:53,4,1,0
BRDA:56,5,0,0
BRDA:56,6,0,0
BRDA:56,6,1,0
BRDA:59,7,0,0
BRDA:93,8,0,0
BRDA:153,9,0,0
BRDA:153,9,1,0
BRDA:163,10,0,0
BRDA:163,10,1,0
BRDA:197,11,0,0
BRDA:207,12,0,0
BRF:19
BRH:0
end_of_record
TN:
SF:src\modules\products\brands.controller.ts
FN:22,(anonymous_4)
FN:28,(anonymous_5)
FN:34,(anonymous_6)
FN:40,(anonymous_7)
FN:47,(anonymous_8)
FN:54,(anonymous_9)
FN:61,(anonymous_10)
FN:68,(anonymous_11)
FNF:8
FNH:0
FNDA:0,(anonymous_4)
FNDA:0,(anonymous_5)
FNDA:0,(anonymous_6)
FNDA:0,(anonymous_7)
FNDA:0,(anonymous_8)
FNDA:0,(anonymous_9)
FNDA:0,(anonymous_10)
FNDA:0,(anonymous_11)
DA:1,0
DA:12,0
DA:13,0
DA:14,0
DA:15,0
DA:21,0
DA:22,0
DA:28,0
DA:29,0
DA:34,0
DA:35,0
DA:40,0
DA:41,0
DA:47,0
DA:48,0
DA:54,0
DA:55,0
DA:61,0
DA:62,0
DA:68,0
DA:69,0
LF:21
LH:0
BRDA:29,0,0,0
BRDA:29,0,1,0
BRF:2
BRH:0
end_of_record
TN:
SF:src\modules\products\brands.repository.ts
FN:7,(anonymous_2)
FN:14,(anonymous_3)
FN:32,(anonymous_4)
FN:52,(anonymous_5)
FN:63,(anonymous_6)
FNF:5
FNH:0
FNDA:0,(anonymous_2)
FNDA:0,(anonymous_3)
FNDA:0,(anonymous_4)
FNDA:0,(anonymous_5)
FNDA:0,(anonymous_6)
DA:1,0
DA:2,0
DA:3,0
DA:6,0
DA:7,0
DA:8,0
DA:15,0
DA:17,0
DA:21,0
DA:22,0
DA:23,0
DA:26,0
DA:33,0
DA:34,0
DA:40,0
DA:53,0
DA:57,0
DA:64,0
LF:18
LH:0
BRDA:21,0,0,0
BRDA:32,1,0,0
BRDA:33,2,0,0
BRDA:33,3,0,0
BRDA:33,3,1,0
BRDA:57,4,0,0
BRDA:57,4,1,0
BRF:7
BRH:0
end_of_record
TN:
SF:src\modules\products\brands.service.ts
FN:14,(anonymous_2)
FN:19,(anonymous_3)
FN:29,(anonymous_4)
FN:36,(anonymous_5)
FN:43,(anonymous_6)
FN:52,(anonymous_7)
FN:67,(anonymous_8)
FN:76,(anonymous_9)
FN:100,(anonymous_10)
FNF:9
FNH:0
FNDA:0,(anonymous_2)
FNDA:0,(anonymous_3)
FNDA:0,(anonymous_4)
FNDA:0,(anonymous_5)
FNDA:0,(anonymous_6)
FNDA:0,(anonymous_7)
FNDA:0,(anonymous_8)
FNDA:0,(anonymous_9)
FNDA:0,(anonymous_10)
DA:1,0
DA:7,0
DA:10,0
DA:13,0
DA:14,0
DA:20,0
DA:21,0
DA:23,0
DA:30,0
DA:37,0
DA:44,0
DA:53,0
DA:57,0
DA:58,0
DA:61,0
DA:68,0
DA:69,0
DA:70,0
DA:77,0
DA:78,0
DA:80,0
DA:81,0
DA:85,0
DA:89,0
DA:90,0
DA:93,0
DA:94,0
DA:101,0
DA:104,0
DA:107,0
DA:108,0
DA:112,0
DA:114,0
LF:33
LH:0
BRDA:20,0,0,0
BRDA:20,1,0,0
BRDA:20,1,1,0
BRDA:57,2,0,0
BRDA:80,3,0,0
BRDA:89,4,0,0
BRDA:89,5,0,0
BRDA:89,5,1,0
BRDA:107,6,0,0
BRF:9
BRH:0
end_of_record
TN:
SF:src\modules\products\categories.controller.ts
FN:21,(anonymous_4)
FN:26,(anonymous_5)
FN:32,(anonymous_6)
FN:38,(anonymous_7)
FN:44,(anonymous_8)
FN:50,(anonymous_9)
FN:56,(anonymous_10)
FN:62,(anonymous_11)
FNF:8
FNH:0
FNDA:0,(anonymous_4)
FNDA:0,(anonymous_5)
FNDA:0,(anonymous_6)
FNDA:0,(anonymous_7)
FNDA:0,(anonymous_8)
FNDA:0,(anonymous_9)
FNDA:0,(anonymous_10)
FNDA:0,(anonymous_11)
DA:1,0
DA:11,0
DA:12,0
DA:13,0
DA:14,0
DA:20,0
DA:21,0
DA:26,0
DA:27,0
DA:32,0
DA:33,0
DA:38,0
DA:39,0
DA:44,0
DA:45,0
DA:50,0
DA:51,0
DA:56,0
DA:57,0
DA:62,0
DA:63,0
LF:21
LH:0
BRF:0
BRH:0
end_of_record
TN:
SF:src\modules\products\categories.repository.ts
FN:7,(anonymous_2)
FN:11,(anonymous_3)
FN:17,(anonymous_4)
FNF:3
FNH:0
FNDA:0,(anonymous_2)
FNDA:0,(anonymous_3)
FNDA:0,(anonymous_4)
DA:1,0
DA:2,0
DA:3,0
DA:6,0
DA:7,0
DA:8,0
DA:12,0
DA:18,0
LF:8
LH:0
BRF:0
BRH:0
end_of_record
TN:
SF:src\modules\products\categories.service.ts
FN:19,(anonymous_4)
FN:27,(anonymous_5)
FN:45,(anonymous_6)
FN:51,(anonymous_7)
FN:55,(anonymous_8)
FN:68,(anonymous_9)
FN:95,(anonymous_10)
FN:113,(anonymous_11)
FN:122,(anonymous_12)
FN:135,(anonymous_13)
FN:21,(anonymous_14)
FNF:11
FNH:0
FNDA:0,(anonymous_4)
FNDA:0,(anonymous_5)
FNDA:0,(anonymous_6)
FNDA:0,(anonymous_7)
FNDA:0,(anonymous_8)
FNDA:0,(anonymous_9)
FNDA:0,(anonymous_10)
FNDA:0,(anonymous_11)
FNDA:0,(anonymous_12)
FNDA:0,(anonymous_13)
FNDA:0,(anonymous_14)
DA:1,0
DA:8,0
DA:10,0
DA:11,0
DA:13,0
DA:14,0
DA:15,0
DA:18,0
DA:20,0
DA:21,0
DA:22,0
DA:23,0
DA:24,0
DA:29,0
DA:30,0
DA:31,0
DA:35,0
DA:41,0
DA:42,0
DA:46,0
DA:52,0
DA:56,0
DA:61,0
DA:62,0
DA:65,0
DA:69,0
DA:71,0
DA:72,0
DA:73,0
DA:74,0
DA:79,0
DA:81,0
DA:82,0
DA:85,0
DA:86,0
DA:92,0
DA:96,0
DA:98,0
DA:100,0
DA:106,0
DA:114,0
DA:115,0
DA:117,0
DA:118,0
DA:122,0
DA:123,0
DA:127,0
DA:135,0
DA:144,0
DA:156,0
DA:159,0
LF:51
LH:0
BRDA:30,0,0,0
BRDA:37,1,0,0
BRDA:37,1,1,0
BRDA:38,2,0,0
BRDA:38,2,1,0
BRDA:61,3,0,0
BRDA:71,4,0,0
BRDA:71,5,0,0
BRDA:71,5,1,0
BRDA:73,6,0,0
BRDA:79,7,0,0
BRDA:79,7,1,0
BRDA:85,8,0,0
BRDA:117,9,0,0
BRDA:117,10,0,0
BRDA:117,10,1,0
BRF:16
BRH:0
end_of_record
TN:
SF:src\modules\products\products.controller.ts
FN:29,(anonymous_4)
FN:34,(anonymous_5)
FN:40,(anonymous_6)
FN:46,(anonymous_7)
FN:52,(anonymous_8)
FN:58,(anonymous_9)
FNF:6
FNH:0
FNDA:0,(anonymous_4)
FNDA:0,(anonymous_5)
FNDA:0,(anonymous_6)
FNDA:0,(anonymous_7)
FNDA:0,(anonymous_8)
FNDA:0,(anonymous_9)
DA:1,0
DA:12,0
DA:13,0
DA:14,0
DA:19,0
DA:28,0
DA:29,0
DA:34,0
DA:35,0
DA:40,0
DA:41,0
DA:46,0
DA:47,0
DA:52,0
DA:53,0
DA:58,0
DA:59,0
LF:17
LH:0
BRF:0
BRH:0
end_of_record
TN:
SF:src\modules\products\products.module.ts
FN:23,(anonymous_1)
FNF:1
FNH:0
FNDA:0,(anonymous_1)
DA:1,0
DA:2,0
DA:3,0
DA:4,0
DA:5,0
DA:6,0
DA:7,0
DA:8,0
DA:9,0
DA:10,0
DA:11,0
DA:12,0
DA:14,0
DA:15,0
DA:16,0
DA:17,0
DA:23,0
DA:36,0
LF:18
LH:0
BRF:0
BRH:0
end_of_record
TN:
SF:src\modules\products\products.repository.ts
FN:8,(anonymous_2)
FN:12,(anonymous_3)
FN:54,(anonymous_4)
FN:58,(anonymous_5)
FN:62,(anonymous_6)
FNF:5
FNH:0
FNDA:0,(anonymous_2)
FNDA:0,(anonymous_3)
FNDA:0,(anonymous_4)
FNDA:0,(anonymous_5)
FNDA:0,(anonymous_6)
DA:1,0
DA:2,0
DA:3,0
DA:7,0
DA:8,0
DA:9,0
DA:16,0
DA:18,0
DA:23,0
DA:24,0
DA:31,0
DA:32,0
DA:36,0
DA:37,0
DA:41,0
DA:42,0
DA:46,0
DA:49,0
DA:51,0
DA:55,0
DA:59,0
DA:63,0
LF:22
LH:0
BRDA:23,0,0,0
BRDA:31,1,0,0
BRDA:36,2,0,0
BRDA:41,3,0,0
BRDA:41,4,0,0
BRDA:41,4,1,0
BRF:6
BRH:0
end_of_record
TN:
SF:src\modules\products\products.service.ts
FN:33,(anonymous_4)
FN:48,(anonymous_5)
FN:67,(anonymous_6)
FN:135,(anonymous_7)
FN:153,(anonymous_8)
FN:166,(anonymous_9)
FN:202,(anonymous_10)
FN:222,(anonymous_11)
FN:266,(anonymous_12)
FN:280,(anonymous_13)
FN:307,(anonymous_14)
FN:38,(anonymous_15)
FNF:12
FNH:0
FNDA:0,(anonymous_4)
FNDA:0,(anonymous_5)
FNDA:0,(anonymous_6)
FNDA:0,(anonymous_7)
FNDA:0,(anonymous_8)
FNDA:0,(anonymous_9)
FNDA:0,(anonymous_10)
FNDA:0,(anonymous_11)
FNDA:0,(anonymous_12)
FNDA:0,(anonymous_13)
FNDA:0,(anonymous_14)
FNDA:0,(anonymous_15)
DA:1,0
DA:7,0
DA:8,0
DA:15,0
DA:16,0
DA:17,0
DA:21,0
DA:32,0
DA:34,0
DA:35,0
DA:36,0
DA:37,0
DA:38,0
DA:39,0
DA:54,0
DA:55,0
DA:59,0
DA:60,0
DA:64,0
DA:69,0
DA:70,0
DA:71,0
DA:74,0
DA:75,0
DA:77,0
DA:81,0
DA:82,0
DA:89,0
DA:90,0
DA:91,0
DA:95,0
DA:98,0
DA:99,0
DA:114,0
DA:117,0
DA:118,0
DA:129,0
DA:132,0
DA:138,0
DA:139,0
DA:142,0
DA:144,0
DA:154,0
DA:159,0
DA:160,0
DA:163,0
DA:167,0
DA:170,0
DA:171,0
DA:175,0
DA:176,0
DA:177,0
DA:178,0
DA:179,0
DA:181,0
DA:182,0
DA:187,0
DA:190,0
DA:191,0
DA:192,0
DA:193,0
DA:194,0
DA:196,0
DA:203,0
DA:204,0
DA:207,0
DA:208,0
DA:210,0
DA:211,0
DA:214,0
DA:215,0
DA:224,0
DA:225,0
DA:227,0
DA:228,0
DA:229,0
DA:230,0
DA:233,0
DA:234,0
DA:235,0
DA:239,0
DA:240,0
DA:241,0
DA:242,0
DA:243,0
DA:247,0
DA:248,0
DA:253,0
DA:254,0
DA:255,0
DA:259,0
DA:260,0
DA:261,0
DA:262,0
DA:267,0
DA:270,0
DA:271,0
DA:273,0
DA:282,0
DA:290,0
DA:291,0
DA:293,0
DA:294,0
DA:295,0
DA:296,0
DA:297,0
DA:300,0
DA:309,0
DA:310,0
DA:312,0
DA:313,0
LF:111
LH:0
BRDA:54,0,0,0
BRDA:54,1,0,0
BRDA:54,1,1,0
BRDA:59,2,0,0
BRDA:59,3,0,0
BRDA:59,3,1,0
BRDA:70,4,0,0
BRDA:74,5,0,0
BRDA:81,6,0,0
BRDA:81,6,1,0
BRDA:90,7,0,0
BRDA:90,8,0,0
BRDA:90,8,1,0
BRDA:98,9,0,0
BRDA:98,9,1,0
BRDA:108,10,0,0
BRDA:108,10,1,0
BRDA:110,11,0,0
BRDA:110,11,1,0
BRDA:111,12,0,0
BRDA:111,12,1,0
BRDA:117,13,0,0
BRDA:138,14,0,0
BRDA:159,15,0,0
BRDA:170,16,0,0
BRDA:175,17,0,0
BRDA:176,18,0,0
BRDA:176,18,1,0
BRDA:176,19,0,0
BRDA:176,19,1,0
BRDA:190,20,0,0
BRDA:191,21,0,0
BRDA:192,22,0,0
BRDA:193,23,0,0
BRDA:194,24,0,0
BRDA:203,25,0,0
BRDA:203,25,1,0
BRDA:207,26,0,0
BRDA:224,27,0,0
BRDA:227,28,0,0
BRDA:227,28,1,0
BRDA:227,29,0,0
BRDA:227,29,1,0
BRDA:229,30,0,0
BRDA:233,31,0,0
BRDA:233,31,1,0
BRDA:234,32,0,0
BRDA:234,32,1,0
BRDA:239,33,0,0
BRDA:239,34,0,0
BRDA:239,34,1,0
BRDA:241,35,0,0
BRDA:241,35,1,0
BRDA:247,36,0,0
BRDA:247,37,0,0
BRDA:247,37,1,0
BRDA:250,38,0,0
BRDA:250,38,1,0
BRDA:259,39,0,0
BRDA:259,40,0,0
BRDA:259,40,1,0
BRDA:293,41,0,0
BRDA:293,41,1,0
BRDA:309,42,0,0
BRF:64
BRH:0
end_of_record
TN:
SF:src\modules\products\dto\index.ts
FNF:0
FNH:0
DA:1,0
DA:2,0
DA:3,0
DA:4,0
DA:5,0
DA:6,0
DA:7,0
LF:7
LH:0
BRF:0
BRH:0
end_of_record
TN:
SF:src\modules\purchases\purchases.controller.ts
FN:26,(anonymous_4)
FN:32,(anonymous_5)
FN:40,(anonymous_6)
FN:48,(anonymous_7)
FN:59,(anonymous_8)
FN:67,(anonymous_9)
FN:75,(anonymous_10)
FN:86,(anonymous_11)
FN:98,(anonymous_12)
FNF:9
FNH:0
FNDA:0,(anonymous_4)
FNDA:0,(anonymous_5)
FNDA:0,(anonymous_6)
FNDA:0,(anonymous_7)
FNDA:0,(anonymous_8)
FNDA:0,(anonymous_9)
FNDA:0,(anonymous_10)
FNDA:0,(anonymous_11)
FNDA:0,(anonymous_12)
DA:5,0
DA:18,0
DA:19,0
DA:20,0
DA:25,0
DA:26,0
DA:32,0
DA:33,0
DA:40,0
DA:41,0
DA:48,0
DA:52,0
DA:59,0
DA:60,0
DA:67,0
DA:68,0
DA:75,0
DA:79,0
DA:86,0
DA:91,0
DA:98,0
DA:99,0
LF:22
LH:0
BRF:0
BRH:0
end_of_record
TN:
SF:src\modules\purchases\purchases.module.ts
FNF:0
FNH:0
DA:5,0
DA:6,0
DA:7,0
DA:8,0
DA:9,0
DA:10,0
DA:11,0
DA:12,0
DA:13,0
DA:27,0
LF:10
LH:0
BRF:0
BRH:0
end_of_record
TN:
SF:src\modules\purchases\purchases.service.ts
FN:46,(anonymous_4)
FN:62,(anonymous_5)
FN:160,(anonymous_6)
FN:171,(anonymous_7)
FN:177,(anonymous_8)
FN:182,(anonymous_9)
FN:187,(anonymous_10)
FN:194,(anonymous_11)
FN:198,(anonymous_12)
FN:210,(anonymous_13)
FN:245,(anonymous_14)
FN:327,(anonymous_15)
FN:343,(anonymous_16)
FN:392,(anonymous_17)
FN:429,(anonymous_18)
FN:501,(anonymous_19)
FN:526,(anonymous_20)
FN:540,(anonymous_21)
FN:557,(anonymous_22)
FN:560,(anonymous_23)
FN:561,(anonymous_24)
FN:564,(anonymous_25)
FN:565,(anonymous_26)
FN:589,(anonymous_27)
FN:597,(anonymous_28)
FNF:25
FNH:0
FNDA:0,(anonymous_4)
FNDA:0,(anonymous_5)
FNDA:0,(anonymous_6)
FNDA:0,(anonymous_7)
FNDA:0,(anonymous_8)
FNDA:0,(anonymous_9)
FNDA:0,(anonymous_10)
FNDA:0,(anonymous_11)
FNDA:0,(anonymous_12)
FNDA:0,(anonymous_13)
FNDA:0,(anonymous_14)
FNDA:0,(anonymous_15)
FNDA:0,(anonymous_16)
FNDA:0,(anonymous_17)
FNDA:0,(anonymous_18)
FNDA:0,(anonymous_19)
FNDA:0,(anonymous_20)
FNDA:0,(anonymous_21)
FNDA:0,(anonymous_22)
FNDA:0,(anonymous_23)
FNDA:0,(anonymous_24)
FNDA:0,(anonymous_25)
FNDA:0,(anonymous_26)
FNDA:0,(anonymous_27)
FNDA:0,(anonymous_28)
DA:5,0
DA:10,0
DA:11,0
DA:12,0
DA:13,0
DA:19,0
DA:20,0
DA:21,0
DA:22,0
DA:23,0
DA:24,0
DA:25,0
DA:26,0
DA:45,0
DA:48,0
DA:50,0
DA:51,0
DA:52,0
DA:53,0
DA:54,0
DA:55,0
DA:56,0
DA:63,0
DA:65,0
DA:66,0
DA:67,0
DA:69,0
DA:70,0
DA:73,0
DA:76,0
DA:79,0
DA:82,0
DA:102,0
DA:105,0
DA:106,0
DA:109,0
DA:112,0
DA:117,0
DA:118,0
DA:121,0
DA:122,0
DA:125,0
DA:126,0
DA:127,0
DA:128,0
DA:145,0
DA:147,0
DA:150,0
DA:152,0
DA:153,0
DA:155,0
DA:156,0
DA:161,0
DA:163,0
DA:164,0
DA:165,0
DA:172,0
DA:173,0
DA:182,0
DA:183,0
DA:184,0
DA:188,0
DA:190,0
DA:191,0
DA:198,0
DA:199,0
DA:216,0
DA:218,0
DA:223,0
DA:225,0
DA:226,0
DA:227,0
DA:228,0
DA:230,0
DA:232,0
DA:246,0
DA:247,0
DA:248,0
DA:250,0
DA:260,0
DA:261,0
DA:266,0
DA:267,0
DA:270,0
DA:271,0
DA:275,0
DA:276,0
DA:279,0
DA:280,0
DA:285,0
DA:286,0
DA:291,0
DA:292,0
DA:297,0
DA:298,0
DA:305,0
DA:306,0
DA:307,0
DA:310,0
DA:315,0
DA:328,0
DA:333,0
DA:334,0
DA:337,0
DA:344,0
DA:346,0
DA:347,0
DA:350,0
DA:351,0
DA:352,0
DA:354,0
DA:356,0
DA:357,0
DA:358,0
DA:359,0
DA:360,0
DA:361,0
DA:364,0
DA:365,0
DA:366,0
DA:369,0
DA:370,0
DA:371,0
DA:372,0
DA:375,0
DA:377,0
DA:378,0
DA:380,0
DA:382,0
DA:383,0
DA:385,0
DA:393,0
DA:395,0
DA:396,0
DA:401,0
DA:404,0
DA:405,0
DA:423,0
DA:431,0
DA:432,0
DA:433,0
DA:438,0
DA:440,0
DA:441,0
DA:444,0
DA:445,0
DA:446,0
DA:448,0
DA:450,0
DA:451,0
DA:452,0
DA:455,0
DA:456,0
DA:457,0
DA:459,0
DA:462,0
DA:471,0
DA:474,0
DA:488,0
DA:490,0
DA:491,0
DA:493,0
DA:503,0
DA:507,0
DA:509,0
DA:527,0
DA:528,0
DA:533,0
DA:534,0
DA:541,0
DA:545,0
DA:546,0
DA:552,0
DA:554,0
DA:556,0
DA:557,0
DA:559,0
DA:560,0
DA:561,0
DA:563,0
DA:564,0
DA:565,0
DA:568,0
DA:573,0
DA:574,0
DA:577,0
DA:590,0
DA:597,0
LF:188
LH:0
BRDA:86,0,0,0
BRDA:86,0,1,0
BRDA:87,1,0,0
BRDA:87,1,1,0
BRDA:90,2,0,0
BRDA:90,2,1,0
BRDA:91,3,0,0
BRDA:91,3,1,0
BRDA:93,4,0,0
BRDA:93,4,1,0
BRDA:94,5,0,0
BRDA:94,5,1,0
BRDA:95,6,0,0
BRDA:95,6,1,0
BRDA:96,7,0,0
BRDA:96,7,1,0
BRDA:97,8,0,0
BRDA:97,8,1,0
BRDA:98,9,0,0
BRDA:98,9,1,0
BRDA:117,10,0,0
BRDA:126,11,0,0
BRDA:126,11,1,0
BRDA:152,12,0,0
BRDA:161,13,0,0
BRDA:164,14,0,0
BRDA:183,15,0,0
BRDA:183,15,1,0
BRDA:183,16,0,0
BRDA:183,16,1,0
BRDA:188,17,0,0
BRDA:191,18,0,0
BRDA:191,18,1,0
BRDA:205,19,0,0
BRDA:205,19,1,0
BRDA:216,20,0,0
BRDA:223,21,0,0
BRDA:227,22,0,0
BRDA:227,22,1,0
BRDA:230,23,0,0
BRDA:238,24,0,0
BRDA:238,24,1,0
BRDA:246,25,0,0
BRDA:246,25,1,0
BRDA:247,26,0,0
BRDA:247,26,1,0
BRDA:260,27,0,0
BRDA:266,28,0,0
BRDA:270,29,0,0
BRDA:270,29,1,0
BRDA:270,30,0,0
BRDA:270,30,1,0
BRDA:275,31,0,0
BRDA:275,31,1,0
BRDA:279,32,0,0
BRDA:285,33,0,0
BRDA:291,34,0,0
BRDA:297,35,0,0
BRDA:305,36,0,0
BRDA:305,36,1,0
BRDA:306,37,0,0
BRDA:306,37,1,0
BRDA:333,38,0,0
BRDA:346,39,0,0
BRDA:356,40,0,0
BRDA:357,41,0,0
BRDA:357,42,0,0
BRDA:357,42,1,0
BRDA:358,43,0,0
BRDA:358,44,0,0
BRDA:358,44,1,0
BRDA:359,45,0,0
BRDA:359,46,0,0
BRDA:359,46,1,0
BRDA:360,47,0,0
BRDA:360,48,0,0
BRDA:360,48,1,0
BRDA:361,49,0,0
BRDA:361,50,0,0
BRDA:361,50,1,0
BRDA:364,51,0,0
BRDA:365,52,0,0
BRDA:369,53,0,0
BRDA:369,54,0,0
BRDA:369,54,1,0
BRDA:372,55,0,0
BRDA:372,55,1,0
BRDA:375,56,0,0
BRDA:395,57,0,0
BRDA:404,58,0,0
BRDA:432,59,0,0
BRDA:440,60,0,0
BRDA:450,61,0,0
BRDA:503,62,0,0
BRDA:503,62,1,0
BRDA:545,63,0,0
BRDA:545,64,0,0
BRDA:545,64,1,0
BRF:98
BRH:0
end_of_record
TN:
SF:src\modules\purchases\dto\index.ts
FNF:0
FNH:0
DA:4,0
DA:5,0
DA:6,0
LF:3
LH:0
BRF:0
BRH:0
end_of_record
TN:
SF:src\modules\purchases\entities\index.ts
FNF:0
FNH:0
DA:4,0
DA:5,0
LF:2
LH:0
BRF:0
BRH:0
end_of_record
TN:
SF:src\modules\reports\reports.controller.ts
FN:13,(anonymous_4)
FN:20,(anonymous_5)
FN:29,(anonymous_6)
FN:42,(anonymous_7)
FN:55,(anonymous_8)
FN:68,(anonymous_9)
FN:82,(anonymous_10)
FN:95,(anonymous_11)
FN:109,(anonymous_12)
FN:122,(anonymous_13)
FNF:10
FNH:10
FNDA:12,(anonymous_4)
FNDA:1,(anonymous_5)
FNDA:2,(anonymous_6)
FNDA:1,(anonymous_7)
FNDA:1,(anonymous_8)
FNDA:2,(anonymous_9)
FNDA:1,(anonymous_10)
FNDA:1,(anonymous_11)
FNDA:1,(anonymous_12)
FNDA:1,(anonymous_13)
DA:5,1
DA:6,1
DA:7,1
DA:8,1
DA:12,1
DA:13,12
DA:20,1
DA:21,1
DA:29,1
DA:30,2
DA:42,1
DA:43,1
DA:55,1
DA:56,1
DA:68,1
DA:69,2
DA:82,1
DA:83,1
DA:95,1
DA:96,1
DA:109,1
DA:110,1
DA:122,1
DA:123,1
LF:24
LH:24
BRF:0
BRH:0
end_of_record
TN:
SF:src\modules\reports\reports.module.ts
FNF:0
FNH:0
DA:5,0
DA:6,0
DA:7,0
DA:8,0
DA:11,0
DA:12,0
DA:13,0
DA:14,0
DA:15,0
DA:16,0
DA:17,0
DA:18,0
DA:19,0
DA:20,0
DA:23,0
DA:24,0
DA:47,0
LF:17
LH:0
BRF:0
BRH:0
end_of_record
TN:
SF:src\modules\reports\reports.service.ts
FN:288,(anonymous_4)
FN:317,(anonymous_5)
FN:339,(anonymous_6)
FN:345,(anonymous_7)
FN:411,(anonymous_8)
FN:418,(anonymous_9)
FN:424,(anonymous_10)
FN:439,(anonymous_11)
FN:455,(anonymous_12)
FN:456,(anonymous_13)
FN:457,(anonymous_14)
FN:459,(anonymous_15)
FN:470,(anonymous_16)
FN:471,(anonymous_17)
FN:472,(anonymous_18)
FN:488,(anonymous_19)
FN:495,(anonymous_20)
FN:504,(anonymous_21)
FN:505,(anonymous_22)
FN:506,(anonymous_23)
FN:516,(anonymous_24)
FN:517,(anonymous_25)
FN:518,(anonymous_26)
FN:534,(anonymous_27)
FN:541,(anonymous_28)
FN:603,(anonymous_29)
FN:634,(anonymous_30)
FN:639,(anonymous_31)
FN:681,(anonymous_32)
FN:700,(anonymous_33)
FN:707,(anonymous_34)
FN:710,(anonymous_35)
FN:718,(anonymous_36)
FN:730,(anonymous_37)
FN:735,(anonymous_38)
FN:742,(anonymous_39)
FN:789,(anonymous_40)
FN:802,(anonymous_41)
FN:812,(anonymous_42)
FN:829,(anonymous_43)
FN:830,(anonymous_44)
FN:831,(anonymous_45)
FN:832,(anonymous_46)
FN:833,(anonymous_47)
FN:836,(anonymous_48)
FN:838,(anonymous_49)
FN:839,(anonymous_50)
FN:867,(anonymous_51)
FN:914,(anonymous_52)
FN:924,(anonymous_53)
FN:932,(anonymous_54)
FN:949,(anonymous_55)
FN:950,(anonymous_56)
FN:951,(anonymous_57)
FN:952,(anonymous_58)
FN:955,(anonymous_59)
FN:963,(anonymous_60)
FN:974,(anonymous_61)
FN:984,(anonymous_62)
FN:1016,(anonymous_63)
FN:1045,(anonymous_64)
FN:1046,(anonymous_65)
FN:1062,(anonymous_66)
FN:1069,(anonymous_67)
FN:1089,(anonymous_68)
FN:1090,(anonymous_69)
FN:1120,(anonymous_70)
FN:1153,(anonymous_71)
FN:1154,(anonymous_72)
FN:1155,(anonymous_73)
FN:1197,(anonymous_74)
FN:1198,(anonymous_75)
[...]
DA:205,0
DA:206,0
DA:207,0
DA:208,0
DA:210,0
DA:218,0
DA:233,0
DA:236,0
DA:237,0
DA:239,0
DA:240,0
DA:243,0
DA:253,0
DA:254,0
DA:255,0
DA:256,0
DA:257,0
DA:259,0
DA:260,0
DA:264,0
DA:267,0
DA:268,0
DA:269,0
DA:276,0
DA:277,0
DA:278,0
DA:281,0
DA:283,0
DA:284,0
DA:287,0
DA:289,0
LF:69
LH:0
BRDA:44,0,0,0
BRDA:49,1,0,0
BRDA:50,2,0,0
BRDA:50,2,1,0
BRDA:53,3,0,0
BRDA:53,3,1,0
BRDA:56,4,0,0
BRDA:56,4,1,0
BRDA:143,5,0,0
BRDA:143,5,1,0
BRDA:172,6,0,0
BRDA:173,7,0,0
BRDA:173,7,1,0
BRDA:182,8,0,0
BRDA:193,9,0,0
BRDA:194,10,0,0
BRDA:194,10,1,0
BRDA:206,11,0,0
BRDA:207,12,0,0
BRDA:207,12,1,0
BRDA:223,13,0,0
BRDA:223,13,1,0
BRDA:236,14,0,0
BRDA:236,15,0,0
BRDA:236,15,1,0
BRDA:239,16,0,0
BRDA:246,17,0,0
BRDA:246,17,1,0
BRDA:259,18,0,0
BRDA:268,19,0,0
BRDA:271,20,0,0
BRDA:271,20,1,0
BRDA:283,21,0,0
BRF:33
BRH:0
end_of_record
TN:
SF:src\modules\suppliers\suppliers.controller.ts
FN:24,(anonymous_4)
FN:31,(anonymous_5)
FN:40,(anonymous_6)
FN:49,(anonymous_7)
FN:58,(anonymous_8)
FN:67,(anonymous_9)
FN:76,(anonymous_10)
FN:85,(anonymous_11)
FN:97,(anonymous_12)
FNF:9
FNH:0
FNDA:0,(anonymous_4)
FNDA:0,(anonymous_5)
FNDA:0,(anonymous_6)
FNDA:0,(anonymous_7)
FNDA:0,(anonymous_8)
FNDA:0,(anonymous_9)
FNDA:0,(anonymous_10)
FNDA:0,(anonymous_11)
FNDA:0,(anonymous_12)
DA:5,0
DA:17,0
DA:18,0
DA:19,0
DA:23,0
DA:24,0
DA:31,0
DA:32,0
DA:40,0
DA:41,0
DA:49,0
DA:50,0
DA:58,0
DA:59,0
DA:67,0
DA:68,0
DA:76,0
DA:77,0
DA:85,0
DA:89,0
DA:97,0
DA:98,0
LF:22
LH:0
BRDA:68,0,0,0
BRDA:68,0,1,0
BRF:2
BRH:0
end_of_record
TN:
SF:src\modules\suppliers\suppliers.module.ts
FNF:0
FNH:0
DA:5,0
DA:6,0
DA:7,0
DA:8,0
DA:9,0
DA:17,0
LF:6
LH:0
BRF:0
BRH:0
end_of_record
TN:
SF:src\modules\suppliers\suppliers.service.ts
FN:31,(anonymous_4)
FN:39,(anonymous_5)
FN:78,(anonymous_6)
FN:136,(anonymous_7)
FN:146,(anonymous_8)
FN:162,(anonymous_9)
FN:173,(anonymous_10)
FN:195,(anonymous_11)
FN:205,(anonymous_12)
FNF:9
FNH:0
FNDA:0,(anonymous_4)
FNDA:0,(anonymous_5)
FNDA:0,(anonymous_6)
FNDA:0,(anonymous_7)
FNDA:0,(anonymous_8)
FNDA:0,(anonymous_9)
FNDA:0,(anonymous_10)
FNDA:0,(anonymous_11)
FNDA:0,(anonymous_12)
DA:5,0
DA:10,0
DA:11,0
DA:12,0
DA:30,0
DA:33,0
DA:41,0
DA:42,0
DA:45,0
DA:46,0
DA:52,0
DA:72,0
DA:79,0
DA:80,0
DA:81,0
DA:83,0
DA:84,0
DA:87,0
DA:88,0
DA:92,0
DA:93,0
DA:97,0
DA:98,0
DA:102,0
DA:103,0
DA:112,0
DA:115,0
DA:124,0
DA:137,0
DA:147,0
DA:152,0
DA:163,0
DA:164,0
DA:165,0
DA:167,0
DA:174,0
DA:177,0
DA:178,0
DA:181,0
DA:182,0
DA:188,0
DA:189,0
DA:196,0
DA:197,0
DA:198,0
DA:199,0
DA:206,0
LF:47
LH:0
BRDA:41,0,0,0
BRDA:45,1,0,0
BRDA:54,2,0,0
BRDA:54,2,1,0
BRDA:55,3,0,0
BRDA:55,3,1,0
BRDA:56,4,0,0
BRDA:56,4,1,0
BRDA:57,5,0,0
BRDA:57,5,1,0
BRDA:58,6,0,0
BRDA:58,6,1,0
BRDA:59,7,0,0
BRDA:59,7,1,0
BRDA:60,8,0,0
BRDA:60,8,1,0
BRDA:61,9,0,0
BRDA:61,9,1,0
BRDA:62,10,0,0
BRDA:62,10,1,0
BRDA:63,11,0,0
BRDA:63,11,1,0
BRDA:64,12,0,0
BRDA:64,12,1,0
BRDA:65,13,0,0
BRDA:65,13,1,0
BRDA:66,14,0,0
BRDA:66,14,1,0
BRDA:67,15,0,0
BRDA:67,15,1,0
BRDA:68,16,0,0
BRDA:68,16,1,0
BRDA:69,17,0,0
BRDA:69,17,1,0
BRDA:79,18,0,0
BRDA:79,18,1,0
BRDA:80,19,0,0
BRDA:80,19,1,0
BRDA:87,20,0,0
BRDA:92,21,0,0
BRDA:97,22,0,0
BRDA:102,23,0,0
BRDA:102,23,1,0
BRDA:116,24,0,0
BRDA:116,24,1,0
BRDA:118,25,0,0
BRDA:118,25,1,0
BRDA:118,26,0,0
BRDA:118,26,1,0
BRDA:164,27,0,0
BRDA:177,28,0,0
BRDA:177,29,0,0
BRDA:177,29,1,0
BRDA:181,30,0,0
BRDA:181,31,0,0
BRDA:181,31,1,0
BRF:56
BRH:0
end_of_record
TN:
SF:src\modules\suppliers\dto\index.ts
FNF:0
FNH:0
DA:4,0
DA:5,0
DA:6,0
LF:3
LH:0
BRF:0
BRH:0
end_of_record
TN:
SF:src\modules\suppliers\entities\index.ts
FNF:0
FNH:0
DA:4,0
LF:1
LH:0
BRF:0
BRH:0
end_of_record
TN:
SF:src\scripts\apply-category-changes.ts
FN:21,(anonymous_0)
FNF:1
FNH:0
FNDA:0,(anonymous_0)
DA:5,0
DA:6,0
DA:7,0
DA:9,0
DA:11,0
DA:21,0
DA:22,0
DA:23,0
DA:24,0
DA:27,0
DA:28,0
DA:34,0
DA:40,0
DA:41,0
DA:42,0
DA:48,0
DA:55,0
DA:56,0
DA:57,0
DA:70,0
DA:71,0
DA:76,0
DA:84,0
DA:85,0
DA:89,0
DA:92,0
DA:93,0
DA:95,0
DA:96,0
DA:98,0
DA:99,0
LF:31
LH:0
BRDA:13,0,0,0
BRDA:13,0,1,0
BRDA:14,1,0,0
BRDA:14,1,1,0
BRDA:15,2,0,0
BRDA:15,2,1,0
BRDA:16,3,0,0
BRDA:16,3,1,0
BRDA:17,4,0,0
BRDA:17,4,1,0
BRDA:40,5,0,0
BRDA:40,5,1,0
BRDA:55,6,0,0
BRDA:98,7,0,0
BRF:14
BRH:0
end_of_record
TN:
SF:src\scripts\check-tables.ts
FN:19,(anonymous_0)
FNF:1
FNH:0
FNDA:0,(anonymous_0)
DA:4,0
DA:5,0
DA:6,0
DA:8,0
DA:10,0
DA:19,0
DA:20,0
DA:21,0
DA:24,0
DA:33,0
DA:41,0
DA:42,0
DA:43,0
DA:45,0
DA:46,0
DA:47,0
DA:50,0
DA:51,0
DA:52,0
DA:55,0
DA:57,0
DA:58,0
DA:60,0
DA:61,0
LF:24
LH:0
BRDA:12,0,0,0
BRDA:12,0,1,0
BRDA:13,1,0,0
BRDA:13,1,1,0
BRDA:14,2,0,0
BRDA:14,2,1,0
BRDA:15,3,0,0
BRDA:15,3,1,0
BRDA:16,4,0,0
BRDA:16,4,1,0
BRDA:42,5,0,0
BRDA:42,5,1,0
BRDA:43,6,0,0
BRDA:43,6,1,0
BRDA:45,7,0,0
BRDA:50,8,0,0
BRDA:60,9,0,0
BRF:17
BRH:0
end_of_record
TN:
SF:src\scripts\create-audit-table.ts
FN:15,(anonymous_0)
FNF:1
FNH:0
FNDA:0,(anonymous_0)
DA:4,0
DA:6,0
DA:15,0
DA:16,0
DA:17,0
DA:18,0
DA:21,0
DA:35,0
DA:38,0
DA:44,0
DA:47,0
DA:48,0
DA:50,0
DA:51,0
DA:53,0
DA:54,0
LF:16
LH:0
BRDA:8,0,0,0
BRDA:8,0,1,0
BRDA:9,1,0,0
BRDA:9,1,1,0
BRDA:10,2,0,0
BRDA:10,2,1,0
BRDA:11,3,0,0
BRDA:11,3,1,0
BRDA:12,4,0,0
BRDA:12,4,1,0
BRF:10
BRH:0
end_of_record
TN:
SF:src\scripts\debug-admin.ts
FN:28,fetchUserWithPasswordHash
FN:46,validateAndFixPassword
FN:98,(anonymous_11)
FNF:3
FNH:0
FNDA:0,fetchUserWithPasswordHash
FNDA:0,validateAndFixPassword
FNDA:0,(anonymous_11)
DA:4,0
DA:5,0
DA:6,0
DA:7,0
DA:8,0
DA:9,0
DA:12,0
DA:14,0
DA:32,0
DA:36,0
DA:37,0
DA:40,0
DA:51,0
DA:52,0
DA:53,0
DA:56,0
DA:57,0
DA:58,0
DA:60,0
DA:61,0
DA:62,0
DA:63,0
DA:64,0
DA:65,0
DA:66,0
DA:69,0
DA:70,0
DA:71,0
DA:73,0
DA:80,0
DA:82,0
DA:83,0
DA:84,0
DA:86,0
DA:87,0
DA:88,0
DA:89,0
DA:90,0
DA:91,0
DA:95,0
DA:98,0
DA:99,0
DA:100,0
DA:101,0
DA:102,0
DA:103,0
DA:105,0
DA:106,0
DA:107,0
DA:110,0
DA:112,0
DA:113,0
DA:114,0
DA:115,0
DA:117,0
DA:118,0
DA:119,0
DA:120,0
DA:121,0
DA:122,0
DA:123,0
DA:124,0
DA:125,0
DA:127,0
DA:128,0
DA:129,0
DA:132,0
DA:133,0
DA:135,0
DA:136,0
DA:137,0
LF:71
LH:0
BRDA:16,0,0,0
BRDA:16,0,1,0
BRDA:17,1,0,0
BRDA:17,1,1,0
BRDA:18,2,0,0
BRDA:18,2,1,0
BRDA:19,3,0,0
BRDA:19,3,1,0
BRDA:20,4,0,0
BRDA:20,4,1,0
BRDA:36,5,0,0
BRDA:51,6,0,0
BRDA:58,7,0,0
BRDA:58,7,1,0
BRDA:60,8,0,0
BRDA:82,9,0,0
BRDA:84,10,0,0
BRDA:84,10,1,0
BRDA:86,11,0,0
BRDA:112,12,0,0
BRDA:112,12,1,0
BRDA:123,13,0,0
BRDA:123,13,1,0
BRDA:124,14,0,0
BRDA:124,14,1,0
BRDA:125,15,0,0
BRDA:125,15,1,0
BRDA:129,16,0,0
BRDA:129,16,1,0
BRDA:135,17,0,0
BRF:30
BRH:0
end_of_record
TN:
SF:src\scripts\fix-admin.ts
FN:18,fixAdmin
FNF:1
FNH:0
FNDA:0,fixAdmin
DA:4,0
DA:5,0
DA:7,0
DA:19,0
DA:20,0
DA:21,0
DA:22,0
DA:25,0
DA:26,0
DA:29,0
DA:33,0
DA:35,0
DA:36,0
DA:38,0
DA:39,0
DA:43,0
LF:16
LH:0
BRF:0
BRH:0
end_of_record
TN:
SF:src\scripts\generate-full-migration.ts
FN:43,generateFullMigration
FN:102,(anonymous_10)
FN:178,(anonymous_11)
FNF:3
FNH:0
FNDA:0,generateFullMigration
FNDA:0,(anonymous_10)
FNDA:0,(anonymous_11)
DA:1,0
DA:2,0
DA:3,0
DA:4,0
DA:5,0
DA:8,0
DA:44,0
DA:46,0
DA:57,0
DA:58,0
DA:61,0
DA:70,0
DA:72,0
DA:73,0
DA:76,0
DA:77,0
DA:80,0
DA:90,0
DA:93,0
DA:96,0
DA:98,0
DA:100,0
DA:102,0
DA:103,0
DA:104,0
DA:106,0
DA:109,0
DA:111,0
DA:128,0
DA:138,0
DA:140,0
DA:141,0
DA:144,0
DA:145,0
DA:146,0
DA:147,0
DA:148,0
DA:149,0
DA:150,0
DA:151,0
DA:153,0
DA:157,0
DA:158,0
DA:162,0
DA:164,0
DA:166,0
DA:167,0
DA:168,0
DA:170,0
DA:173,0
DA:177,0
DA:178,0
DA:179,0
DA:182,0
DA:188,0
DA:189,0
DA:191,0
DA:193,0
DA:197,0
DA:218,0
DA:221,0
DA:222,0
DA:223,0
DA:224,0
DA:226,0
DA:235,0
DA:244,0
DA:246,0
DA:247,0
DA:248,0
DA:250,0
DA:251,0
DA:254,0
DA:257,0
DA:258,0
DA:283,0
DA:286,0
DA:287,0
DA:288,0
DA:291,0
DA:293,0
DA:294,0
DA:297,0
LF:83
LH:0
BRDA:48,0,0,0
BRDA:48,0,1,0
BRDA:49,1,0,0
BRDA:49,1,1,0
BRDA:50,2,0,0
BRDA:50,2,1,0
BRDA:51,3,0,0
BRDA:51,3,1,0
BRDA:52,4,0,0
BRDA:52,4,1,0
BRDA:96,5,0,0
BRDA:96,5,1,0
BRDA:144,6,0,0
BRDA:144,6,1,0
BRDA:146,7,0,0
BRDA:146,7,1,0
BRDA:147,8,0,0
BRDA:147,8,1,0
BRDA:148,9,0,0
BRDA:148,9,1,0
BRDA:150,10,0,0
BRDA:150,10,1,0
BRDA:157,11,0,0
BRDA:162,12,0,0
BRDA:166,13,0,0
BRDA:177,14,0,0
BRDA:223,15,0,0
BRDA:223,15,1,0
BRDA:224,16,0,0
BRDA:224,16,1,0
BRDA:287,17,0,0
BRF:31
BRH:0
end_of_record
TN:
SF:src\scripts\generate-initial-migration.ts
FN:11,generateMigration
FNF:1
FNH:0
FNDA:0,generateMigration
DA:1,0
DA:2,0
DA:3,0
DA:4,0
DA:5,0
DA:6,0
DA:9,0
DA:12,0
DA:14,0
DA:26,0
DA:27,0
DA:30,0
DA:39,0
DA:44,0
DA:46,0
DA:63,0
DA:73,0
DA:88,0
DA:92,0
DA:97,0
DA:100,0
DA:101,0
DA:132,0
DA:135,0
DA:136,0
DA:137,0
DA:140,0
DA:142,0
DA:143,0
DA:146,0
LF:30
LH:0
BRDA:16,0,0,0
BRDA:16,0,1,0
BRDA:17,1,0,0
BRDA:17,1,1,0
BRDA:18,2,0,0
BRDA:18,2,1,0
BRDA:19,3,0,0
BRDA:19,3,1,0
BRDA:20,4,0,0
BRDA:20,4,1,0
BRDA:136,5,0,0
BRF:11
BRH:0
end_of_record
TN:
SF:src\scripts\populate-products.ts
FN:37,connectDB
FN:44,closeDB
FN:51,getJsonFiles
FN:66,createCategories
FN:80,(anonymous_13)
FN:109,processFile
FN:231,main
FNF:7
FNH:0
FNDA:0,connectDB
FNDA:0,closeDB
FNDA:0,getJsonFiles
FNDA:0,createCategories
FNDA:0,(anonymous_13)
FNDA:0,processFile
FNDA:0,main
DA:2,0
DA:3,0
DA:4,0
DA:5,0
DA:6,0
DA:7,0
DA:8,0
DA:9,0
DA:12,0
DA:14,0
DA:17,0
DA:38,0
DA:39,0
DA:40,0
DA:45,0
DA:46,0
DA:47,0
DA:52,0
DA:53,0
DA:54,0
DA:55,0
DA:56,0
DA:57,0
DA:58,0
DA:59,0
DA:60,0
DA:63,0
DA:67,0
DA:68,0
DA:69,0
DA:71,0
DA:73,0
DA:75,0
DA:76,0
DA:77,0
DA:78,0
DA:80,0
DA:81,0
DA:82,0
DA:83,0
DA:87,0
DA:91,0
DA:93,0
DA:94,0
DA:95,0
DA:96,0
DA:101,0
DA:102,0
DA:104,0
DA:110,0
DA:111,0
DA:112,0
DA:113,0
DA:115,0
DA:117,0
DA:118,0
DA:119,0
DA:122,0
DA:123,0
DA:126,0
DA:127,0
DA:129,0
DA:131,0
DA:132,0
DA:133,0
DA:136,0
DA:138,0
DA:139,0
DA:141,0
DA:142,0
DA:143,0
DA:144,0
DA:145,0
DA:147,0
DA:148,0
DA:149,0
DA:153,0
DA:154,0
DA:155,0
DA:158,0
DA:163,0
DA:164,0
DA:165,0
DA:166,0
DA:167,0
DA:171,0
DA:177,0
DA:182,0
DA:184,0
DA:185,0
DA:186,0
DA:187,0
DA:189,0
DA:190,0
DA:191,0
DA:193,0
DA:194,0
DA:199,0
DA:209,0
DA:212,0
DA:215,0
DA:216,0
DA:220,0
DA:221,0
DA:224,0
DA:227,0
DA:232,0
DA:233,0
DA:235,0
DA:236,0
DA:237,0
DA:238,0
DA:239,0
DA:240,0
DA:241,0
DA:242,0
DA:244,0
DA:245,0
DA:246,0
DA:247,0
DA:248,0
DA:250,0
DA:251,0
DA:252,0
DA:253,0
DA:254,0
DA:255,0
DA:258,0
DA:259,0
DA:260,0
DA:261,0
DA:264,0
DA:266,0
DA:270,0
LF:134
LH:0
BRDA:20,0,0,0
BRDA:20,0,1,0
BRDA:38,1,0,0
BRDA:45,2,0,0
BRDA:57,3,0,0
BRDA:57,3,1,0
BRDA:57,4,0,0
BRDA:57,4,1,0
BRDA:59,5,0,0
BRDA:81,6,0,0
BRDA:81,6,1,0
BRDA:82,7,0,0
BRDA:95,8,0,0
BRDA:95,8,1,0
BRDA:122,9,0,0
BRDA:131,10,0,0
BRDA:144,11,0,0
BRDA:144,11,1,0
BRDA:147,12,0,0
BRDA:147,13,0,0
BRDA:147,13,1,0
BRDA:154,14,0,0
BRDA:164,15,0,0
BRDA:166,16,0,0
BRDA:182,17,0,0
BRDA:182,17,1,0
BRDA:185,18,0,0
BRDA:189,19,0,0
BRDA:189,20,0,0
BRDA:189,20,1,0
BRDA:193,21,0,0
BRDA:202,22,0,0
BRDA:202,22,1,0
BRDA:203,23,0,0
BRDA:203,23,1,0
BRDA:204,24,0,0
BRDA:204,24,1,0
BRDA:206,25,0,0
BRDA:206,25,1,0
BRDA:215,26,0,0
BRDA:220,27,0,0
BRDA:220,27,1,0
BRDA:236,28,0,0
BRDA:236,28,1,0
BRDA:238,29,0,0
BRDA:238,29,1,0
BRDA:240,30,0,0
BRDA:246,31,0,0
BRDA:251,32,0,0
BRDA:251,32,1,0
BRF:50
BRH:0
end_of_record
TN:
SF:src\scripts\reset-admin-password.ts
FN:25,(anonymous_9)
FNF:1
FNH:0
FNDA:0,(anonymous_9)
DA:5,0
DA:6,0
DA:7,0
DA:8,0
DA:9,0
DA:12,0
DA:14,0
DA:25,0
DA:26,0
DA:27,0
DA:28,0
DA:29,0
DA:30,0
DA:32,0
DA:33,0
DA:35,0
DA:37,0
DA:38,0
DA:39,0
DA:42,0
DA:45,0
DA:52,0
DA:53,0
DA:54,0
DA:55,0
DA:57,0
DA:60,0
DA:61,0
DA:63,0
DA:64,0
DA:66,0
LF:31
LH:0
BRDA:16,0,0,0
BRDA:16,0,1,0
BRDA:17,1,0,0
BRDA:17,1,1,0
BRDA:18,2,0,0
BRDA:18,2,1,0
BRDA:19,3,0,0
BRDA:19,3,1,0
BRDA:20,4,0,0
BRDA:20,4,1,0
BRDA:37,5,0,0
BRDA:37,5,1,0
BRDA:63,6,0,0
BRF:13
BRH:0
end_of_record
TN:
SF:src\scripts\run-migrations.ts
FN:79,(anonymous_9)
FN:100,(anonymous_10)
FNF:2
FNH:0
FNDA:0,(anonymous_9)
FNDA:0,(anonymous_10)
DA:1,0
DA:2,0
DA:3,0
DA:4,0
DA:5,0
DA:6,0
DA:7,0
DA:8,0
DA:9,0
DA:10,0
DA:11,0
DA:12,0
DA:13,0
DA:14,0
DA:15,0
DA:16,0
DA:17,0
DA:18,0
DA:19,0
DA:20,0
DA:21,0
DA:22,0
DA:23,0
DA:24,0
DA:25,0
DA:26,0
DA:27,0
DA:28,0
DA:29,0
DA:30,0
DA:32,0
DA:35,0
DA:37,0
DA:79,0
DA:80,0
DA:81,0
DA:82,0
DA:84,0
DA:87,0
DA:88,0
DA:89,0
DA:92,0
DA:94,0
DA:96,0
DA:97,0
DA:99,0
DA:100,0
DA:101,0
DA:105,0
DA:106,0
DA:109,0
DA:110,0
DA:112,0
DA:113,0
LF:54
LH:0
BRDA:39,0,0,0
BRDA:39,0,1,0
BRDA:40,1,0,0
BRDA:40,1,1,0
BRDA:41,2,0,0
BRDA:41,2,1,0
BRDA:42,3,0,0
BRDA:42,3,1,0
BRDA:43,4,0,0
BRDA:43,4,1,0
BRDA:88,5,0,0
BRDA:96,6,0,0
BRDA:96,6,1,0
BRDA:112,7,0,0
BRF:14
BRH:0
end_of_record
TN:
SF:src\scripts\seed-admin.ts
FN:27,seedAdmin
FN:112,(anonymous_10)
FNF:2
FNH:0
FNDA:0,seedAdmin
FNDA:0,(anonymous_10)
DA:6,0
DA:7,0
DA:8,0
DA:9,0
DA:12,0
DA:13,0
DA:14,0
DA:15,0
DA:16,0
DA:17,0
DA:20,0
DA:27,0
DA:28,0
DA:29,0
DA:33,0
DA:34,0
DA:35,0
DA:36,0
DA:37,0
DA:40,0
DA:41,0
DA:42,0
DA:43,0
DA:48,0
DA:52,0
DA:53,0
DA:54,0
DA:59,0
DA:63,0
DA:64,0
DA:65,0
DA:72,0
DA:76,0
DA:82,0
DA:83,0
DA:84,0
DA:85,0
DA:90,0
DA:98,0
DA:99,0
DA:100,0
DA:101,0
DA:105,0
DA:111,0
DA:112,0
DA:113,0
DA:124,0
DA:125,0
DA:126,0
DA:129,0
LF:50
LH:0
BRDA:41,0,0,0
BRDA:53,1,0,0
BRDA:64,2,0,0
BRDA:84,3,0,0
BRDA:100,4,0,0
BRDA:111,5,0,0
BRDA:115,6,0,0
BRDA:115,6,1,0
BRDA:116,7,0,0
BRDA:116,7,1,0
BRDA:117,8,0,0
BRDA:117,8,1,0
BRDA:118,9,0,0
BRDA:118,9,1,0
BRDA:119,10,0,0
BRDA:119,10,1,0
BRF:16
BRH:0
end_of_record
TN:
SF:src\scripts\seed.ts
FN:71,getDateDaysAgo
FN:77,getTimestampDaysAgo
FN:84,randomInt
FN:88,randomElement
FN:92,seed
FN:468,(anonymous_14)
FN:539,(anonymous_15)
FNF:7
FNH:0
FNDA:0,getDateDaysAgo
FNDA:0,getTimestampDaysAgo
FNDA:0,randomInt
FNDA:0,randomElement
FNDA:0,seed
FNDA:0,(anonymous_14)
FNDA:0,(anonymous_15)
DA:5,0
DA:6,0
DA:7,0
DA:8,0
DA:11,0
DA:12,0
DA:13,0
DA:14,0
DA:15,0
DA:16,0
DA:17,0
DA:18,0
DA:19,0
DA:20,0
DA:21,0
DA:22,0
DA:23,0
DA:24,0
DA:25,0
DA:26,0
DA:27,0
DA:28,0
DA:29,0
DA:30,0
DA:31,0
DA:32,0
DA:33,0
DA:34,0
DA:35,0
DA:36,0
DA:37,0
DA:38,0
DA:39,0
DA:40,0
DA:41,0
DA:42,0
DA:45,0
DA:47,0
DA:72,0
DA:73,0
DA:74,0
DA:78,0
DA:79,0
DA:80,0
DA:81,0
DA:85,0
DA:89,0
DA:93,0
DA:94,0
DA:95,0
DA:96,0
DA:99,0
DA:100,0
DA:101,0
DA:102,0
DA:103,0
DA:104,0
DA:105,0
DA:106,0
DA:107,0
DA:108,0
DA:109,0
DA:110,0
DA:111,0
DA:112,0
DA:113,0
DA:114,0
DA:115,0
DA:116,0
DA:117,0
DA:118,0
DA:119,0
DA:123,0
DA:124,0
DA:126,0
DA:128,0
DA:132,0
DA:135,0
DA:140,0
DA:142,0
DA:145,0
DA:146,0
DA:149,0
DA:150,0
DA:151,0
DA:152,0
DA:159,0
DA:161,0
DA:165,0
DA:171,0
DA:172,0
DA:175,0
DA:183,0
DA:184,0
DA:185,0
DA:186,0
DA:188,0
DA:191,0
DA:204,0
DA:205,0
DA:206,0
DA:208,0
DA:211,0
DA:277,0
DA:278,0
DA:279,0
DA:280,0
DA:281,0
DA:288,0
DA:291,0
DA:297,0
DA:298,0
DA:299,0
DA:301,0
DA:304,0
DA:321,0
DA:322,0
DA:323,0
DA:325,0
DA:328,0
DA:338,0
DA:339,0
DA:340,0
DA:342,0
DA:345,0
DA:355,0
DA:356,0
DA:357,0
DA:359,0
DA:362,0
DA:369,0
DA:370,0
DA:371,0
DA:373,0
DA:376,0
DA:377,0
DA:378,0
DA:380,0
DA:391,0
DA:394,0
DA:405,0
DA:407,0
DA:418,0
DA:421,0
DA:432,0
DA:434,0
DA:445,0
DA:447,0
DA:450,0
DA:451,0
DA:452,0
DA:453,0
DA:454,0
DA:455,0
DA:456,0
DA:457,0
DA:459,0
DA:460,0
DA:461,0
DA:468,0
DA:469,0
DA:470,0
DA:471,0
DA:473,0
DA:474,0
DA:476,0
DA:495,0
DA:496,0
DA:504,0
DA:505,0
DA:506,0
DA:507,0
DA:508,0
DA:513,0
DA:517,0
DA:518,0
DA:519,0
DA:521,0
DA:522,0
DA:523,0
DA:524,0
DA:525,0
DA:526,0
DA:527,0
DA:528,0
DA:530,0
DA:531,0
DA:532,0
DA:539,0
DA:540,0
DA:541,0
DA:542,0
DA:543,0
DA:544,0
DA:546,0
DA:547,0
DA:549,0
DA:566,0
DA:567,0
DA:580,0
DA:592,0
DA:593,0
DA:594,0
DA:595,0
DA:601,0
DA:603,0
DA:605,0
DA:608,0
DA:609,0
DA:615,0
DA:616,0
DA:620,0
DA:621,0
DA:623,0
DA:637,0
DA:638,0
DA:639,0
DA:640,0
DA:643,0
DA:644,0
DA:647,0
DA:648,0
DA:661,0
DA:662,0
DA:663,0
DA:664,0
DA:665,0
DA:666,0
DA:668,0
DA:669,0
DA:683,0
DA:686,0
DA:687,0
DA:688,0
DA:689,0
DA:690,0
DA:691,0
DA:692,0
DA:693,0
DA:694,0
DA:695,0
DA:696,0
DA:697,0
DA:698,0
DA:699,0
DA:700,0
DA:701,0
DA:704,0
DA:705,0
DA:707,0
DA:708,0
DA:712,0
LF:252
LH:0
BRDA:49,0,0,0
BRDA:49,0,1,0
BRDA:50,1,0,0
BRDA:50,1,1,0
BRDA:51,2,0,0
BRDA:51,2,1,0
BRDA:52,3,0,0
BRDA:52,3,1,0
BRDA:53,4,0,0
BRDA:53,4,1,0
BRDA:77,5,0,0
BRDA:77,6,0,0
BRDA:126,7,0,0
BRDA:126,7,1,0
BRDA:151,8,0,0
BRDA:151,8,1,0
BRDA:279,9,0,0
BRDA:279,9,1,0
BRDA:455,10,0,0
BRDA:455,10,1,0
BRDA:469,11,0,0
BRDA:469,11,1,0
BRDA:486,12,0,0
BRDA:486,12,1,0
BRDA:487,13,0,0
BRDA:487,13,1,0
BRDA:488,14,0,0
BRDA:488,14,1,0
BRDA:504,15,0,0
BRDA:506,16,0,0
BRDA:525,17,0,0
BRDA:525,17,1,0
BRDA:526,18,0,0
BRDA:526,18,1,0
BRDA:535,19,0,0
BRDA:535,19,1,0
BRDA:540,20,0,0
BRDA:540,20,1,0
BRDA:542,21,0,0
BRDA:542,21,1,0
BRDA:551,22,0,0
BRDA:551,22,1,0
BRDA:553,23,0,0
BRDA:553,23,1,0
BRDA:560,24,0,0
BRDA:560,24,1,0
BRDA:592,25,0,0
BRDA:592,25,1,0
BRDA:599,26,0,0
BRDA:599,26,1,0
BRDA:601,27,0,0
BRDA:608,28,0,0
BRDA:663,29,0,0
BRDA:663,29,1,0
BRDA:665,30,0,0
BRDA:665,30,1,0
BRDA:674,31,0,0
BRDA:674,31,1,0
BRDA:675,32,0,0
BRDA:675,32,1,0
BRDA:677,33,0,0
BRDA:677,33,1,0
BRDA:679,34,0,0
BRDA:679,34,1,0
BRF:64
BRH:0
end_of_record
TN:
SF:src\scripts\sync-migrations.ts
FN:17,(anonymous_0)
FN:51,(anonymous_1)
FN:53,(anonymous_2)
FNF:3
FNH:0
FNDA:0,(anonymous_0)
FNDA:0,(anonymous_1)
FNDA:0,(anonymous_2)
DA:1,0
DA:2,0
DA:3,0
DA:6,0
DA:8,0
DA:17,0
DA:18,0
DA:19,0
DA:20,0
DA:22,0
DA:23,0
DA:26,0
DA:34,0
DA:35,0
DA:36,0
DA:47,0
DA:51,0
DA:52,0
DA:53,0
DA:54,0
DA:57,0
DA:64,0
DA:65,0
DA:66,0
DA:67,0
DA:71,0
DA:72,0
DA:76,0
DA:77,0
DA:79,0
DA:82,0
DA:83,0
DA:86,0
DA:87,0
DA:89,0
DA:90,0
LF:36
LH:0
BRDA:10,0,0,0
BRDA:10,0,1,0
BRDA:11,1,0,0
BRDA:11,1,1,0
BRDA:12,2,0,0
BRDA:12,2,1,0
BRDA:13,3,0,0
BRDA:13,3,1,0
BRDA:14,4,0,0
BRDA:14,4,1,0
BRDA:34,5,0,0
BRDA:66,6,0,0
BRDA:76,7,0,0
BRDA:76,7,1,0
BRDA:89,8,0,0
BRF:15
BRH:0
end_of_record
TN:
SF:src\test\factories\cash-register.factory.ts
FN:28,(anonymous_0)
FN:42,(anonymous_1)
FN:55,(anonymous_2)
FN:70,(anonymous_3)
FNF:4
FNH:0
FNDA:0,(anonymous_0)
FNDA:0,(anonymous_1)
FNDA:0,(anonymous_2)
FNDA:0,(anonymous_3)
DA:23,0
DA:28,0
DA:31,0
DA:32,0
DA:42,0
DA:45,0
DA:55,0
DA:59,0
DA:70,0
DA:71,0
LF:10
LH:0
BRDA:29,0,0,0
BRDA:43,1,0,0
BRDA:57,2,0,0
BRF:3
BRH:0
end_of_record
TN:
SF:src\test\factories\customer-account.factory.ts
FN:15,(anonymous_0)
FN:28,(anonymous_1)
FN:43,(anonymous_2)
FNF:3
FNH:0
FNDA:0,(anonymous_0)
FNDA:0,(anonymous_1)
FNDA:0,(anonymous_2)
DA:13,0
DA:15,0
DA:19,0
DA:20,0
DA:28,0
DA:33,0
DA:34,0
DA:43,0
DA:44,0
LF:9
LH:0
BRDA:17,0,0,0
BRDA:31,1,0,0
BRF:2
BRH:0
end_of_record
TN:
SF:src\test\factories\expense.factory.ts
FN:19,(anonymous_0)
FN:30,(anonymous_1)
FNF:2
FNH:0
FNDA:0,(anonymous_0)
FNDA:0,(anonymous_1)
DA:17,0
DA:19,0
DA:20,0
DA:21,0
DA:30,0
DA:31,0
LF:6
LH:0
BRDA:19,0,0,0
BRF:1
BRH:0
end_of_record
TN:
SF:src\test\factories\income.factory.ts
FN:21,(anonymous_0)
FN:33,(anonymous_1)
FNF:2
FNH:0
FNDA:0,(anonymous_0)
FNDA:0,(anonymous_1)
DA:19,0
DA:21,0
DA:22,0
DA:23,0
DA:33,0
DA:34,0
LF:6
LH:0
BRDA:21,0,0,0
BRF:1
BRH:0
end_of_record
TN:
SF:src\test\factories\index.ts
FNF:0
FNH:0
DA:1,0
DA:2,0
DA:3,0
DA:4,0
DA:5,0
DA:6,0
DA:7,0
LF:7
LH:0
BRF:0
BRH:0
end_of_record
TN:
SF:src\test\factories\product.factory.ts
FN:22,(anonymous_0)
FN:39,(anonymous_1)
FN:40,(anonymous_2)
FN:46,(anonymous_3)
FNF:4
FNH:0
FNDA:0,(anonymous_0)
FNDA:0,(anonymous_1)
FNDA:0,(anonymous_2)
FNDA:0,(anonymous_3)
DA:17,0
DA:22,0
DA:23,0
DA:24,0
DA:39,0
DA:40,0
DA:46,0
DA:47,0
LF:8
LH:0
BRDA:22,0,0,0
BRDA:39,1,0,0
BRF:2
BRH:0
end_of_record
TN:
SF:src\test\factories\sale.factory.ts
FN:25,(anonymous_0)
FN:39,(anonymous_1)
FN:56,(anonymous_2)
FNF:3
FNH:0
FNDA:0,(anonymous_0)
FNDA:0,(anonymous_1)
FNDA:0,(anonymous_2)
DA:20,0
DA:25,0
DA:28,0
DA:39,0
DA:43,0
DA:44,0
DA:56,0
DA:57,0
LF:8
LH:0
BRDA:27,0,0,0
BRDA:41,1,0,0
BRF:2
BRH:0
end_of_record
TN:
SF:src\test\factories\sale.mock.factory.ts
FN:13,(anonymous_0)
FN:57,(anonymous_1)
FN:80,(anonymous_2)
FNF:3
FNH:0
FNDA:0,(anonymous_0)
FNDA:0,(anonymous_1)
FNDA:0,(anonymous_2)
DA:4,0
DA:13,0
DA:14,0
DA:16,0
DA:39,0
DA:40,0
DA:43,0
DA:44,0
DA:47,0
DA:48,0
DA:51,0
DA:57,0
DA:58,0
DA:70,0
DA:71,0
DA:74,0
DA:80,0
DA:81,0
DA:89,0
DA:90,0
DA:93,0
LF:21
LH:0
BRDA:13,0,0,0
BRDA:39,1,0,0
BRDA:43,2,0,0
BRDA:47,3,0,0
BRDA:57,4,0,0
BRDA:70,5,0,0
BRDA:80,6,0,0
BRDA:89,7,0,0
BRF:8
BRH:0
end_of_record
TN:
SF:src\test\factories\user.factory.ts
FN:19,(anonymous_0)
FN:47,(anonymous_1)
FNF:2
FNH:0
FNDA:0,(anonymous_0)
FNDA:0,(anonymous_1)
DA:14,0
DA:19,0
DA:20,0
DA:21,0
DA:35,0
DA:47,0
DA:48,0
LF:7
LH:0
BRDA:19,0,0,0
BRF:1
BRH:0
end_of_record
