TN:
SF:src\modules\reports\reports.controller.ts
FN:13,(anonymous_4)
FN:20,(anonymous_5)
FN:29,(anonymous_6)
FN:42,(anonymous_7)
FN:55,(anonymous_8)
FN:68,(anonymous_9)
FN:82,(anonymous_10)
FN:95,(anonymous_11)
FN:109,(anonymous_12)
FN:122,(anonymous_13)
FNF:10
FNH:10
FNDA:12,(anonymous_4)
FNDA:1,(anonymous_5)
FNDA:2,(anonymous_6)
FNDA:1,(anonymous_7)
FNDA:1,(anonymous_8)
FNDA:2,(anonymous_9)
FNDA:1,(anonymous_10)
FNDA:1,(anonymous_11)
FNDA:1,(anonymous_12)
FNDA:1,(anonymous_13)
DA:5,1
DA:6,1
DA:7,1
DA:8,1
DA:12,1
DA:13,12
DA:20,1
DA:21,1
DA:29,1
DA:30,2
DA:42,1
DA:43,1
DA:55,1
DA:56,1
DA:68,1
DA:69,2
DA:82,1
DA:83,1
DA:95,1
DA:96,1
DA:109,1
DA:110,1
DA:122,1
DA:123,1
LF:24
LH:24
BRF:0
BRH:0
end_of_record
TN:
SF:src\modules\reports\reports.module.ts
FNF:0
FNH:0
DA:5,0
DA:6,0
DA:7,0
DA:8,0
DA:11,0
DA:12,0
DA:13,0
DA:14,0
DA:15,0
DA:16,0
DA:17,0
DA:18,0
DA:19,0
DA:20,0
DA:23,0
DA:24,0
DA:47,0
LF:17
LH:0
BRF:0
BRH:0
end_of_record
TN:
SF:src\modules\reports\reports.service.ts
FN:288,(anonymous_4)
FN:317,(anonymous_5)
FN:339,(anonymous_6)
FN:345,(anonymous_7)
FN:411,(anonymous_8)
FN:418,(anonymous_9)
FN:424,(anonymous_10)
FN:439,(anonymous_11)
FN:455,(anonymous_12)
FN:456,(anonymous_13)
FN:457,(anonymous_14)
FN:459,(anonymous_15)
FN:470,(anonymous_16)
FN:471,(anonymous_17)
FN:472,(anonymous_18)
FN:488,(anonymous_19)
FN:495,(anonymous_20)
FN:504,(anonymous_21)
FN:505,(anonymous_22)
FN:506,(anonymous_23)
FN:516,(anonymous_24)
FN:517,(anonymous_25)
FN:518,(anonymous_26)
FN:534,(anonymous_27)
FN:541,(anonymous_28)
FN:603,(anonymous_29)
FN:634,(anonymous_30)
FN:639,(anonymous_31)
FN:681,(anonymous_32)
FN:700,(anonymous_33)
FN:707,(anonymous_34)
FN:710,(anonymous_35)
FN:718,(anonymous_36)
FN:730,(anonymous_37)
FN:735,(anonymous_38)
FN:742,(anonymous_39)
FN:789,(anonymous_40)
FN:802,(anonymous_41)
FN:812,(anonymous_42)
FN:829,(anonymous_43)
FN:830,(anonymous_44)
FN:831,(anonymous_45)
FN:832,(anonymous_46)
FN:833,(anonymous_47)
FN:836,(anonymous_48)
FN:838,(anonymous_49)
FN:839,(anonymous_50)
FN:867,(anonymous_51)
FN:914,(anonymous_52)
FN:924,(anonymous_53)
FN:932,(anonymous_54)
FN:949,(anonymous_55)
FN:950,(anonymous_56)
FN:951,(anonymous_57)
FN:952,(anonymous_58)
FN:955,(anonymous_59)
FN:963,(anonymous_60)
FN:974,(anonymous_61)
FN:984,(anonymous_62)
FN:1016,(anonymous_63)
FN:1045,(anonymous_64)
FN:1046,(anonymous_65)
FN:1062,(anonymous_66)
FN:1069,(anonymous_67)
FN:1089,(anonymous_68)
FN:1090,(anonymous_69)
FN:1120,(anonymous_70)
FN:1153,(anonymous_71)
FN:1154,(anonymous_72)
FN:1155,(anonymous_73)
FN:1197,(anonymous_74)
FN:1198,(anonymous_75)
FN:1223,(anonymous_76)
FN:1282,(anonymous_77)
FN:1282,(anonymous_78)
FN:1283,(anonymous_79)
FN:1284,(anonymous_80)
FN:1294,(anonymous_81)
FN:1344,(anonymous_82)
FN:1344,(anonymous_83)
FN:1345,(anonymous_84)
FN:1345,(anonymous_85)
FN:1346,(anonymous_86)
FN:1347,(anonymous_87)
FN:1411,(anonymous_88)
FN:1411,(anonymous_89)
FN:1412,(anonymous_90)
FN:1412,(anonymous_91)
FN:1413,(anonymous_92)
FN:1414,(anonymous_93)
FN:1415,(anonymous_94)
FN:1427,(anonymous_95)
FN:1428,(anonymous_96)
FN:1429,(anonymous_97)
FN:1433,(anonymous_98)
FN:1434,(anonymous_99)
FN:1463,(anonymous_100)
FN:1477,(anonymous_101)
FN:1529,(anonymous_102)
FNF:99
FNH:90
FNDA:55,(anonymous_4)
FNDA:59,(anonymous_5)
FNDA:39,(anonymous_6)
FNDA:17,(anonymous_7)
FNDA:31,(anonymous_8)
FNDA:25,(anonymous_9)
FNDA:11,(anonymous_10)
FNDA:25,(anonymous_11)
FNDA:8,(anonymous_12)
FNDA:8,(anonymous_13)
FNDA:8,(anonymous_14)
FNDA:6,(anonymous_15)
FNDA:2,(anonymous_16)
FNDA:2,(anonymous_17)
FNDA:2,(anonymous_18)
FNDA:2,(anonymous_19)
FNDA:0,(anonymous_20)
FNDA:6,(anonymous_21)
FNDA:6,(anonymous_22)
FNDA:5,(anonymous_23)
FNDA:9,(anonymous_24)
FNDA:9,(anonymous_25)
FNDA:8,(anonymous_26)
FNDA:7,(anonymous_27)
FNDA:1,(anonymous_28)
FNDA:9,(anonymous_29)
FNDA:13,(anonymous_30)
FNDA:1,(anonymous_31)
FNDA:9,(anonymous_32)
FNDA:2,(anonymous_33)
FNDA:1,(anonymous_34)
FNDA:9,(anonymous_35)
FNDA:9,(anonymous_36)
FNDA:8,(anonymous_37)
FNDA:1,(anonymous_38)
FNDA:11,(anonymous_39)
FNDA:10,(anonymous_40)
FNDA:6,(anonymous_41)
FNDA:3,(anonymous_42)
FNDA:108,(anonymous_43)
FNDA:108,(anonymous_44)
FNDA:108,(anonymous_45)
FNDA:108,(anonymous_46)
FNDA:108,(anonymous_47)
FNDA:0,(anonymous_48)
FNDA:108,(anonymous_49)
FNDA:106,(anonymous_50)
FNDA:5,(anonymous_51)
FNDA:1,(anonymous_52)
FNDA:0,(anonymous_53)
FNDA:2,(anonymous_54)
FNDA:3,(anonymous_55)
FNDA:3,(anonymous_56)
FNDA:3,(anonymous_57)
FNDA:3,(anonymous_58)
FNDA:2,(anonymous_59)
FNDA:1,(anonymous_60)
FNDA:1,(anonymous_61)
FNDA:0,(anonymous_62)
FNDA:2,(anonymous_63)
FNDA:4,(anonymous_64)
FNDA:0,(anonymous_65)
FNDA:2,(anonymous_66)
FNDA:0,(anonymous_67)
FNDA:0,(anonymous_68)
FNDA:0,(anonymous_69)
FNDA:3,(anonymous_70)
FNDA:4,(anonymous_71)
FNDA:1,(anonymous_72)
FNDA:1,(anonymous_73)
FNDA:62,(anonymous_74)
FNDA:65,(anonymous_75)
FNDA:3,(anonymous_76)
FNDA:1,(anonymous_77)
FNDA:1,(anonymous_78)
FNDA:1,(anonymous_79)
FNDA:1,(anonymous_80)
FNDA:1,(anonymous_81)
FNDA:1,(anonymous_82)
FNDA:1,(anonymous_83)
FNDA:1,(anonymous_84)
FNDA:1,(anonymous_85)
FNDA:1,(anonymous_86)
FNDA:1,(anonymous_87)
FNDA:1,(anonymous_88)
FNDA:1,(anonymous_89)
FNDA:1,(anonymous_90)
FNDA:1,(anonymous_91)
FNDA:1,(anonymous_92)
FNDA:1,(anonymous_93)
FNDA:1,(anonymous_94)
FNDA:2,(anonymous_95)
FNDA:2,(anonymous_96)
FNDA:2,(anonymous_97)
FNDA:1,(anonymous_98)
FNDA:1,(anonymous_99)
FNDA:7,(anonymous_100)
FNDA:12,(anonymous_101)
FNDA:0,(anonymous_102)
DA:5,3
DA:6,3
DA:7,3
DA:8,3
DA:9,3
DA:10,3
DA:11,3
DA:12,3
DA:13,3
DA:14,3
DA:15,3
DA:16,3
DA:17,3
DA:18,3
DA:19,3
DA:20,3
DA:287,3
DA:290,55
DA:292,55
DA:294,55
DA:296,55
DA:298,55
DA:300,55
DA:302,55
DA:304,55
DA:306,55
DA:308,55
DA:309,55
DA:310,55
DA:322,59
DA:323,59
DA:324,17
DA:327,42
DA:328,4
DA:329,4
DA:330,4
DA:331,4
DA:332,4
DA:336,38
DA:340,39
DA:341,39
DA:342,39
DA:346,17
DA:348,2
DA:349,2
DA:350,2
DA:353,1
DA:354,1
DA:355,1
DA:358,7
DA:359,7
DA:360,7
DA:361,7
DA:362,7
DA:365,1
DA:366,1
DA:367,1
DA:368,1
DA:369,1
DA:370,1
DA:371,1
DA:374,1
DA:377,1
DA:378,1
DA:379,1
DA:382,1
DA:383,1
DA:384,1
DA:385,1
DA:388,1
DA:389,1
DA:390,1
DA:391,1
DA:392,1
DA:393,1
DA:396,1
DA:397,1
DA:398,1
DA:401,1
DA:402,1
DA:403,1
DA:406,0
DA:412,31
DA:413,3
DA:415,28
DA:419,25
DA:420,21
DA:421,17
DA:425,11
DA:426,11
DA:427,11
DA:428,11
DA:429,11
DA:430,11
DA:431,11
DA:432,11
DA:444,25
DA:445,25
DA:446,25
DA:449,25
DA:455,25
DA:456,25
DA:457,25
DA:459,25
DA:460,25
DA:463,25
DA:470,25
DA:471,25
DA:472,25
DA:475,25
DA:476,25
DA:477,2
DA:478,2
DA:479,2
DA:480,2
DA:482,2
DA:483,2
DA:484,2
DA:487,25
DA:488,2
DA:495,0
DA:498,25
DA:504,25
DA:505,25
DA:506,25
DA:509,25
DA:516,25
DA:517,25
DA:518,25
DA:521,25
DA:522,25
DA:523,8
DA:524,8
DA:525,8
DA:526,7
DA:528,8
DA:529,8
DA:530,8
DA:533,25
DA:534,7
DA:541,1
DA:544,25
DA:545,25
DA:546,25
DA:547,25
DA:548,25
DA:549,25
DA:550,25
DA:552,25
DA:608,9
DA:609,9
DA:610,9
DA:611,9
DA:612,9
DA:613,9
DA:616,9
DA:626,9
DA:634,13
DA:635,9
DA:636,9
DA:639,9
DA:640,9
DA:641,9
DA:644,9
DA:645,9
DA:646,9
DA:649,9
DA:652,9
DA:655,9
DA:657,9
DA:685,9
DA:687,9
DA:688,13
DA:689,3
DA:690,3
DA:692,3
DA:693,3
DA:694,3
DA:695,3
DA:699,9
DA:700,2
DA:707,1
DA:711,9
DA:712,9
DA:713,13
DA:715,9
DA:719,9
DA:721,9
DA:722,13
DA:723,13
DA:724,13
DA:725,13
DA:726,13
DA:729,9
DA:730,8
DA:735,1
DA:748,11
DA:749,11
DA:750,11
DA:753,11
DA:763,11
DA:770,11
DA:771,11
DA:772,11
DA:773,11
DA:774,10
DA:781,11
DA:782,11
DA:783,11
DA:784,11
DA:788,11
DA:790,10
DA:791,10
DA:802,6
DA:805,11
DA:817,3
DA:820,3
DA:823,3
DA:824,3
DA:828,3
DA:829,108
DA:830,108
DA:831,108
DA:832,108
DA:833,108
DA:836,3
DA:837,3
DA:838,108
DA:839,106
DA:848,3
DA:873,5
DA:874,5
DA:875,5
DA:877,5
DA:887,5
DA:894,5
DA:895,10
DA:896,2
DA:897,2
DA:898,1
DA:905,2
DA:906,2
DA:907,2
DA:908,2
DA:909,1
DA:913,5
DA:914,1
DA:924,0
DA:937,2
DA:938,2
DA:939,2
DA:942,2
DA:945,2
DA:949,3
DA:950,3
DA:951,3
DA:952,3
DA:954,2
DA:955,2
DA:963,1
DA:967,2
DA:974,2
DA:977,2
DA:984,2
DA:986,2
DA:987,2
DA:988,2
DA:989,1
DA:990,0
DA:992,1
DA:996,2
DA:1021,2
DA:1022,2
DA:1023,2
DA:1024,2
DA:1025,2
DA:1026,2
DA:1029,2
DA:1038,2
DA:1045,4
DA:1046,2
DA:1049,2
DA:1050,2
DA:1051,4
DA:1052,4
DA:1053,4
DA:1054,2
DA:1056,4
DA:1057,4
DA:1058,4
DA:1061,2
DA:1062,2
DA:1069,0
DA:1072,2
DA:1073,2
DA:1074,2
DA:1081,2
DA:1082,2
DA:1083,0
DA:1084,0
DA:1085,0
DA:1088,2
DA:1089,0
DA:1090,0
DA:1093,2
DA:1094,2
DA:1096,2
DA:1125,3
DA:1126,3
DA:1127,3
DA:1130,3
DA:1138,3
DA:1145,3
DA:1153,4
DA:1154,3
DA:1155,3
DA:1156,3
DA:1157,3
DA:1160,3
DA:1163,3
DA:1164,3
DA:1165,65
DA:1166,65
DA:1167,65
DA:1171,3
DA:1172,4
DA:1173,4
DA:1174,4
DA:1179,3
DA:1180,1
DA:1181,1
DA:1182,1
DA:1187,3
DA:1188,1
DA:1189,1
DA:1190,1
DA:1195,3
DA:1196,3
DA:1197,62
DA:1199,65
DA:1200,65
DA:1201,65
DA:1210,3
DA:1224,3
DA:1227,3
DA:1228,3
DA:1230,3
DA:1231,3
DA:1232,3
DA:1233,3
DA:1234,3
DA:1236,3
DA:1237,3
DA:1238,3
DA:1239,3
DA:1240,3
DA:1241,3
DA:1243,3
DA:1244,3
DA:1245,3
DA:1246,3
DA:1248,3
DA:1249,3
DA:1250,3
DA:1251,3
DA:1254,3
DA:1261,3
DA:1268,3
DA:1275,3
DA:1282,3
DA:1283,3
DA:1284,3
DA:1287,3
DA:1294,3
DA:1299,3
DA:1302,3
DA:1309,3
DA:1316,3
DA:1323,3
DA:1330,3
DA:1337,3
DA:1344,3
DA:1345,3
DA:1346,3
DA:1347,3
DA:1349,3
DA:1360,3
DA:1367,3
DA:1374,3
DA:1381,3
DA:1388,3
DA:1395,3
DA:1402,3
DA:1411,3
DA:1412,3
DA:1413,3
DA:1414,3
DA:1415,3
DA:1421,3
DA:1424,3
DA:1425,3
DA:1426,3
DA:1427,3
DA:1428,3
DA:1429,3
DA:1432,3
DA:1433,3
DA:1434,3
DA:1437,3
DA:1438,3
DA:1448,3
DA:1449,3
DA:1450,21
DA:1451,21
DA:1452,21
DA:1454,21
DA:1461,21
DA:1463,7
DA:1469,3
DA:1477,3
DA:1478,12
DA:1479,4
DA:1482,3
DA:1529,0
LF:424
LH:413
BRDA:323,0,0,17
BRDA:323,1,0,59
BRDA:323,1,1,18
BRDA:327,2,0,4
BRDA:327,3,0,42
BRDA:327,3,1,4
BRDA:346,4,0,2
BRDA:346,4,1,1
BRDA:346,4,2,7
BRDA:346,4,3,1
BRDA:346,4,4,1
BRDA:346,4,5,1
BRDA:346,4,6,1
BRDA:346,4,7,1
BRDA:346,4,8,1
BRDA:346,4,9,1
BRDA:346,4,10,0
BRDA:359,5,0,1
BRDA:359,5,1,6
BRDA:366,6,0,0
BRDA:366,6,1,1
BRDA:389,7,0,1
BRDA:389,7,1,0
BRDA:390,8,0,1
BRDA:390,8,1,0
BRDA:412,9,0,3
BRDA:415,10,0,22
BRDA:415,10,1,6
BRDA:419,11,0,4
BRDA:420,12,0,4
BRDA:460,13,0,6
BRDA:460,13,1,19
BRDA:477,14,0,2
BRDA:477,14,1,2
BRDA:478,15,0,2
BRDA:478,15,1,2
BRDA:479,16,0,2
BRDA:489,17,0,2
BRDA:489,17,1,0
BRDA:493,18,0,2
BRDA:493,18,1,0
BRDA:523,19,0,8
BRDA:523,19,1,6
BRDA:524,20,0,8
BRDA:524,20,1,6
BRDA:525,21,0,7
BRDA:535,22,0,6
BRDA:535,22,1,1
BRDA:539,23,0,7
BRDA:539,23,1,0
BRDA:546,24,0,6
BRDA:546,24,1,19
BRDA:548,25,0,6
BRDA:548,25,1,19
BRDA:550,26,0,7
BRDA:550,26,1,18
BRDA:636,27,0,7
BRDA:636,27,1,2
BRDA:641,28,0,1
BRDA:641,28,1,8
BRDA:688,29,0,13
BRDA:688,29,1,2
BRDA:689,30,0,3
BRDA:689,30,1,0
BRDA:690,31,0,3
BRDA:690,31,1,0
BRDA:692,32,0,3
BRDA:692,32,1,2
BRDA:705,33,0,2
BRDA:705,33,1,0
BRDA:713,34,0,13
BRDA:713,34,1,9
BRDA:723,35,0,13
BRDA:723,35,1,8
BRDA:746,36,0,4
BRDA:771,37,0,0
BRDA:773,38,0,10
BRDA:794,39,0,10
BRDA:794,39,1,0
BRDA:799,40,0,10
BRDA:799,40,1,0
BRDA:831,41,0,108
BRDA:831,41,1,106
BRDA:838,42,0,108
BRDA:838,42,1,108
BRDA:871,43,0,3
BRDA:895,44,0,8
BRDA:897,45,0,1
BRDA:908,46,0,1
BRDA:921,47,0,1
BRDA:921,47,1,0
BRDA:957,48,0,2
BRDA:957,48,1,0
BRDA:989,49,0,0
BRDA:989,49,1,1
BRDA:1003,50,0,1
BRDA:1003,50,1,1
BRDA:1051,51,0,4
BRDA:1051,51,1,4
BRDA:1052,52,0,4
BRDA:1052,52,1,4
BRDA:1053,53,0,2
BRDA:1063,54,0,2
BRDA:1063,54,1,0
BRDA:1067,55,0,2
BRDA:1067,55,1,0
BRDA:1085,56,0,0
BRDA:1085,56,1,0
BRDA:1173,57,0,4
BRDA:1181,58,0,1
BRDA:1189,59,0,1
BRDA:1232,60,0,0
BRDA:1232,60,1,3
BRDA:1427,61,0,2
BRDA:1427,61,1,1
BRDA:1440,62,0,0
BRDA:1440,62,1,3
BRDA:1443,63,0,3
BRDA:1443,63,1,3
BRDA:1444,64,0,3
BRDA:1444,64,1,3
BRDA:1478,65,0,8
BRDA:1478,66,0,0
BRDA:1478,66,1,8
BRDA:1513,67,0,1
BRDA:1513,67,1,2
BRF:126
BRH:103
end_of_record
TN:
SF:src\modules\reports\__tests__\mocks\index.ts
FNF:0
FNH:0
DA:4,2
DA:5,2
LF:2
LH:2
BRF:0
BRH:0
end_of_record
TN:
SF:src\modules\reports\__tests__\mocks\repositories.mock.ts
FN:43,createMockQueryBuilder
FN:68,updateMockQueryBuilderData
FN:98,createMockRepository
FN:105,(anonymous_3)
FN:106,(anonymous_4)
FN:139,createMockCashRegisterService
FN:145,mockOpenCashRegister
FN:172,createMockConfigurationService
FN:198,createAllMockRepositories
FN:223,configureQueryBuilderByCondition
FN:231,(anonymous_10)
FN:238,(anonymous_11)
FN:245,(anonymous_12)
FN:255,resetAllMocks
FN:256,(anonymous_14)
FN:258,(anonymous_15)
FNF:16
FNH:8
FNDA:550,createMockQueryBuilder
FNDA:0,updateMockQueryBuilderData
FNDA:550,createMockRepository
FNDA:0,(anonymous_3)
FNDA:0,(anonymous_4)
FNDA:55,createMockCashRegisterService
FNDA:0,mockOpenCashRegister
FNDA:55,createMockConfigurationService
FNDA:55,createAllMockRepositories
FNDA:0,configureQueryBuilderByCondition
FNDA:0,(anonymous_10)
FNDA:0,(anonymous_11)
FNDA:0,(anonymous_12)
FNDA:55,resetAllMocks
FNDA:660,(anonymous_14)
FNDA:6215,(anonymous_15)
DA:43,2
DA:44,550
DA:65,550
DA:68,2
DA:72,0
DA:73,0
DA:74,0
DA:75,0
DA:76,0
DA:77,0
DA:98,2
DA:99,550
DA:101,550
DA:105,0
DA:106,0
DA:139,2
DA:140,55
DA:145,2
DA:156,0
DA:172,2
DA:173,55
DA:198,2
DA:199,55
DA:223,2
DA:227,0
DA:229,0
DA:231,0
DA:232,0
DA:233,0
DA:235,0
DA:238,0
DA:239,0
DA:240,0
DA:242,0
DA:245,0
DA:246,0
DA:247,0
DA:248,0
DA:255,2
DA:256,55
DA:257,660
DA:258,660
DA:259,6215
DA:260,5665
LF:44
LH:21
BRDA:43,0,0,0
BRDA:50,1,0,550
BRDA:50,1,1,550
BRDA:61,2,0,550
BRDA:61,2,1,550
BRDA:74,3,0,0
BRDA:74,3,1,0
BRDA:77,4,0,0
BRDA:77,4,1,0
BRDA:98,5,0,550
BRDA:103,6,0,550
BRDA:103,6,1,550
BRDA:104,7,0,550
BRDA:104,7,1,550
BRDA:232,8,0,0
BRDA:239,9,0,0
BRDA:257,10,0,660
BRDA:257,11,0,660
BRDA:257,11,1,660
BRDA:259,12,0,5665
BRDA:259,13,0,6215
BRDA:259,13,1,5665
BRF:22
BRH:15
end_of_record
TN:
SF:src\modules\reports\__tests__\mocks\test-data.factory.ts
FN:20,createMockSale
FN:53,createMockSaleItem
FN:75,createMockSalePayment
FN:99,createMockPurchase
FN:132,createMockExpense
FN:159,createMockIncome
FN:189,createMockProduct
FN:216,createMockCustomer
FN:246,createMockCustomerAccount
FN:271,createMockAccountMovement
FN:298,createSalesWithPayments
FN:307,(anonymous_11)
FN:329,createExpensesWithCategory
FN:339,(anonymous_13)
FN:353,createProductsWithStock
FN:363,(anonymous_15)
FN:386,getDateString
FN:390,createDateAtMidnight
FN:394,createDateAtEndOfDay
FN:398,daysAgo
FN:404,monthsAgo
FNF:21
FNH:10
FNDA:32,createMockSale
FNDA:0,createMockSaleItem
FNDA:3,createMockSalePayment
FNDA:5,createMockPurchase
FNDA:13,createMockExpense
FNDA:3,createMockIncome
FNDA:121,createMockProduct
FNDA:6,createMockCustomer
FNDA:4,createMockCustomerAccount
FNDA:1,createMockAccountMovement
FNDA:0,createSalesWithPayments
FNDA:0,(anonymous_11)
FNDA:0,createExpensesWithCategory
FNDA:0,(anonymous_13)
FNDA:0,createProductsWithStock
FNDA:0,(anonymous_15)
FNDA:5,getDateString
FNDA:0,createDateAtMidnight
FNDA:0,createDateAtEndOfDay
FNDA:0,daysAgo
FNDA:0,monthsAgo
DA:5,2
DA:6,2
DA:7,2
DA:8,2
DA:9,2
DA:10,2
DA:11,2
DA:12,2
DA:13,2
DA:14,2
DA:20,2
DA:21,32
DA:22,32
DA:50,32
DA:53,2
DA:54,0
DA:55,0
DA:72,0
DA:75,2
DA:76,3
DA:77,3
DA:92,3
DA:99,2
DA:100,5
DA:101,5
DA:125,5
DA:132,2
DA:133,13
DA:134,13
DA:152,13
DA:159,2
DA:160,3
DA:161,3
DA:182,3
DA:189,2
DA:190,121
DA:191,121
DA:209,121
DA:216,2
DA:217,6
DA:218,6
DA:239,6
DA:246,2
DA:247,4
DA:248,4
DA:264,4
DA:271,2
DA:272,1
DA:273,1
DA:291,1
DA:298,2
DA:307,0
DA:308,0
DA:309,0
DA:311,0
DA:329,2
DA:339,0
DA:340,0
DA:353,2
DA:361,0
DA:363,0
DA:364,0
DA:366,0
DA:367,0
DA:368,0
DA:369,0
DA:372,0
DA:386,2
DA:387,5
DA:390,2
DA:391,0
DA:394,2
DA:395,0
DA:398,2
DA:399,0
DA:400,0
DA:401,0
DA:404,2
DA:405,0
DA:406,0
DA:407,0
LF:81
LH:56
BRDA:20,0,0,0
BRDA:53,1,0,0
BRDA:75,2,0,0
BRDA:99,3,0,0
BRDA:132,4,0,0
BRDA:159,5,0,0
BRDA:189,6,0,0
BRDA:216,7,0,0
BRDA:246,8,0,0
BRDA:271,9,0,0
BRDA:300,10,0,0
BRDA:308,11,0,0
BRDA:308,11,1,0
BRDA:309,12,0,0
BRDA:309,12,1,0
BRDA:315,13,0,0
BRDA:315,13,1,0
BRDA:316,14,0,0
BRDA:316,14,1,0
BRDA:317,15,0,0
BRDA:317,15,1,0
BRDA:331,16,0,0
BRDA:342,17,0,0
BRDA:342,17,1,0
BRDA:343,18,0,0
BRDA:343,18,1,0
BRDA:344,19,0,0
BRDA:344,19,1,0
BRDA:345,20,0,0
BRDA:345,20,1,0
BRDA:346,21,0,0
BRDA:346,21,1,0
BRDA:347,22,0,0
BRDA:347,22,1,0
BRDA:355,23,0,0
BRDA:361,24,0,0
BRDA:361,24,1,0
BRDA:366,25,0,0
BRDA:366,25,1,0
BRDA:366,26,0,0
BRDA:366,26,1,0
BRDA:368,27,0,0
BRDA:368,28,0,0
BRDA:368,28,1,0
BRDA:398,29,0,0
BRDA:404,30,0,0
BRF:46
BRH:0
end_of_record
TN:
SF:src\modules\reports\dto\index.ts
FNF:0
FNH:0
DA:1,3
LF:1
LH:1
BRF:0
BRH:0
end_of_record
TN:
SF:src\modules\reports\dto\report-filters.dto.ts
FN:7,(anonymous_2)
FN:40,(anonymous_3)
FN:49,(anonymous_4)
FNF:3
FNH:1
FNDA:3,(anonymous_2)
FNDA:0,(anonymous_3)
FNDA:0,(anonymous_4)
DA:4,3
DA:5,3
DA:7,3
DA:8,3
DA:9,3
DA:10,3
DA:11,3
DA:12,3
DA:13,3
DA:14,3
DA:15,3
DA:16,3
DA:17,3
DA:18,3
DA:21,3
DA:24,3
DA:28,3
DA:32,3
DA:35,3
DA:40,0
DA:41,3
DA:44,3
DA:49,0
DA:50,3
LF:24
LH:22
BRDA:7,0,0,3
BRDA:7,0,1,3
BRF:2
BRH:2
end_of_record
